[WARNING] Unable to find the root directory. Create a .mvn directory in the root directory or add the root="true" attribute on the root project's model to identify it.
[INFO] Scanning for projects...
[INFO] Loaded 22092 auto-discovered prefixes for remote repository central (prefixes-central.txt)
[INFO] 
[INFO] --< com.azure.servicebus.largemessage:azure-servicebus-large-message-client >--
[INFO] Building Azure Service Bus Large Message Client 1.0.0-SNAPSHOT
[INFO]   from pom.xml
[INFO] --------------------------------[ jar ]---------------------------------
[WARNING] Could not transfer metadata /.meta/prefixes.txt from/to apache.snapshots-c1d4c55f9308e5ac18a4069bed41dca64d85c515 (https://repository.apache.org/snapshots): HTTP connect timed out
[WARNING] Version not locked for default bindings plugins [maven-resources-plugin], you should define versions in pluginManagement section of your pom.xml or parent
[INFO] Loaded 22092 auto-discovered prefixes for remote repository maven_central (prefixes-maven_central-6796a36b52d2535b4566f823cedfe43d83a8fd07.txt)
[WARNING] Could not transfer metadata /.meta/prefixes.txt from/to shibboleth-repo-b15964db2009ee6a55f6d311cdd7a63fd4592459 (https://build.shibboleth.net/nexus/content/repositories/releases/): Checksum validation failed, no checksums available
[INFO] 
[INFO] --- resources:3.3.1:resources (default-resources) @ azure-servicebus-large-message-client ---
[INFO] Copying 2 resources from src/main/resources to target/classes
[INFO] 
[INFO] --- compiler:3.15.0:compile (default-compile) @ azure-servicebus-large-message-client ---
[INFO] Nothing to compile - all classes are up to date.
[INFO] 
[INFO] --- resources:3.3.1:testResources (default-testResources) @ azure-servicebus-large-message-client ---
[INFO] Copying 1 resource from src/test/resources to target/test-classes
[INFO] 
[INFO] --- compiler:3.15.0:testCompile (default-testCompile) @ azure-servicebus-large-message-client ---
[INFO] Nothing to compile - all classes are up to date.
[INFO] 
[INFO] --- surefire:3.0.0:test (default-test) @ azure-servicebus-large-message-client ---
[INFO] Using auto detected provider org.apache.maven.surefire.junitplatform.JUnitPlatformProvider
[INFO] 
[INFO] -------------------------------------------------------
[INFO]  T E S T S
[INFO] -------------------------------------------------------
[INFO] Running com.azure.servicebus.largemessage.client.AzureServiceBusLargeMessageClientTest
[WARNING] [stderr] WARNING: A Java agent has been loaded dynamically (/home/codespace/.m2/repository/net/bytebuddy/byte-buddy-agent/1.14.10/byte-buddy-agent-1.14.10.jar)
[WARNING] [stderr] WARNING: If a serviceability tool is in use, please run with -XX:+EnableDynamicAgentLoading to hide this warning
[WARNING] [stderr] WARNING: If a serviceability tool is not in use, please run with -Djdk.instrument.traceUsage for more information
[WARNING] [stderr] WARNING: Dynamic loading of agents will be disallowed by default in a future release
[WARNING] [stderr] OpenJDK 64-Bit Server VM warning: Sharing is only supported for boot loader classes because bootstrap classpath has been appended
[INFO] [stdout] 17:41:22.501 [main] INFO com.azure.servicebus.largemessage.client.AzureServiceBusLargeMessageClient -- AzureServiceBusLargeMessageClient initialized with provided clients
[INFO] [stdout] 17:41:23.024 [main] INFO com.azure.servicebus.largemessage.client.AzureServiceBusLargeMessageClient -- AzureServiceBusLargeMessageClient initialized with provided clients
[INFO] [stdout] 17:41:23.037 [main] INFO com.azure.servicebus.largemessage.client.AzureServiceBusLargeMessageClient -- AzureServiceBusLargeMessageClient initialized with provided clients
[INFO] [stdout] 17:41:23.049 [main] INFO com.azure.servicebus.largemessage.client.AzureServiceBusLargeMessageClient -- AzureServiceBusLargeMessageClient initialized with provided clients
[INFO] [stdout] 17:41:23.126 [main] INFO com.azure.servicebus.largemessage.client.AzureServiceBusLargeMessageClient -- AzureServiceBusLargeMessageClient initialized with provided clients
[INFO] [stdout] 17:41:23.133 [main] WARN com.azure.servicebus.largemessage.util.RetryHandler -- Operation failed on attempt 1/3. Retrying after 905 ms. Error: Transient failure 1
[INFO] [stdout] 17:41:24.040 [main] WARN com.azure.servicebus.largemessage.util.RetryHandler -- Operation failed on attempt 2/3. Retrying after 2020 ms. Error: Transient failure 2
[INFO] [stdout] 17:41:26.073 [main] INFO com.azure.servicebus.largemessage.client.AzureServiceBusLargeMessageClient -- AzureServiceBusLargeMessageClient initialized with provided clients
[INFO] [stdout] 17:41:26.081 [main] INFO com.azure.servicebus.largemessage.client.AzureServiceBusLargeMessageClient -- AzureServiceBusLargeMessageClient initialized with provided clients
[INFO] [stdout] 17:41:26.087 [main] INFO com.azure.servicebus.largemessage.client.AzureServiceBusLargeMessageClient -- AzureServiceBusLargeMessageClient initialized with provided clients
[INFO] [stdout] 17:41:26.094 [main] INFO com.azure.servicebus.largemessage.client.AzureServiceBusLargeMessageClient -- AzureServiceBusLargeMessageClient initialized with provided clients
[INFO] [stdout] 17:41:26.104 [main] INFO com.azure.servicebus.largemessage.client.AzureServiceBusLargeMessageClient -- AzureServiceBusLargeMessageClient initialized with provided clients
[INFO] [stdout] 17:41:26.106 [main] INFO com.azure.servicebus.largemessage.client.AzureServiceBusLargeMessageClient -- AzureServiceBusLargeMessageClient initialized with provided clients
[INFO] [stdout] 17:41:26.107 [main] WARN com.azure.servicebus.largemessage.util.RetryHandler -- Operation failed on attempt 1/3. Retrying after 764 ms. Error: Transient blob failure 1
[INFO] [stdout] 17:41:26.872 [main] WARN com.azure.servicebus.largemessage.util.RetryHandler -- Operation failed on attempt 2/3. Retrying after 2083 ms. Error: Transient blob failure 2
[INFO] [stdout] 17:41:28.963 [main] INFO com.azure.servicebus.largemessage.client.AzureServiceBusLargeMessageClient -- AzureServiceBusLargeMessageClient initialized with provided clients
[INFO] [stdout] 17:41:28.966 [main] INFO com.azure.servicebus.largemessage.client.AzureServiceBusLargeMessageClient -- AzureServiceBusLargeMessageClient initialized with provided clients
[INFO] [stdout] 17:41:28.972 [main] WARN com.azure.servicebus.largemessage.util.RetryHandler -- Operation failed on attempt 1/3. Retrying after 1245 ms. Error: Persistent failure
[INFO] [stdout] 17:41:30.218 [main] WARN com.azure.servicebus.largemessage.util.RetryHandler -- Operation failed on attempt 2/3. Retrying after 2379 ms. Error: Persistent failure
[INFO] [stdout] 17:41:32.598 [main] ERROR com.azure.servicebus.largemessage.util.RetryHandler -- Operation failed after 3 attempts
[INFO] [stdout] java.lang.RuntimeException: Persistent failure
[INFO] [stdout] 	at com.azure.messaging.servicebus.ServiceBusSenderClient.sendMessage(ServiceBusSenderClient.java:265)
[INFO] [stdout] 	at com.azure.servicebus.largemessage.client.AzureServiceBusLargeMessageClient.lambda$0(AzureServiceBusLargeMessageClient.java:243)
[INFO] [stdout] 	at com.azure.servicebus.largemessage.util.RetryHandler.lambda$executeWithRetry$0(RetryHandler.java:90)
[INFO] [stdout] 	at com.azure.servicebus.largemessage.util.RetryHandler.executeWithRetry(RetryHandler.java:58)
[INFO] [stdout] 	at com.azure.servicebus.largemessage.util.RetryHandler.executeWithRetry(RetryHandler.java:89)
[INFO] [stdout] 	at com.azure.servicebus.largemessage.client.AzureServiceBusLargeMessageClient.sendMessage(AzureServiceBusLargeMessageClient.java:158)
[INFO] [stdout] 	at com.azure.servicebus.largemessage.client.AzureServiceBusLargeMessageClient.sendMessage(AzureServiceBusLargeMessageClient.java:129)
[INFO] [stdout] 	at com.azure.servicebus.largemessage.client.AzureServiceBusLargeMessageClient.sendMessage(AzureServiceBusLargeMessageClient.java:119)
[INFO] [stdout] 	at com.azure.servicebus.largemessage.client.AzureServiceBusLargeMessageClientTest.lambda$testSendMessage_failsAfterMaxRetries$0(AzureServiceBusLargeMessageClientTest.java:301)
[INFO] [stdout] 	at org.junit.jupiter.api.AssertThrows.assertThrows(AssertThrows.java:53)
[INFO] [stdout] 	at org.junit.jupiter.api.AssertThrows.assertThrows(AssertThrows.java:35)
[INFO] [stdout] 	at org.junit.jupiter.api.Assertions.assertThrows(Assertions.java:3115)
[INFO] [stdout] 	at com.azure.servicebus.largemessage.client.AzureServiceBusLargeMessageClientTest.testSendMessage_failsAfterMaxRetries(AzureServiceBusLargeMessageClientTest.java:301)
[INFO] [stdout] 	at java.base/jdk.internal.reflect.DirectMethodHandleAccessor.invoke(DirectMethodHandleAccessor.java:103)
[INFO] [stdout] 	at java.base/java.lang.reflect.Method.invoke(Method.java:580)
[INFO] [stdout] 	at org.junit.platform.commons.util.ReflectionUtils.invokeMethod(ReflectionUtils.java:728)
[INFO] [stdout] 	at org.junit.jupiter.engine.execution.MethodInvocation.proceed(MethodInvocation.java:60)
[INFO] [stdout] 	at org.junit.jupiter.engine.execution.InvocationInterceptorChain$ValidatingInvocation.proceed(InvocationInterceptorChain.java:131)
[INFO] [stdout] 	at org.junit.jupiter.engine.extension.TimeoutExtension.intercept(TimeoutExtension.java:156)
[INFO] [stdout] 	at org.junit.jupiter.engine.extension.TimeoutExtension.interceptTestableMethod(TimeoutExtension.java:147)
[INFO] [stdout] 	at org.junit.jupiter.engine.extension.TimeoutExtension.interceptTestMethod(TimeoutExtension.java:86)
[INFO] [stdout] 	at org.junit.jupiter.engine.execution.InterceptingExecutableInvoker$ReflectiveInterceptorCall.lambda$ofVoidMethod$0(InterceptingExecutableInvoker.java:103)
[INFO] [stdout] 	at org.junit.jupiter.engine.execution.InterceptingExecutableInvoker.lambda$invoke$0(InterceptingExecutableInvoker.java:93)
[INFO] [stdout] 	at org.junit.jupiter.engine.execution.InvocationInterceptorChain$InterceptedInvocation.proceed(InvocationInterceptorChain.java:106)
[INFO] [stdout] 	at org.junit.jupiter.engine.execution.InvocationInterceptorChain.proceed(InvocationInterceptorChain.java:64)
[INFO] [stdout] 	at org.junit.jupiter.engine.execution.InvocationInterceptorChain.chainAndInvoke(InvocationInterceptorChain.java:45)
[INFO] [stdout] 	at org.junit.jupiter.engine.execution.InvocationInterceptorChain.invoke(InvocationInterceptorChain.java:37)
[INFO] [stdout] 	at org.junit.jupiter.engine.execution.InterceptingExecutableInvoker.invoke(InterceptingExecutableInvoker.java:92)
[INFO] [stdout] 	at org.junit.jupiter.engine.execution.InterceptingExecutableInvoker.invoke(InterceptingExecutableInvoker.java:86)
[INFO] [stdout] 	at org.junit.jupiter.engine.descriptor.TestMethodTestDescriptor.lambda$invokeTestMethod$7(TestMethodTestDescriptor.java:218)
[INFO] [stdout] 	at org.junit.platform.engine.support.hierarchical.ThrowableCollector.execute(ThrowableCollector.java:73)
[INFO] [stdout] 	at org.junit.jupiter.engine.descriptor.TestMethodTestDescriptor.invokeTestMethod(TestMethodTestDescriptor.java:214)
[INFO] [stdout] 	at org.junit.jupiter.engine.descriptor.TestMethodTestDescriptor.execute(TestMethodTestDescriptor.java:139)
[INFO] [stdout] 	at org.junit.jupiter.engine.descriptor.TestMethodTestDescriptor.execute(TestMethodTestDescriptor.java:69)
[INFO] [stdout] 	at org.junit.platform.engine.support.hierarchical.NodeTestTask.lambda$executeRecursively$6(NodeTestTask.java:151)
[INFO] [stdout] 	at org.junit.platform.engine.support.hierarchical.ThrowableCollector.execute(ThrowableCollector.java:73)
[INFO] [stdout] 	at org.junit.platform.engine.support.hierarchical.NodeTestTask.lambda$executeRecursively$8(NodeTestTask.java:141)
[INFO] [stdout] 	at org.junit.platform.engine.support.hierarchical.Node.around(Node.java:137)
[INFO] [stdout] 	at org.junit.platform.engine.support.hierarchical.NodeTestTask.lambda$executeRecursively$9(NodeTestTask.java:139)
[INFO] [stdout] 	at org.junit.platform.engine.support.hierarchical.ThrowableCollector.execute(ThrowableCollector.java:73)
[INFO] [stdout] 	at org.junit.platform.engine.support.hierarchical.NodeTestTask.executeRecursively(NodeTestTask.java:138)
[INFO] [stdout] 	at org.junit.platform.engine.support.hierarchical.NodeTestTask.execute(NodeTestTask.java:95)
[INFO] [stdout] 	at java.base/java.util.ArrayList.forEach(ArrayList.java:1596)
[INFO] [stdout] 	at org.junit.platform.engine.support.hierarchical.SameThreadHierarchicalTestExecutorService.invokeAll(SameThreadHierarchicalTestExecutorService.java:41)
[INFO] [stdout] 	at org.junit.platform.engine.support.hierarchical.NodeTestTask.lambda$executeRecursively$6(NodeTestTask.java:155)
[INFO] [stdout] 	at org.junit.platform.engine.support.hierarchical.ThrowableCollector.execute(ThrowableCollector.java:73)
[INFO] [stdout] 	at org.junit.platform.engine.support.hierarchical.NodeTestTask.lambda$executeRecursively$8(NodeTestTask.java:141)
[INFO] [stdout] 	at org.junit.platform.engine.support.hierarchical.Node.around(Node.java:137)
[INFO] [stdout] 	at org.junit.platform.engine.support.hierarchical.NodeTestTask.lambda$executeRecursively$9(NodeTestTask.java:139)
[INFO] [stdout] 	at org.junit.platform.engine.support.hierarchical.ThrowableCollector.execute(ThrowableCollector.java:73)
[INFO] [stdout] 	at org.junit.platform.engine.support.hierarchical.NodeTestTask.executeRecursively(NodeTestTask.java:138)
[INFO] [stdout] 	at org.junit.platform.engine.support.hierarchical.NodeTestTask.execute(NodeTestTask.java:95)
[INFO] [stdout] 	at java.base/java.util.ArrayList.forEach(ArrayList.java:1596)
[INFO] [stdout] 	at org.junit.platform.engine.support.hierarchical.SameThreadHierarchicalTestExecutorService.invokeAll(SameThreadHierarchicalTestExecutorService.java:41)
[INFO] [stdout] 	at org.junit.platform.engine.support.hierarchical.NodeTestTask.lambda$executeRecursively$6(NodeTestTask.java:155)
[INFO] [stdout] 	at org.junit.platform.engine.support.hierarchical.ThrowableCollector.execute(ThrowableCollector.java:73)
[INFO] [stdout] 	at org.junit.platform.engine.support.hierarchical.NodeTestTask.lambda$executeRecursively$8(NodeTestTask.java:141)
[INFO] [stdout] 	at org.junit.platform.engine.support.hierarchical.Node.around(Node.java:137)
[INFO] [stdout] 	at org.junit.platform.engine.support.hierarchical.NodeTestTask.lambda$executeRecursively$9(NodeTestTask.java:139)
[INFO] [stdout] 	at org.junit.platform.engine.support.hierarchical.ThrowableCollector.execute(ThrowableCollector.java:73)
[INFO] [stdout] 	at org.junit.platform.engine.support.hierarchical.NodeTestTask.executeRecursively(NodeTestTask.java:138)
[INFO] [stdout] 	at org.junit.platform.engine.support.hierarchical.NodeTestTask.execute(NodeTestTask.java:95)
[INFO] [stdout] 	at org.junit.platform.engine.support.hierarchical.SameThreadHierarchicalTestExecutorService.submit(SameThreadHierarchicalTestExecutorService.java:35)
[INFO] [stdout] 	at org.junit.platform.engine.support.hierarchical.HierarchicalTestExecutor.execute(HierarchicalTestExecutor.java:57)
[INFO] [stdout] 	at org.junit.platform.engine.support.hierarchical.HierarchicalTestEngine.execute(HierarchicalTestEngine.java:54)
[INFO] [stdout] 	at org.junit.platform.launcher.core.EngineExecutionOrchestrator.execute(EngineExecutionOrchestrator.java:198)
[INFO] [stdout] 	at org.junit.platform.launcher.core.EngineExecutionOrchestrator.execute(EngineExecutionOrchestrator.java:169)
[INFO] [stdout] 	at org.junit.platform.launcher.core.EngineExecutionOrchestrator.execute(EngineExecutionOrchestrator.java:93)
[INFO] [stdout] 	at org.junit.platform.launcher.core.EngineExecutionOrchestrator.lambda$execute$0(EngineExecutionOrchestrator.java:58)
[INFO] [stdout] 	at org.junit.platform.launcher.core.EngineExecutionOrchestrator.withInterceptedStreams(EngineExecutionOrchestrator.java:141)
[INFO] [stdout] 	at org.junit.platform.launcher.core.EngineExecutionOrchestrator.execute(EngineExecutionOrchestrator.java:57)
[INFO] [stdout] 	at org.junit.platform.launcher.core.DefaultLauncher.execute(DefaultLauncher.java:103)
[INFO] [stdout] 	at org.junit.platform.launcher.core.DefaultLauncher.execute(DefaultLauncher.java:85)
[INFO] [stdout] 	at org.junit.platform.launcher.core.DelegatingLauncher.execute(DelegatingLauncher.java:47)
[INFO] [stdout] 	at org.apache.maven.surefire.junitplatform.LazyLauncher.execute(LazyLauncher.java:50)
[INFO] [stdout] 	at org.apache.maven.surefire.junitplatform.JUnitPlatformProvider.execute(JUnitPlatformProvider.java:184)
[INFO] [stdout] 	at org.apache.maven.surefire.junitplatform.JUnitPlatformProvider.invokeAllTests(JUnitPlatformProvider.java:148)
[INFO] [stdout] 	at org.apache.maven.surefire.junitplatform.JUnitPlatformProvider.invoke(JUnitPlatformProvider.java:122)
[INFO] [stdout] 	at org.apache.maven.surefire.booter.ForkedBooter.runSuitesInProcess(ForkedBooter.java:385)
[INFO] [stdout] 	at org.apache.maven.surefire.booter.ForkedBooter.execute(ForkedBooter.java:162)
[INFO] [stdout] 	at org.apache.maven.surefire.booter.ForkedBooter.run(ForkedBooter.java:507)
[INFO] [stdout] 	at org.apache.maven.surefire.booter.ForkedBooter.main(ForkedBooter.java:495)
[INFO] [stdout] 17:41:32.608 [main] INFO com.azure.servicebus.largemessage.client.AzureServiceBusLargeMessageClient -- AzureServiceBusLargeMessageClient initialized with provided clients
[INFO] [stdout] 17:41:32.615 [main] INFO com.azure.servicebus.largemessage.client.AzureServiceBusLargeMessageClient -- AzureServiceBusLargeMessageClient initialized with provided clients
[INFO] [stdout] 17:41:32.618 [main] INFO com.azure.servicebus.largemessage.client.AzureServiceBusLargeMessageClient -- AzureServiceBusLargeMessageClient initialized with provided clients
[INFO] [stdout] 17:41:32.655 [main] INFO com.azure.servicebus.largemessage.client.AzureServiceBusLargeMessageClient -- AzureServiceBusLargeMessageClient initialized with provided clients
[INFO] [stdout] 17:41:32.656 [main] WARN com.azure.servicebus.largemessage.util.RetryHandler -- Operation failed on attempt 1/3. Retrying after 801 ms. Error: Transient delete failure 1
[INFO] [stdout] 17:41:33.459 [main] WARN com.azure.servicebus.largemessage.util.RetryHandler -- Operation failed on attempt 2/3. Retrying after 1979 ms. Error: Transient delete failure 2
[INFO] [stdout] 17:41:35.442 [main] INFO com.azure.servicebus.largemessage.client.AzureServiceBusLargeMessageClient -- AzureServiceBusLargeMessageClient initialized with provided clients
[INFO] Tests run: 18, Failures: 0, Errors: 0, Skipped: 0, Time elapsed: 15.023 s - in com.azure.servicebus.largemessage.client.AzureServiceBusLargeMessageClientTest
[INFO] Running com.azure.servicebus.largemessage.client.GapImplementationClientTest
[INFO] Running com.azure.servicebus.largemessage.client.GapImplementationClientTest$BatchSendSasTests
[INFO] [stdout] 17:41:35.469 [main] INFO com.azure.servicebus.largemessage.client.AzureServiceBusLargeMessageClient -- AzureServiceBusLargeMessageClient initialized with provided clients
[INFO] [stdout] 17:41:35.597 [main] INFO com.azure.servicebus.largemessage.client.AzureServiceBusLargeMessageClient -- AzureServiceBusLargeMessageClient initialized with provided clients
[INFO] Tests run: 1, Failures: 0, Errors: 0, Skipped: 0, Time elapsed: 0.146 s - in com.azure.servicebus.largemessage.client.GapImplementationClientTest$BatchSendSasTests
[INFO] Running com.azure.servicebus.largemessage.client.GapImplementationClientTest$BinaryPayloadTests
[INFO] [stdout] 17:41:35.640 [main] INFO com.azure.servicebus.largemessage.client.AzureServiceBusLargeMessageClient -- AzureServiceBusLargeMessageClient initialized with provided clients
[INFO] [stdout] 17:41:35.663 [main] INFO com.azure.servicebus.largemessage.client.AzureServiceBusLargeMessageClient -- AzureServiceBusLargeMessageClient initialized with provided clients
[INFO] [stdout] 17:41:35.676 [main] INFO com.azure.servicebus.largemessage.client.AzureServiceBusLargeMessageClient -- AzureServiceBusLargeMessageClient initialized with provided clients
[INFO] [stdout] 17:41:35.682 [main] WARN com.azure.servicebus.largemessage.client.AzureServiceBusLargeMessageClient -- Service Bus send failed after blob upload. Cleaning up orphaned blob: BlobPointer{containerName='test-container', blobName='orphan-binary-blob'}
[INFO] [stdout] 17:41:35.683 [main] WARN com.azure.servicebus.largemessage.util.RetryHandler -- Operation failed on attempt 1/3. Retrying after 751 ms. Error: Send failed
[INFO] [stdout] 17:41:36.435 [main] WARN com.azure.servicebus.largemessage.client.AzureServiceBusLargeMessageClient -- Service Bus send failed after blob upload. Cleaning up orphaned blob: BlobPointer{containerName='test-container', blobName='orphan-binary-blob'}
[INFO] [stdout] 17:41:36.435 [main] WARN com.azure.servicebus.largemessage.util.RetryHandler -- Operation failed on attempt 2/3. Retrying after 1651 ms. Error: Send failed
[INFO] [stdout] 17:41:38.088 [main] WARN com.azure.servicebus.largemessage.client.AzureServiceBusLargeMessageClient -- Service Bus send failed after blob upload. Cleaning up orphaned blob: BlobPointer{containerName='test-container', blobName='orphan-binary-blob'}
[INFO] [stdout] 17:41:38.088 [main] ERROR com.azure.servicebus.largemessage.util.RetryHandler -- Operation failed after 3 attempts
[INFO] [stdout] java.lang.RuntimeException: Send failed
[INFO] [stdout] 	at com.azure.messaging.servicebus.ServiceBusSenderClient.sendMessage(ServiceBusSenderClient.java:265)
[INFO] [stdout] 	at com.azure.servicebus.largemessage.client.AzureServiceBusLargeMessageClient.lambda$2(AzureServiceBusLargeMessageClient.java:355)
[INFO] [stdout] 	at com.azure.servicebus.largemessage.util.RetryHandler.lambda$executeWithRetry$0(RetryHandler.java:90)
[INFO] [stdout] 	at com.azure.servicebus.largemessage.util.RetryHandler.executeWithRetry(RetryHandler.java:58)
[INFO] [stdout] 	at com.azure.servicebus.largemessage.util.RetryHandler.executeWithRetry(RetryHandler.java:89)
[INFO] [stdout] 	at com.azure.servicebus.largemessage.client.AzureServiceBusLargeMessageClient.sendBinaryMessage(AzureServiceBusLargeMessageClient.java:297)
[INFO] [stdout] 	at com.azure.servicebus.largemessage.client.AzureServiceBusLargeMessageClient.sendBinaryMessage(AzureServiceBusLargeMessageClient.java:279)
[INFO] [stdout] 	at com.azure.servicebus.largemessage.client.GapImplementationClientTest$BinaryPayloadTests.lambda$0(GapImplementationClientTest.java:229)
[INFO] [stdout] 	at org.junit.jupiter.api.AssertThrows.assertThrows(AssertThrows.java:53)
[INFO] [stdout] 	at org.junit.jupiter.api.AssertThrows.assertThrows(AssertThrows.java:35)
[INFO] [stdout] 	at org.junit.jupiter.api.Assertions.assertThrows(Assertions.java:3115)
[INFO] [stdout] 	at com.azure.servicebus.largemessage.client.GapImplementationClientTest$BinaryPayloadTests.testBinarySendFailure_cleansUpOrphanedBlob(GapImplementationClientTest.java:228)
[INFO] [stdout] 	at java.base/jdk.internal.reflect.DirectMethodHandleAccessor.invoke(DirectMethodHandleAccessor.java:103)
[INFO] [stdout] 	at java.base/java.lang.reflect.Method.invoke(Method.java:580)
[INFO] [stdout] 	at org.junit.platform.commons.util.ReflectionUtils.invokeMethod(ReflectionUtils.java:728)
[INFO] [stdout] 	at org.junit.jupiter.engine.execution.MethodInvocation.proceed(MethodInvocation.java:60)
[INFO] [stdout] 	at org.junit.jupiter.engine.execution.InvocationInterceptorChain$ValidatingInvocation.proceed(InvocationInterceptorChain.java:131)
[INFO] [stdout] 	at org.junit.jupiter.engine.extension.TimeoutExtension.intercept(TimeoutExtension.java:156)
[INFO] [stdout] 	at org.junit.jupiter.engine.extension.TimeoutExtension.interceptTestableMethod(TimeoutExtension.java:147)
[INFO] [stdout] 	at org.junit.jupiter.engine.extension.TimeoutExtension.interceptTestMethod(TimeoutExtension.java:86)
[INFO] [stdout] 	at org.junit.jupiter.engine.execution.InterceptingExecutableInvoker$ReflectiveInterceptorCall.lambda$ofVoidMethod$0(InterceptingExecutableInvoker.java:103)
[INFO] [stdout] 	at org.junit.jupiter.engine.execution.InterceptingExecutableInvoker.lambda$invoke$0(InterceptingExecutableInvoker.java:93)
[INFO] [stdout] 	at org.junit.jupiter.engine.execution.InvocationInterceptorChain$InterceptedInvocation.proceed(InvocationInterceptorChain.java:106)
[INFO] [stdout] 	at org.junit.jupiter.engine.execution.InvocationInterceptorChain.proceed(InvocationInterceptorChain.java:64)
[INFO] [stdout] 	at org.junit.jupiter.engine.execution.InvocationInterceptorChain.chainAndInvoke(InvocationInterceptorChain.java:45)
[INFO] [stdout] 	at org.junit.jupiter.engine.execution.InvocationInterceptorChain.invoke(InvocationInterceptorChain.java:37)
[INFO] [stdout] 	at org.junit.jupiter.engine.execution.InterceptingExecutableInvoker.invoke(InterceptingExecutableInvoker.java:92)
[INFO] [stdout] 	at org.junit.jupiter.engine.execution.InterceptingExecutableInvoker.invoke(InterceptingExecutableInvoker.java:86)
[INFO] [stdout] 	at org.junit.jupiter.engine.descriptor.TestMethodTestDescriptor.lambda$invokeTestMethod$7(TestMethodTestDescriptor.java:218)
[INFO] [stdout] 	at org.junit.platform.engine.support.hierarchical.ThrowableCollector.execute(ThrowableCollector.java:73)
[INFO] [stdout] 	at org.junit.jupiter.engine.descriptor.TestMethodTestDescriptor.invokeTestMethod(TestMethodTestDescriptor.java:214)
[INFO] [stdout] 	at org.junit.jupiter.engine.descriptor.TestMethodTestDescriptor.execute(TestMethodTestDescriptor.java:139)
[INFO] [stdout] 	at org.junit.jupiter.engine.descriptor.TestMethodTestDescriptor.execute(TestMethodTestDescriptor.java:69)
[INFO] [stdout] 	at org.junit.platform.engine.support.hierarchical.NodeTestTask.lambda$executeRecursively$6(NodeTestTask.java:151)
[INFO] [stdout] 	at org.junit.platform.engine.support.hierarchical.ThrowableCollector.execute(ThrowableCollector.java:73)
[INFO] [stdout] 	at org.junit.platform.engine.support.hierarchical.NodeTestTask.lambda$executeRecursively$8(NodeTestTask.java:141)
[INFO] [stdout] 	at org.junit.platform.engine.support.hierarchical.Node.around(Node.java:137)
[INFO] [stdout] 	at org.junit.platform.engine.support.hierarchical.NodeTestTask.lambda$executeRecursively$9(NodeTestTask.java:139)
[INFO] [stdout] 	at org.junit.platform.engine.support.hierarchical.ThrowableCollector.execute(ThrowableCollector.java:73)
[INFO] [stdout] 	at org.junit.platform.engine.support.hierarchical.NodeTestTask.executeRecursively(NodeTestTask.java:138)
[INFO] [stdout] 	at org.junit.platform.engine.support.hierarchical.NodeTestTask.execute(NodeTestTask.java:95)
[INFO] [stdout] 	at java.base/java.util.ArrayList.forEach(ArrayList.java:1596)
[INFO] [stdout] 	at org.junit.platform.engine.support.hierarchical.SameThreadHierarchicalTestExecutorService.invokeAll(SameThreadHierarchicalTestExecutorService.java:41)
[INFO] [stdout] 	at org.junit.platform.engine.support.hierarchical.NodeTestTask.lambda$executeRecursively$6(NodeTestTask.java:155)
[INFO] [stdout] 	at org.junit.platform.engine.support.hierarchical.ThrowableCollector.execute(ThrowableCollector.java:73)
[INFO] [stdout] 	at org.junit.platform.engine.support.hierarchical.NodeTestTask.lambda$executeRecursively$8(NodeTestTask.java:141)
[INFO] [stdout] 	at org.junit.platform.engine.support.hierarchical.Node.around(Node.java:137)
[INFO] [stdout] 	at org.junit.platform.engine.support.hierarchical.NodeTestTask.lambda$executeRecursively$9(NodeTestTask.java:139)
[INFO] [stdout] 	at org.junit.platform.engine.support.hierarchical.ThrowableCollector.execute(ThrowableCollector.java:73)
[INFO] [stdout] 	at org.junit.platform.engine.support.hierarchical.NodeTestTask.executeRecursively(NodeTestTask.java:138)
[INFO] [stdout] 	at org.junit.platform.engine.support.hierarchical.NodeTestTask.execute(NodeTestTask.java:95)
[INFO] [stdout] 	at java.base/java.util.ArrayList.forEach(ArrayList.java:1596)
[INFO] [stdout] 	at org.junit.platform.engine.support.hierarchical.SameThreadHierarchicalTestExecutorService.invokeAll(SameThreadHierarchicalTestExecutorService.java:41)
[INFO] [stdout] 	at org.junit.platform.engine.support.hierarchical.NodeTestTask.lambda$executeRecursively$6(NodeTestTask.java:155)
[INFO] [stdout] 	at org.junit.platform.engine.support.hierarchical.ThrowableCollector.execute(ThrowableCollector.java:73)
[INFO] [stdout] 	at org.junit.platform.engine.support.hierarchical.NodeTestTask.lambda$executeRecursively$8(NodeTestTask.java:141)
[INFO] [stdout] 	at org.junit.platform.engine.support.hierarchical.Node.around(Node.java:137)
[INFO] [stdout] 	at org.junit.platform.engine.support.hierarchical.NodeTestTask.lambda$executeRecursively$9(NodeTestTask.java:139)
[INFO] [stdout] 	at org.junit.platform.engine.support.hierarchical.ThrowableCollector.execute(ThrowableCollector.java:73)
[INFO] [stdout] 	at org.junit.platform.engine.support.hierarchical.NodeTestTask.executeRecursively(NodeTestTask.java:138)
[INFO] [stdout] 	at org.junit.platform.engine.support.hierarchical.NodeTestTask.execute(NodeTestTask.java:95)
[INFO] [stdout] 	at java.base/java.util.ArrayList.forEach(ArrayList.java:1596)
[INFO] [stdout] 	at org.junit.platform.engine.support.hierarchical.SameThreadHierarchicalTestExecutorService.invokeAll(SameThreadHierarchicalTestExecutorService.java:41)
[INFO] [stdout] 	at org.junit.platform.engine.support.hierarchical.NodeTestTask.lambda$executeRecursively$6(NodeTestTask.java:155)
[INFO] [stdout] 	at org.junit.platform.engine.support.hierarchical.ThrowableCollector.execute(ThrowableCollector.java:73)
[INFO] [stdout] 	at org.junit.platform.engine.support.hierarchical.NodeTestTask.lambda$executeRecursively$8(NodeTestTask.java:141)
[INFO] [stdout] 	at org.junit.platform.engine.support.hierarchical.Node.around(Node.java:137)
[INFO] [stdout] 	at org.junit.platform.engine.support.hierarchical.NodeTestTask.lambda$executeRecursively$9(NodeTestTask.java:139)
[INFO] [stdout] 	at org.junit.platform.engine.support.hierarchical.ThrowableCollector.execute(ThrowableCollector.java:73)
[INFO] [stdout] 	at org.junit.platform.engine.support.hierarchical.NodeTestTask.executeRecursively(NodeTestTask.java:138)
[INFO] [stdout] 	at org.junit.platform.engine.support.hierarchical.NodeTestTask.execute(NodeTestTask.java:95)
[INFO] [stdout] 	at org.junit.platform.engine.support.hierarchical.SameThreadHierarchicalTestExecutorService.submit(SameThreadHierarchicalTestExecutorService.java:35)
[INFO] [stdout] 	at org.junit.platform.engine.support.hierarchical.HierarchicalTestExecutor.execute(HierarchicalTestExecutor.java:57)
[INFO] [stdout] 	at org.junit.platform.engine.support.hierarchical.HierarchicalTestEngine.execute(HierarchicalTestEngine.java:54)
[INFO] [stdout] 	at org.junit.platform.launcher.core.EngineExecutionOrchestrator.execute(EngineExecutionOrchestrator.java:198)
[INFO] [stdout] 	at org.junit.platform.launcher.core.EngineExecutionOrchestrator.execute(EngineExecutionOrchestrator.java:169)
[INFO] [stdout] 	at org.junit.platform.launcher.core.EngineExecutionOrchestrator.execute(EngineExecutionOrchestrator.java:93)
[INFO] [stdout] 	at org.junit.platform.launcher.core.EngineExecutionOrchestrator.lambda$execute$0(EngineExecutionOrchestrator.java:58)
[INFO] [stdout] 	at org.junit.platform.launcher.core.EngineExecutionOrchestrator.withInterceptedStreams(EngineExecutionOrchestrator.java:141)
[INFO] [stdout] 	at org.junit.platform.launcher.core.EngineExecutionOrchestrator.execute(EngineExecutionOrchestrator.java:57)
[INFO] [stdout] 	at org.junit.platform.launcher.core.DefaultLauncher.execute(DefaultLauncher.java:103)
[INFO] [stdout] 	at org.junit.platform.launcher.core.DefaultLauncher.execute(DefaultLauncher.java:85)
[INFO] [stdout] 	at org.junit.platform.launcher.core.DelegatingLauncher.execute(DelegatingLauncher.java:47)
[INFO] [stdout] 	at org.apache.maven.surefire.junitplatform.LazyLauncher.execute(LazyLauncher.java:50)
[INFO] [stdout] 	at org.apache.maven.surefire.junitplatform.JUnitPlatformProvider.execute(JUnitPlatformProvider.java:184)
[INFO] [stdout] 	at org.apache.maven.surefire.junitplatform.JUnitPlatformProvider.invokeAllTests(JUnitPlatformProvider.java:148)
[INFO] [stdout] 	at org.apache.maven.surefire.junitplatform.JUnitPlatformProvider.invoke(JUnitPlatformProvider.java:122)
[INFO] [stdout] 	at org.apache.maven.surefire.booter.ForkedBooter.runSuitesInProcess(ForkedBooter.java:385)
[INFO] [stdout] 	at org.apache.maven.surefire.booter.ForkedBooter.execute(ForkedBooter.java:162)
[INFO] [stdout] 	at org.apache.maven.surefire.booter.ForkedBooter.run(ForkedBooter.java:507)
[INFO] [stdout] 	at org.apache.maven.surefire.booter.ForkedBooter.main(ForkedBooter.java:495)
[INFO] [stdout] 17:41:38.098 [main] INFO com.azure.servicebus.largemessage.client.AzureServiceBusLargeMessageClient -- AzureServiceBusLargeMessageClient initialized with provided clients
[INFO] Tests run: 4, Failures: 0, Errors: 0, Skipped: 0, Time elapsed: 2.478 s - in com.azure.servicebus.largemessage.client.GapImplementationClientTest$BinaryPayloadTests
[INFO] Running com.azure.servicebus.largemessage.client.GapImplementationClientTest$TransactionalAtomicityTests
[INFO] [stdout] 17:41:38.119 [main] INFO com.azure.servicebus.largemessage.client.AzureServiceBusLargeMessageClient -- AzureServiceBusLargeMessageClient initialized with provided clients
[INFO] [stdout] 17:41:38.120 [main] WARN com.azure.servicebus.largemessage.util.RetryHandler -- Operation failed on attempt 1/3. Retrying after 822 ms. Error: Send failed
[INFO] [stdout] 17:41:38.943 [main] WARN com.azure.servicebus.largemessage.util.RetryHandler -- Operation failed on attempt 2/3. Retrying after 1626 ms. Error: Send failed
[INFO] [stdout] 17:41:40.572 [main] ERROR com.azure.servicebus.largemessage.util.RetryHandler -- Operation failed after 3 attempts
[INFO] [stdout] java.lang.RuntimeException: Send failed
[INFO] [stdout] 	at com.azure.messaging.servicebus.ServiceBusSenderClient.sendMessage(ServiceBusSenderClient.java:265)
[INFO] [stdout] 	at com.azure.servicebus.largemessage.client.AzureServiceBusLargeMessageClient.lambda$0(AzureServiceBusLargeMessageClient.java:243)
[INFO] [stdout] 	at com.azure.servicebus.largemessage.util.RetryHandler.lambda$executeWithRetry$0(RetryHandler.java:90)
[INFO] [stdout] 	at com.azure.servicebus.largemessage.util.RetryHandler.executeWithRetry(RetryHandler.java:58)
[INFO] [stdout] 	at com.azure.servicebus.largemessage.util.RetryHandler.executeWithRetry(RetryHandler.java:89)
[INFO] [stdout] 	at com.azure.servicebus.largemessage.client.AzureServiceBusLargeMessageClient.sendMessage(AzureServiceBusLargeMessageClient.java:158)
[INFO] [stdout] 	at com.azure.servicebus.largemessage.client.AzureServiceBusLargeMessageClient.sendMessage(AzureServiceBusLargeMessageClient.java:129)
[INFO] [stdout] 	at com.azure.servicebus.largemessage.client.AzureServiceBusLargeMessageClient.sendMessage(AzureServiceBusLargeMessageClient.java:119)
[INFO] [stdout] 	at com.azure.servicebus.largemessage.client.GapImplementationClientTest$TransactionalAtomicityTests.lambda$1(GapImplementationClientTest.java:104)
[INFO] [stdout] 	at org.junit.jupiter.api.AssertThrows.assertThrows(AssertThrows.java:53)
[INFO] [stdout] 	at org.junit.jupiter.api.AssertThrows.assertThrows(AssertThrows.java:35)
[INFO] [stdout] 	at org.junit.jupiter.api.Assertions.assertThrows(Assertions.java:3115)
[INFO] [stdout] 	at com.azure.servicebus.largemessage.client.GapImplementationClientTest$TransactionalAtomicityTests.testSmallMessageFailure_noOrphanCleanup(GapImplementationClientTest.java:104)
[INFO] [stdout] 	at java.base/jdk.internal.reflect.DirectMethodHandleAccessor.invoke(DirectMethodHandleAccessor.java:103)
[INFO] [stdout] 	at java.base/java.lang.reflect.Method.invoke(Method.java:580)
[INFO] [stdout] 	at org.junit.platform.commons.util.ReflectionUtils.invokeMethod(ReflectionUtils.java:728)
[INFO] [stdout] 	at org.junit.jupiter.engine.execution.MethodInvocation.proceed(MethodInvocation.java:60)
[INFO] [stdout] 	at org.junit.jupiter.engine.execution.InvocationInterceptorChain$ValidatingInvocation.proceed(InvocationInterceptorChain.java:131)
[INFO] [stdout] 	at org.junit.jupiter.engine.extension.TimeoutExtension.intercept(TimeoutExtension.java:156)
[INFO] [stdout] 	at org.junit.jupiter.engine.extension.TimeoutExtension.interceptTestableMethod(TimeoutExtension.java:147)
[INFO] [stdout] 	at org.junit.jupiter.engine.extension.TimeoutExtension.interceptTestMethod(TimeoutExtension.java:86)
[INFO] [stdout] 	at org.junit.jupiter.engine.execution.InterceptingExecutableInvoker$ReflectiveInterceptorCall.lambda$ofVoidMethod$0(InterceptingExecutableInvoker.java:103)
[INFO] [stdout] 	at org.junit.jupiter.engine.execution.InterceptingExecutableInvoker.lambda$invoke$0(InterceptingExecutableInvoker.java:93)
[INFO] [stdout] 	at org.junit.jupiter.engine.execution.InvocationInterceptorChain$InterceptedInvocation.proceed(InvocationInterceptorChain.java:106)
[INFO] [stdout] 	at org.junit.jupiter.engine.execution.InvocationInterceptorChain.proceed(InvocationInterceptorChain.java:64)
[INFO] [stdout] 	at org.junit.jupiter.engine.execution.InvocationInterceptorChain.chainAndInvoke(InvocationInterceptorChain.java:45)
[INFO] [stdout] 	at org.junit.jupiter.engine.execution.InvocationInterceptorChain.invoke(InvocationInterceptorChain.java:37)
[INFO] [stdout] 	at org.junit.jupiter.engine.execution.InterceptingExecutableInvoker.invoke(InterceptingExecutableInvoker.java:92)
[INFO] [stdout] 	at org.junit.jupiter.engine.execution.InterceptingExecutableInvoker.invoke(InterceptingExecutableInvoker.java:86)
[INFO] [stdout] 	at org.junit.jupiter.engine.descriptor.TestMethodTestDescriptor.lambda$invokeTestMethod$7(TestMethodTestDescriptor.java:218)
[INFO] [stdout] 	at org.junit.platform.engine.support.hierarchical.ThrowableCollector.execute(ThrowableCollector.java:73)
[INFO] [stdout] 	at org.junit.jupiter.engine.descriptor.TestMethodTestDescriptor.invokeTestMethod(TestMethodTestDescriptor.java:214)
[INFO] [stdout] 	at org.junit.jupiter.engine.descriptor.TestMethodTestDescriptor.execute(TestMethodTestDescriptor.java:139)
[INFO] [stdout] 	at org.junit.jupiter.engine.descriptor.TestMethodTestDescriptor.execute(TestMethodTestDescriptor.java:69)
[INFO] [stdout] 	at org.junit.platform.engine.support.hierarchical.NodeTestTask.lambda$executeRecursively$6(NodeTestTask.java:151)
[INFO] [stdout] 	at org.junit.platform.engine.support.hierarchical.ThrowableCollector.execute(ThrowableCollector.java:73)
[INFO] [stdout] 	at org.junit.platform.engine.support.hierarchical.NodeTestTask.lambda$executeRecursively$8(NodeTestTask.java:141)
[INFO] [stdout] 	at org.junit.platform.engine.support.hierarchical.Node.around(Node.java:137)
[INFO] [stdout] 	at org.junit.platform.engine.support.hierarchical.NodeTestTask.lambda$executeRecursively$9(NodeTestTask.java:139)
[INFO] [stdout] 	at org.junit.platform.engine.support.hierarchical.ThrowableCollector.execute(ThrowableCollector.java:73)
[INFO] [stdout] 	at org.junit.platform.engine.support.hierarchical.NodeTestTask.executeRecursively(NodeTestTask.java:138)
[INFO] [stdout] 	at org.junit.platform.engine.support.hierarchical.NodeTestTask.execute(NodeTestTask.java:95)
[INFO] [stdout] 	at java.base/java.util.ArrayList.forEach(ArrayList.java:1596)
[INFO] [stdout] 	at org.junit.platform.engine.support.hierarchical.SameThreadHierarchicalTestExecutorService.invokeAll(SameThreadHierarchicalTestExecutorService.java:41)
[INFO] [stdout] 	at org.junit.platform.engine.support.hierarchical.NodeTestTask.lambda$executeRecursively$6(NodeTestTask.java:155)
[INFO] [stdout] 	at org.junit.platform.engine.support.hierarchical.ThrowableCollector.execute(ThrowableCollector.java:73)
[INFO] [stdout] 	at org.junit.platform.engine.support.hierarchical.NodeTestTask.lambda$executeRecursively$8(NodeTestTask.java:141)
[INFO] [stdout] 	at org.junit.platform.engine.support.hierarchical.Node.around(Node.java:137)
[INFO] [stdout] 	at org.junit.platform.engine.support.hierarchical.NodeTestTask.lambda$executeRecursively$9(NodeTestTask.java:139)
[INFO] [stdout] 	at org.junit.platform.engine.support.hierarchical.ThrowableCollector.execute(ThrowableCollector.java:73)
[INFO] [stdout] 	at org.junit.platform.engine.support.hierarchical.NodeTestTask.executeRecursively(NodeTestTask.java:138)
[INFO] [stdout] 	at org.junit.platform.engine.support.hierarchical.NodeTestTask.execute(NodeTestTask.java:95)
[INFO] [stdout] 	at java.base/java.util.ArrayList.forEach(ArrayList.java:1596)
[INFO] [stdout] 	at org.junit.platform.engine.support.hierarchical.SameThreadHierarchicalTestExecutorService.invokeAll(SameThreadHierarchicalTestExecutorService.java:41)
[INFO] [stdout] 	at org.junit.platform.engine.support.hierarchical.NodeTestTask.lambda$executeRecursively$6(NodeTestTask.java:155)
[INFO] [stdout] 	at org.junit.platform.engine.support.hierarchical.ThrowableCollector.execute(ThrowableCollector.java:73)
[INFO] [stdout] 	at org.junit.platform.engine.support.hierarchical.NodeTestTask.lambda$executeRecursively$8(NodeTestTask.java:141)
[INFO] [stdout] 	at org.junit.platform.engine.support.hierarchical.Node.around(Node.java:137)
[INFO] [stdout] 	at org.junit.platform.engine.support.hierarchical.NodeTestTask.lambda$executeRecursively$9(NodeTestTask.java:139)
[INFO] [stdout] 	at org.junit.platform.engine.support.hierarchical.ThrowableCollector.execute(ThrowableCollector.java:73)
[INFO] [stdout] 	at org.junit.platform.engine.support.hierarchical.NodeTestTask.executeRecursively(NodeTestTask.java:138)
[INFO] [stdout] 	at org.junit.platform.engine.support.hierarchical.NodeTestTask.execute(NodeTestTask.java:95)
[INFO] [stdout] 	at java.base/java.util.ArrayList.forEach(ArrayList.java:1596)
[INFO] [stdout] 	at org.junit.platform.engine.support.hierarchical.SameThreadHierarchicalTestExecutorService.invokeAll(SameThreadHierarchicalTestExecutorService.java:41)
[INFO] [stdout] 	at org.junit.platform.engine.support.hierarchical.NodeTestTask.lambda$executeRecursively$6(NodeTestTask.java:155)
[INFO] [stdout] 	at org.junit.platform.engine.support.hierarchical.ThrowableCollector.execute(ThrowableCollector.java:73)
[INFO] [stdout] 	at org.junit.platform.engine.support.hierarchical.NodeTestTask.lambda$executeRecursively$8(NodeTestTask.java:141)
[INFO] [stdout] 	at org.junit.platform.engine.support.hierarchical.Node.around(Node.java:137)
[INFO] [stdout] 	at org.junit.platform.engine.support.hierarchical.NodeTestTask.lambda$executeRecursively$9(NodeTestTask.java:139)
[INFO] [stdout] 	at org.junit.platform.engine.support.hierarchical.ThrowableCollector.execute(ThrowableCollector.java:73)
[INFO] [stdout] 	at org.junit.platform.engine.support.hierarchical.NodeTestTask.executeRecursively(NodeTestTask.java:138)
[INFO] [stdout] 	at org.junit.platform.engine.support.hierarchical.NodeTestTask.execute(NodeTestTask.java:95)
[INFO] [stdout] 	at org.junit.platform.engine.support.hierarchical.SameThreadHierarchicalTestExecutorService.submit(SameThreadHierarchicalTestExecutorService.java:35)
[INFO] [stdout] 	at org.junit.platform.engine.support.hierarchical.HierarchicalTestExecutor.execute(HierarchicalTestExecutor.java:57)
[INFO] [stdout] 	at org.junit.platform.engine.support.hierarchical.HierarchicalTestEngine.execute(HierarchicalTestEngine.java:54)
[INFO] [stdout] 	at org.junit.platform.launcher.core.EngineExecutionOrchestrator.execute(EngineExecutionOrchestrator.java:198)
[INFO] [stdout] 	at org.junit.platform.launcher.core.EngineExecutionOrchestrator.execute(EngineExecutionOrchestrator.java:169)
[INFO] [stdout] 	at org.junit.platform.launcher.core.EngineExecutionOrchestrator.execute(EngineExecutionOrchestrator.java:93)
[INFO] [stdout] 	at org.junit.platform.launcher.core.EngineExecutionOrchestrator.lambda$execute$0(EngineExecutionOrchestrator.java:58)
[INFO] [stdout] 	at org.junit.platform.launcher.core.EngineExecutionOrchestrator.withInterceptedStreams(EngineExecutionOrchestrator.java:141)
[INFO] [stdout] 	at org.junit.platform.launcher.core.EngineExecutionOrchestrator.execute(EngineExecutionOrchestrator.java:57)
[INFO] [stdout] 	at org.junit.platform.launcher.core.DefaultLauncher.execute(DefaultLauncher.java:103)
[INFO] [stdout] 	at org.junit.platform.launcher.core.DefaultLauncher.execute(DefaultLauncher.java:85)
[INFO] [stdout] 	at org.junit.platform.launcher.core.DelegatingLauncher.execute(DelegatingLauncher.java:47)
[INFO] [stdout] 	at org.apache.maven.surefire.junitplatform.LazyLauncher.execute(LazyLauncher.java:50)
[INFO] [stdout] 	at org.apache.maven.surefire.junitplatform.JUnitPlatformProvider.execute(JUnitPlatformProvider.java:184)
[INFO] [stdout] 	at org.apache.maven.surefire.junitplatform.JUnitPlatformProvider.invokeAllTests(JUnitPlatformProvider.java:148)
[INFO] [stdout] 	at org.apache.maven.surefire.junitplatform.JUnitPlatformProvider.invoke(JUnitPlatformProvider.java:122)
[INFO] [stdout] 	at org.apache.maven.surefire.booter.ForkedBooter.runSuitesInProcess(ForkedBooter.java:385)
[INFO] [stdout] 	at org.apache.maven.surefire.booter.ForkedBooter.execute(ForkedBooter.java:162)
[INFO] [stdout] 	at org.apache.maven.surefire.booter.ForkedBooter.run(ForkedBooter.java:507)
[INFO] [stdout] 	at org.apache.maven.surefire.booter.ForkedBooter.main(ForkedBooter.java:495)
[INFO] [stdout] 17:41:40.580 [main] INFO com.azure.servicebus.largemessage.client.AzureServiceBusLargeMessageClient -- AzureServiceBusLargeMessageClient initialized with provided clients
[INFO] [stdout] 17:41:40.587 [main] WARN com.azure.servicebus.largemessage.client.AzureServiceBusLargeMessageClient -- Service Bus send failed after blob upload. Cleaning up orphaned blob: BlobPointer{containerName='test-container', blobName='orphan-blob'}
[INFO] [stdout] 17:41:40.588 [main] ERROR com.azure.servicebus.largemessage.client.AzureServiceBusLargeMessageClient -- Failed to clean up orphaned blob: BlobPointer{containerName='test-container', blobName='orphan-blob'}. Manual cleanup may be required.
[INFO] [stdout] java.lang.RuntimeException: Storage also down
[INFO] [stdout] 	at com.azure.servicebus.largemessage.store.BlobPayloadStore.deletePayload(BlobPayloadStore.java:317)
[INFO] [stdout] 	at com.azure.servicebus.largemessage.client.AzureServiceBusLargeMessageClient.lambda$0(AzureServiceBusLargeMessageClient.java:249)
[INFO] [stdout] 	at com.azure.servicebus.largemessage.util.RetryHandler.lambda$executeWithRetry$0(RetryHandler.java:90)
[INFO] [stdout] 	at com.azure.servicebus.largemessage.util.RetryHandler.executeWithRetry(RetryHandler.java:58)
[INFO] [stdout] 	at com.azure.servicebus.largemessage.util.RetryHandler.executeWithRetry(RetryHandler.java:89)
[INFO] [stdout] 	at com.azure.servicebus.largemessage.client.AzureServiceBusLargeMessageClient.sendMessage(AzureServiceBusLargeMessageClient.java:158)
[INFO] [stdout] 	at com.azure.servicebus.largemessage.client.AzureServiceBusLargeMessageClient.sendMessage(AzureServiceBusLargeMessageClient.java:129)
[INFO] [stdout] 	at com.azure.servicebus.largemessage.client.AzureServiceBusLargeMessageClient.sendMessage(AzureServiceBusLargeMessageClient.java:119)
[INFO] [stdout] 	at com.azure.servicebus.largemessage.client.GapImplementationClientTest$TransactionalAtomicityTests.lambda$2(GapImplementationClientTest.java:127)
[INFO] [stdout] 	at org.junit.jupiter.api.AssertThrows.assertThrows(AssertThrows.java:53)
[INFO] [stdout] 	at org.junit.jupiter.api.AssertThrows.assertThrows(AssertThrows.java:35)
[INFO] [stdout] 	at org.junit.jupiter.api.Assertions.assertThrows(Assertions.java:3115)
[INFO] [stdout] 	at com.azure.servicebus.largemessage.client.GapImplementationClientTest$TransactionalAtomicityTests.testSendFailure_orphanCleanupAlsoFails(GapImplementationClientTest.java:126)
[INFO] [stdout] 	at java.base/jdk.internal.reflect.DirectMethodHandleAccessor.invoke(DirectMethodHandleAccessor.java:103)
[INFO] [stdout] 	at java.base/java.lang.reflect.Method.invoke(Method.java:580)
[INFO] [stdout] 	at org.junit.platform.commons.util.ReflectionUtils.invokeMethod(ReflectionUtils.java:728)
[INFO] [stdout] 	at org.junit.jupiter.engine.execution.MethodInvocation.proceed(MethodInvocation.java:60)
[INFO] [stdout] 	at org.junit.jupiter.engine.execution.InvocationInterceptorChain$ValidatingInvocation.proceed(InvocationInterceptorChain.java:131)
[INFO] [stdout] 	at org.junit.jupiter.engine.extension.TimeoutExtension.intercept(TimeoutExtension.java:156)
[INFO] [stdout] 	at org.junit.jupiter.engine.extension.TimeoutExtension.interceptTestableMethod(TimeoutExtension.java:147)
[INFO] [stdout] 	at org.junit.jupiter.engine.extension.TimeoutExtension.interceptTestMethod(TimeoutExtension.java:86)
[INFO] [stdout] 	at org.junit.jupiter.engine.execution.InterceptingExecutableInvoker$ReflectiveInterceptorCall.lambda$ofVoidMethod$0(InterceptingExecutableInvoker.java:103)
[INFO] [stdout] 	at org.junit.jupiter.engine.execution.InterceptingExecutableInvoker.lambda$invoke$0(InterceptingExecutableInvoker.java:93)
[INFO] [stdout] 	at org.junit.jupiter.engine.execution.InvocationInterceptorChain$InterceptedInvocation.proceed(InvocationInterceptorChain.java:106)
[INFO] [stdout] 	at org.junit.jupiter.engine.execution.InvocationInterceptorChain.proceed(InvocationInterceptorChain.java:64)
[INFO] [stdout] 	at org.junit.jupiter.engine.execution.InvocationInterceptorChain.chainAndInvoke(InvocationInterceptorChain.java:45)
[INFO] [stdout] 	at org.junit.jupiter.engine.execution.InvocationInterceptorChain.invoke(InvocationInterceptorChain.java:37)
[INFO] [stdout] 	at org.junit.jupiter.engine.execution.InterceptingExecutableInvoker.invoke(InterceptingExecutableInvoker.java:92)
[INFO] [stdout] 	at org.junit.jupiter.engine.execution.InterceptingExecutableInvoker.invoke(InterceptingExecutableInvoker.java:86)
[INFO] [stdout] 	at org.junit.jupiter.engine.descriptor.TestMethodTestDescriptor.lambda$invokeTestMethod$7(TestMethodTestDescriptor.java:218)
[INFO] [stdout] 	at org.junit.platform.engine.support.hierarchical.ThrowableCollector.execute(ThrowableCollector.java:73)
[INFO] [stdout] 	at org.junit.jupiter.engine.descriptor.TestMethodTestDescriptor.invokeTestMethod(TestMethodTestDescriptor.java:214)
[INFO] [stdout] 	at org.junit.jupiter.engine.descriptor.TestMethodTestDescriptor.execute(TestMethodTestDescriptor.java:139)
[INFO] [stdout] 	at org.junit.jupiter.engine.descriptor.TestMethodTestDescriptor.execute(TestMethodTestDescriptor.java:69)
[INFO] [stdout] 	at org.junit.platform.engine.support.hierarchical.NodeTestTask.lambda$executeRecursively$6(NodeTestTask.java:151)
[INFO] [stdout] 	at org.junit.platform.engine.support.hierarchical.ThrowableCollector.execute(ThrowableCollector.java:73)
[INFO] [stdout] 	at org.junit.platform.engine.support.hierarchical.NodeTestTask.lambda$executeRecursively$8(NodeTestTask.java:141)
[INFO] [stdout] 	at org.junit.platform.engine.support.hierarchical.Node.around(Node.java:137)
[INFO] [stdout] 	at org.junit.platform.engine.support.hierarchical.NodeTestTask.lambda$executeRecursively$9(NodeTestTask.java:139)
[INFO] [stdout] 	at org.junit.platform.engine.support.hierarchical.ThrowableCollector.execute(ThrowableCollector.java:73)
[INFO] [stdout] 	at org.junit.platform.engine.support.hierarchical.NodeTestTask.executeRecursively(NodeTestTask.java:138)
[INFO] [stdout] 	at org.junit.platform.engine.support.hierarchical.NodeTestTask.execute(NodeTestTask.java:95)
[INFO] [stdout] 	at java.base/java.util.ArrayList.forEach(ArrayList.java:1596)
[INFO] [stdout] 	at org.junit.platform.engine.support.hierarchical.SameThreadHierarchicalTestExecutorService.invokeAll(SameThreadHierarchicalTestExecutorService.java:41)
[INFO] [stdout] 	at org.junit.platform.engine.support.hierarchical.NodeTestTask.lambda$executeRecursively$6(NodeTestTask.java:155)
[INFO] [stdout] 	at org.junit.platform.engine.support.hierarchical.ThrowableCollector.execute(ThrowableCollector.java:73)
[INFO] [stdout] 	at org.junit.platform.engine.support.hierarchical.NodeTestTask.lambda$executeRecursively$8(NodeTestTask.java:141)
[INFO] [stdout] 	at org.junit.platform.engine.support.hierarchical.Node.around(Node.java:137)
[INFO] [stdout] 	at org.junit.platform.engine.support.hierarchical.NodeTestTask.lambda$executeRecursively$9(NodeTestTask.java:139)
[INFO] [stdout] 	at org.junit.platform.engine.support.hierarchical.ThrowableCollector.execute(ThrowableCollector.java:73)
[INFO] [stdout] 	at org.junit.platform.engine.support.hierarchical.NodeTestTask.executeRecursively(NodeTestTask.java:138)
[INFO] [stdout] 	at org.junit.platform.engine.support.hierarchical.NodeTestTask.execute(NodeTestTask.java:95)
[INFO] [stdout] 	at java.base/java.util.ArrayList.forEach(ArrayList.java:1596)
[INFO] [stdout] 	at org.junit.platform.engine.support.hierarchical.SameThreadHierarchicalTestExecutorService.invokeAll(SameThreadHierarchicalTestExecutorService.java:41)
[INFO] [stdout] 	at org.junit.platform.engine.support.hierarchical.NodeTestTask.lambda$executeRecursively$6(NodeTestTask.java:155)
[INFO] [stdout] 	at org.junit.platform.engine.support.hierarchical.ThrowableCollector.execute(ThrowableCollector.java:73)
[INFO] [stdout] 	at org.junit.platform.engine.support.hierarchical.NodeTestTask.lambda$executeRecursively$8(NodeTestTask.java:141)
[INFO] [stdout] 	at org.junit.platform.engine.support.hierarchical.Node.around(Node.java:137)
[INFO] [stdout] 	at org.junit.platform.engine.support.hierarchical.NodeTestTask.lambda$executeRecursively$9(NodeTestTask.java:139)
[INFO] [stdout] 	at org.junit.platform.engine.support.hierarchical.ThrowableCollector.execute(ThrowableCollector.java:73)
[INFO] [stdout] 	at org.junit.platform.engine.support.hierarchical.NodeTestTask.executeRecursively(NodeTestTask.java:138)
[INFO] [stdout] 	at org.junit.platform.engine.support.hierarchical.NodeTestTask.execute(NodeTestTask.java:95)
[INFO] [stdout] 	at java.base/java.util.ArrayList.forEach(ArrayList.java:1596)
[INFO] [stdout] 	at org.junit.platform.engine.support.hierarchical.SameThreadHierarchicalTestExecutorService.invokeAll(SameThreadHierarchicalTestExecutorService.java:41)
[INFO] [stdout] 	at org.junit.platform.engine.support.hierarchical.NodeTestTask.lambda$executeRecursively$6(NodeTestTask.java:155)
[INFO] [stdout] 	at org.junit.platform.engine.support.hierarchical.ThrowableCollector.execute(ThrowableCollector.java:73)
[INFO] [stdout] 	at org.junit.platform.engine.support.hierarchical.NodeTestTask.lambda$executeRecursively$8(NodeTestTask.java:141)
[INFO] [stdout] 	at org.junit.platform.engine.support.hierarchical.Node.around(Node.java:137)
[INFO] [stdout] 	at org.junit.platform.engine.support.hierarchical.NodeTestTask.lambda$executeRecursively$9(NodeTestTask.java:139)
[INFO] [stdout] 	at org.junit.platform.engine.support.hierarchical.ThrowableCollector.execute(ThrowableCollector.java:73)
[INFO] [stdout] 	at org.junit.platform.engine.support.hierarchical.NodeTestTask.executeRecursively(NodeTestTask.java:138)
[INFO] [stdout] 	at org.junit.platform.engine.support.hierarchical.NodeTestTask.execute(NodeTestTask.java:95)
[INFO] [stdout] 	at org.junit.platform.engine.support.hierarchical.SameThreadHierarchicalTestExecutorService.submit(SameThreadHierarchicalTestExecutorService.java:35)
[INFO] [stdout] 	at org.junit.platform.engine.support.hierarchical.HierarchicalTestExecutor.execute(HierarchicalTestExecutor.java:57)
[INFO] [stdout] 	at org.junit.platform.engine.support.hierarchical.HierarchicalTestEngine.execute(HierarchicalTestEngine.java:54)
[INFO] [stdout] 	at org.junit.platform.launcher.core.EngineExecutionOrchestrator.execute(EngineExecutionOrchestrator.java:198)
[INFO] [stdout] 	at org.junit.platform.launcher.core.EngineExecutionOrchestrator.execute(EngineExecutionOrchestrator.java:169)
[INFO] [stdout] 	at org.junit.platform.launcher.core.EngineExecutionOrchestrator.execute(EngineExecutionOrchestrator.java:93)
[INFO] [stdout] 	at org.junit.platform.launcher.core.EngineExecutionOrchestrator.lambda$execute$0(EngineExecutionOrchestrator.java:58)
[INFO] [stdout] 	at org.junit.platform.launcher.core.EngineExecutionOrchestrator.withInterceptedStreams(EngineExecutionOrchestrator.java:141)
[INFO] [stdout] 	at org.junit.platform.launcher.core.EngineExecutionOrchestrator.execute(EngineExecutionOrchestrator.java:57)
[INFO] [stdout] 	at org.junit.platform.launcher.core.DefaultLauncher.execute(DefaultLauncher.java:103)
[INFO] [stdout] 	at org.junit.platform.launcher.core.DefaultLauncher.execute(DefaultLauncher.java:85)
[INFO] [stdout] 	at org.junit.platform.launcher.core.DelegatingLauncher.execute(DelegatingLauncher.java:47)
[INFO] [stdout] 	at org.apache.maven.surefire.junitplatform.LazyLauncher.execute(LazyLauncher.java:50)
[INFO] [stdout] 	at org.apache.maven.surefire.junitplatform.JUnitPlatformProvider.execute(JUnitPlatformProvider.java:184)
[INFO] [stdout] 	at org.apache.maven.surefire.junitplatform.JUnitPlatformProvider.invokeAllTests(JUnitPlatformProvider.java:148)
[INFO] [stdout] 	at org.apache.maven.surefire.junitplatform.JUnitPlatformProvider.invoke(JUnitPlatformProvider.java:122)
[INFO] [stdout] 	at org.apache.maven.surefire.booter.ForkedBooter.runSuitesInProcess(ForkedBooter.java:385)
[INFO] [stdout] 	at org.apache.maven.surefire.booter.ForkedBooter.execute(ForkedBooter.java:162)
[INFO] [stdout] 	at org.apache.maven.surefire.booter.ForkedBooter.run(ForkedBooter.java:507)
[INFO] [stdout] 	at org.apache.maven.surefire.booter.ForkedBooter.main(ForkedBooter.java:495)
[INFO] [stdout] 17:41:40.588 [main] WARN com.azure.servicebus.largemessage.util.RetryHandler -- Operation failed on attempt 1/3. Retrying after 930 ms. Error: Service Bus down
[INFO] [stdout] 17:41:41.521 [main] WARN com.azure.servicebus.largemessage.client.AzureServiceBusLargeMessageClient -- Service Bus send failed after blob upload. Cleaning up orphaned blob: BlobPointer{containerName='test-container', blobName='orphan-blob'}
[INFO] [stdout] 17:41:41.521 [main] ERROR com.azure.servicebus.largemessage.client.AzureServiceBusLargeMessageClient -- Failed to clean up orphaned blob: BlobPointer{containerName='test-container', blobName='orphan-blob'}. Manual cleanup may be required.
[INFO] [stdout] java.lang.RuntimeException: Storage also down
[INFO] [stdout] 	at com.azure.servicebus.largemessage.store.BlobPayloadStore.deletePayload(BlobPayloadStore.java:317)
[INFO] [stdout] 	at com.azure.servicebus.largemessage.client.AzureServiceBusLargeMessageClient.lambda$0(AzureServiceBusLargeMessageClient.java:249)
[INFO] [stdout] 	at com.azure.servicebus.largemessage.util.RetryHandler.lambda$executeWithRetry$0(RetryHandler.java:90)
[INFO] [stdout] 	at com.azure.servicebus.largemessage.util.RetryHandler.executeWithRetry(RetryHandler.java:58)
[INFO] [stdout] 	at com.azure.servicebus.largemessage.util.RetryHandler.executeWithRetry(RetryHandler.java:89)
[INFO] [stdout] 	at com.azure.servicebus.largemessage.client.AzureServiceBusLargeMessageClient.sendMessage(AzureServiceBusLargeMessageClient.java:158)
[INFO] [stdout] 	at com.azure.servicebus.largemessage.client.AzureServiceBusLargeMessageClient.sendMessage(AzureServiceBusLargeMessageClient.java:129)
[INFO] [stdout] 	at com.azure.servicebus.largemessage.client.AzureServiceBusLargeMessageClient.sendMessage(AzureServiceBusLargeMessageClient.java:119)
[INFO] [stdout] 	at com.azure.servicebus.largemessage.client.GapImplementationClientTest$TransactionalAtomicityTests.lambda$2(GapImplementationClientTest.java:127)
[INFO] [stdout] 	at org.junit.jupiter.api.AssertThrows.assertThrows(AssertThrows.java:53)
[INFO] [stdout] 	at org.junit.jupiter.api.AssertThrows.assertThrows(AssertThrows.java:35)
[INFO] [stdout] 	at org.junit.jupiter.api.Assertions.assertThrows(Assertions.java:3115)
[INFO] [stdout] 	at com.azure.servicebus.largemessage.client.GapImplementationClientTest$TransactionalAtomicityTests.testSendFailure_orphanCleanupAlsoFails(GapImplementationClientTest.java:126)
[INFO] [stdout] 	at java.base/jdk.internal.reflect.DirectMethodHandleAccessor.invoke(DirectMethodHandleAccessor.java:103)
[INFO] [stdout] 	at java.base/java.lang.reflect.Method.invoke(Method.java:580)
[INFO] [stdout] 	at org.junit.platform.commons.util.ReflectionUtils.invokeMethod(ReflectionUtils.java:728)
[INFO] [stdout] 	at org.junit.jupiter.engine.execution.MethodInvocation.proceed(MethodInvocation.java:60)
[INFO] [stdout] 	at org.junit.jupiter.engine.execution.InvocationInterceptorChain$ValidatingInvocation.proceed(InvocationInterceptorChain.java:131)
[INFO] [stdout] 	at org.junit.jupiter.engine.extension.TimeoutExtension.intercept(TimeoutExtension.java:156)
[INFO] [stdout] 	at org.junit.jupiter.engine.extension.TimeoutExtension.interceptTestableMethod(TimeoutExtension.java:147)
[INFO] [stdout] 	at org.junit.jupiter.engine.extension.TimeoutExtension.interceptTestMethod(TimeoutExtension.java:86)
[INFO] [stdout] 	at org.junit.jupiter.engine.execution.InterceptingExecutableInvoker$ReflectiveInterceptorCall.lambda$ofVoidMethod$0(InterceptingExecutableInvoker.java:103)
[INFO] [stdout] 	at org.junit.jupiter.engine.execution.InterceptingExecutableInvoker.lambda$invoke$0(InterceptingExecutableInvoker.java:93)
[INFO] [stdout] 	at org.junit.jupiter.engine.execution.InvocationInterceptorChain$InterceptedInvocation.proceed(InvocationInterceptorChain.java:106)
[INFO] [stdout] 	at org.junit.jupiter.engine.execution.InvocationInterceptorChain.proceed(InvocationInterceptorChain.java:64)
[INFO] [stdout] 	at org.junit.jupiter.engine.execution.InvocationInterceptorChain.chainAndInvoke(InvocationInterceptorChain.java:45)
[INFO] [stdout] 	at org.junit.jupiter.engine.execution.InvocationInterceptorChain.invoke(InvocationInterceptorChain.java:37)
[INFO] [stdout] 	at org.junit.jupiter.engine.execution.InterceptingExecutableInvoker.invoke(InterceptingExecutableInvoker.java:92)
[INFO] [stdout] 	at org.junit.jupiter.engine.execution.InterceptingExecutableInvoker.invoke(InterceptingExecutableInvoker.java:86)
[INFO] [stdout] 	at org.junit.jupiter.engine.descriptor.TestMethodTestDescriptor.lambda$invokeTestMethod$7(TestMethodTestDescriptor.java:218)
[INFO] [stdout] 	at org.junit.platform.engine.support.hierarchical.ThrowableCollector.execute(ThrowableCollector.java:73)
[INFO] [stdout] 	at org.junit.jupiter.engine.descriptor.TestMethodTestDescriptor.invokeTestMethod(TestMethodTestDescriptor.java:214)
[INFO] [stdout] 	at org.junit.jupiter.engine.descriptor.TestMethodTestDescriptor.execute(TestMethodTestDescriptor.java:139)
[INFO] [stdout] 	at org.junit.jupiter.engine.descriptor.TestMethodTestDescriptor.execute(TestMethodTestDescriptor.java:69)
[INFO] [stdout] 	at org.junit.platform.engine.support.hierarchical.NodeTestTask.lambda$executeRecursively$6(NodeTestTask.java:151)
[INFO] [stdout] 	at org.junit.platform.engine.support.hierarchical.ThrowableCollector.execute(ThrowableCollector.java:73)
[INFO] [stdout] 	at org.junit.platform.engine.support.hierarchical.NodeTestTask.lambda$executeRecursively$8(NodeTestTask.java:141)
[INFO] [stdout] 	at org.junit.platform.engine.support.hierarchical.Node.around(Node.java:137)
[INFO] [stdout] 	at org.junit.platform.engine.support.hierarchical.NodeTestTask.lambda$executeRecursively$9(NodeTestTask.java:139)
[INFO] [stdout] 	at org.junit.platform.engine.support.hierarchical.ThrowableCollector.execute(ThrowableCollector.java:73)
[INFO] [stdout] 	at org.junit.platform.engine.support.hierarchical.NodeTestTask.executeRecursively(NodeTestTask.java:138)
[INFO] [stdout] 	at org.junit.platform.engine.support.hierarchical.NodeTestTask.execute(NodeTestTask.java:95)
[INFO] [stdout] 	at java.base/java.util.ArrayList.forEach(ArrayList.java:1596)
[INFO] [stdout] 	at org.junit.platform.engine.support.hierarchical.SameThreadHierarchicalTestExecutorService.invokeAll(SameThreadHierarchicalTestExecutorService.java:41)
[INFO] [stdout] 	at org.junit.platform.engine.support.hierarchical.NodeTestTask.lambda$executeRecursively$6(NodeTestTask.java:155)
[INFO] [stdout] 	at org.junit.platform.engine.support.hierarchical.ThrowableCollector.execute(ThrowableCollector.java:73)
[INFO] [stdout] 	at org.junit.platform.engine.support.hierarchical.NodeTestTask.lambda$executeRecursively$8(NodeTestTask.java:141)
[INFO] [stdout] 	at org.junit.platform.engine.support.hierarchical.Node.around(Node.java:137)
[INFO] [stdout] 	at org.junit.platform.engine.support.hierarchical.NodeTestTask.lambda$executeRecursively$9(NodeTestTask.java:139)
[INFO] [stdout] 	at org.junit.platform.engine.support.hierarchical.ThrowableCollector.execute(ThrowableCollector.java:73)
[INFO] [stdout] 	at org.junit.platform.engine.support.hierarchical.NodeTestTask.executeRecursively(NodeTestTask.java:138)
[INFO] [stdout] 	at org.junit.platform.engine.support.hierarchical.NodeTestTask.execute(NodeTestTask.java:95)
[INFO] [stdout] 	at java.base/java.util.ArrayList.forEach(ArrayList.java:1596)
[INFO] [stdout] 	at org.junit.platform.engine.support.hierarchical.SameThreadHierarchicalTestExecutorService.invokeAll(SameThreadHierarchicalTestExecutorService.java:41)
[INFO] [stdout] 	at org.junit.platform.engine.support.hierarchical.NodeTestTask.lambda$executeRecursively$6(NodeTestTask.java:155)
[INFO] [stdout] 	at org.junit.platform.engine.support.hierarchical.ThrowableCollector.execute(ThrowableCollector.java:73)
[INFO] [stdout] 	at org.junit.platform.engine.support.hierarchical.NodeTestTask.lambda$executeRecursively$8(NodeTestTask.java:141)
[INFO] [stdout] 	at org.junit.platform.engine.support.hierarchical.Node.around(Node.java:137)
[INFO] [stdout] 	at org.junit.platform.engine.support.hierarchical.NodeTestTask.lambda$executeRecursively$9(NodeTestTask.java:139)
[INFO] [stdout] 	at org.junit.platform.engine.support.hierarchical.ThrowableCollector.execute(ThrowableCollector.java:73)
[INFO] [stdout] 	at org.junit.platform.engine.support.hierarchical.NodeTestTask.executeRecursively(NodeTestTask.java:138)
[INFO] [stdout] 	at org.junit.platform.engine.support.hierarchical.NodeTestTask.execute(NodeTestTask.java:95)
[INFO] [stdout] 	at java.base/java.util.ArrayList.forEach(ArrayList.java:1596)
[INFO] [stdout] 	at org.junit.platform.engine.support.hierarchical.SameThreadHierarchicalTestExecutorService.invokeAll(SameThreadHierarchicalTestExecutorService.java:41)
[INFO] [stdout] 	at org.junit.platform.engine.support.hierarchical.NodeTestTask.lambda$executeRecursively$6(NodeTestTask.java:155)
[INFO] [stdout] 	at org.junit.platform.engine.support.hierarchical.ThrowableCollector.execute(ThrowableCollector.java:73)
[INFO] [stdout] 	at org.junit.platform.engine.support.hierarchical.NodeTestTask.lambda$executeRecursively$8(NodeTestTask.java:141)
[INFO] [stdout] 	at org.junit.platform.engine.support.hierarchical.Node.around(Node.java:137)
[INFO] [stdout] 	at org.junit.platform.engine.support.hierarchical.NodeTestTask.lambda$executeRecursively$9(NodeTestTask.java:139)
[INFO] [stdout] 	at org.junit.platform.engine.support.hierarchical.ThrowableCollector.execute(ThrowableCollector.java:73)
[INFO] [stdout] 	at org.junit.platform.engine.support.hierarchical.NodeTestTask.executeRecursively(NodeTestTask.java:138)
[INFO] [stdout] 	at org.junit.platform.engine.support.hierarchical.NodeTestTask.execute(NodeTestTask.java:95)
[INFO] [stdout] 	at org.junit.platform.engine.support.hierarchical.SameThreadHierarchicalTestExecutorService.submit(SameThreadHierarchicalTestExecutorService.java:35)
[INFO] [stdout] 	at org.junit.platform.engine.support.hierarchical.HierarchicalTestExecutor.execute(HierarchicalTestExecutor.java:57)
[INFO] [stdout] 	at org.junit.platform.engine.support.hierarchical.HierarchicalTestEngine.execute(HierarchicalTestEngine.java:54)
[INFO] [stdout] 	at org.junit.platform.launcher.core.EngineExecutionOrchestrator.execute(EngineExecutionOrchestrator.java:198)
[INFO] [stdout] 	at org.junit.platform.launcher.core.EngineExecutionOrchestrator.execute(EngineExecutionOrchestrator.java:169)
[INFO] [stdout] 	at org.junit.platform.launcher.core.EngineExecutionOrchestrator.execute(EngineExecutionOrchestrator.java:93)
[INFO] [stdout] 	at org.junit.platform.launcher.core.EngineExecutionOrchestrator.lambda$execute$0(EngineExecutionOrchestrator.java:58)
[INFO] [stdout] 	at org.junit.platform.launcher.core.EngineExecutionOrchestrator.withInterceptedStreams(EngineExecutionOrchestrator.java:141)
[INFO] [stdout] 	at org.junit.platform.launcher.core.EngineExecutionOrchestrator.execute(EngineExecutionOrchestrator.java:57)
[INFO] [stdout] 	at org.junit.platform.launcher.core.DefaultLauncher.execute(DefaultLauncher.java:103)
[INFO] [stdout] 	at org.junit.platform.launcher.core.DefaultLauncher.execute(DefaultLauncher.java:85)
[INFO] [stdout] 	at org.junit.platform.launcher.core.DelegatingLauncher.execute(DelegatingLauncher.java:47)
[INFO] [stdout] 	at org.apache.maven.surefire.junitplatform.LazyLauncher.execute(LazyLauncher.java:50)
[INFO] [stdout] 	at org.apache.maven.surefire.junitplatform.JUnitPlatformProvider.execute(JUnitPlatformProvider.java:184)
[INFO] [stdout] 	at org.apache.maven.surefire.junitplatform.JUnitPlatformProvider.invokeAllTests(JUnitPlatformProvider.java:148)
[INFO] [stdout] 	at org.apache.maven.surefire.junitplatform.JUnitPlatformProvider.invoke(JUnitPlatformProvider.java:122)
[INFO] [stdout] 	at org.apache.maven.surefire.booter.ForkedBooter.runSuitesInProcess(ForkedBooter.java:385)
[INFO] [stdout] 	at org.apache.maven.surefire.booter.ForkedBooter.execute(ForkedBooter.java:162)
[INFO] [stdout] 	at org.apache.maven.surefire.booter.ForkedBooter.run(ForkedBooter.java:507)
[INFO] [stdout] 	at org.apache.maven.surefire.booter.ForkedBooter.main(ForkedBooter.java:495)
[INFO] [stdout] 17:41:41.522 [main] WARN com.azure.servicebus.largemessage.util.RetryHandler -- Operation failed on attempt 2/3. Retrying after 1931 ms. Error: Service Bus down
[INFO] [stdout] 17:41:43.455 [main] WARN com.azure.servicebus.largemessage.client.AzureServiceBusLargeMessageClient -- Service Bus send failed after blob upload. Cleaning up orphaned blob: BlobPointer{containerName='test-container', blobName='orphan-blob'}
[INFO] [stdout] 17:41:43.455 [main] ERROR com.azure.servicebus.largemessage.client.AzureServiceBusLargeMessageClient -- Failed to clean up orphaned blob: BlobPointer{containerName='test-container', blobName='orphan-blob'}. Manual cleanup may be required.
[INFO] [stdout] java.lang.RuntimeException: Storage also down
[INFO] [stdout] 	at com.azure.servicebus.largemessage.store.BlobPayloadStore.deletePayload(BlobPayloadStore.java:317)
[INFO] [stdout] 	at com.azure.servicebus.largemessage.client.AzureServiceBusLargeMessageClient.lambda$0(AzureServiceBusLargeMessageClient.java:249)
[INFO] [stdout] 	at com.azure.servicebus.largemessage.util.RetryHandler.lambda$executeWithRetry$0(RetryHandler.java:90)
[INFO] [stdout] 	at com.azure.servicebus.largemessage.util.RetryHandler.executeWithRetry(RetryHandler.java:58)
[INFO] [stdout] 	at com.azure.servicebus.largemessage.util.RetryHandler.executeWithRetry(RetryHandler.java:89)
[INFO] [stdout] 	at com.azure.servicebus.largemessage.client.AzureServiceBusLargeMessageClient.sendMessage(AzureServiceBusLargeMessageClient.java:158)
[INFO] [stdout] 	at com.azure.servicebus.largemessage.client.AzureServiceBusLargeMessageClient.sendMessage(AzureServiceBusLargeMessageClient.java:129)
[INFO] [stdout] 	at com.azure.servicebus.largemessage.client.AzureServiceBusLargeMessageClient.sendMessage(AzureServiceBusLargeMessageClient.java:119)
[INFO] [stdout] 	at com.azure.servicebus.largemessage.client.GapImplementationClientTest$TransactionalAtomicityTests.lambda$2(GapImplementationClientTest.java:127)
[INFO] [stdout] 	at org.junit.jupiter.api.AssertThrows.assertThrows(AssertThrows.java:53)
[INFO] [stdout] 	at org.junit.jupiter.api.AssertThrows.assertThrows(AssertThrows.java:35)
[INFO] [stdout] 	at org.junit.jupiter.api.Assertions.assertThrows(Assertions.java:3115)
[INFO] [stdout] 	at com.azure.servicebus.largemessage.client.GapImplementationClientTest$TransactionalAtomicityTests.testSendFailure_orphanCleanupAlsoFails(GapImplementationClientTest.java:126)
[INFO] [stdout] 	at java.base/jdk.internal.reflect.DirectMethodHandleAccessor.invoke(DirectMethodHandleAccessor.java:103)
[INFO] [stdout] 	at java.base/java.lang.reflect.Method.invoke(Method.java:580)
[INFO] [stdout] 	at org.junit.platform.commons.util.ReflectionUtils.invokeMethod(ReflectionUtils.java:728)
[INFO] [stdout] 	at org.junit.jupiter.engine.execution.MethodInvocation.proceed(MethodInvocation.java:60)
[INFO] [stdout] 	at org.junit.jupiter.engine.execution.InvocationInterceptorChain$ValidatingInvocation.proceed(InvocationInterceptorChain.java:131)
[INFO] [stdout] 	at org.junit.jupiter.engine.extension.TimeoutExtension.intercept(TimeoutExtension.java:156)
[INFO] [stdout] 	at org.junit.jupiter.engine.extension.TimeoutExtension.interceptTestableMethod(TimeoutExtension.java:147)
[INFO] [stdout] 	at org.junit.jupiter.engine.extension.TimeoutExtension.interceptTestMethod(TimeoutExtension.java:86)
[INFO] [stdout] 	at org.junit.jupiter.engine.execution.InterceptingExecutableInvoker$ReflectiveInterceptorCall.lambda$ofVoidMethod$0(InterceptingExecutableInvoker.java:103)
[INFO] [stdout] 	at org.junit.jupiter.engine.execution.InterceptingExecutableInvoker.lambda$invoke$0(InterceptingExecutableInvoker.java:93)
[INFO] [stdout] 	at org.junit.jupiter.engine.execution.InvocationInterceptorChain$InterceptedInvocation.proceed(InvocationInterceptorChain.java:106)
[INFO] [stdout] 	at org.junit.jupiter.engine.execution.InvocationInterceptorChain.proceed(InvocationInterceptorChain.java:64)
[INFO] [stdout] 	at org.junit.jupiter.engine.execution.InvocationInterceptorChain.chainAndInvoke(InvocationInterceptorChain.java:45)
[INFO] [stdout] 	at org.junit.jupiter.engine.execution.InvocationInterceptorChain.invoke(InvocationInterceptorChain.java:37)
[INFO] [stdout] 	at org.junit.jupiter.engine.execution.InterceptingExecutableInvoker.invoke(InterceptingExecutableInvoker.java:92)
[INFO] [stdout] 	at org.junit.jupiter.engine.execution.InterceptingExecutableInvoker.invoke(InterceptingExecutableInvoker.java:86)
[INFO] [stdout] 	at org.junit.jupiter.engine.descriptor.TestMethodTestDescriptor.lambda$invokeTestMethod$7(TestMethodTestDescriptor.java:218)
[INFO] [stdout] 	at org.junit.platform.engine.support.hierarchical.ThrowableCollector.execute(ThrowableCollector.java:73)
[INFO] [stdout] 	at org.junit.jupiter.engine.descriptor.TestMethodTestDescriptor.invokeTestMethod(TestMethodTestDescriptor.java:214)
[INFO] [stdout] 	at org.junit.jupiter.engine.descriptor.TestMethodTestDescriptor.execute(TestMethodTestDescriptor.java:139)
[INFO] [stdout] 	at org.junit.jupiter.engine.descriptor.TestMethodTestDescriptor.execute(TestMethodTestDescriptor.java:69)
[INFO] [stdout] 	at org.junit.platform.engine.support.hierarchical.NodeTestTask.lambda$executeRecursively$6(NodeTestTask.java:151)
[INFO] [stdout] 	at org.junit.platform.engine.support.hierarchical.ThrowableCollector.execute(ThrowableCollector.java:73)
[INFO] [stdout] 	at org.junit.platform.engine.support.hierarchical.NodeTestTask.lambda$executeRecursively$8(NodeTestTask.java:141)
[INFO] [stdout] 	at org.junit.platform.engine.support.hierarchical.Node.around(Node.java:137)
[INFO] [stdout] 	at org.junit.platform.engine.support.hierarchical.NodeTestTask.lambda$executeRecursively$9(NodeTestTask.java:139)
[INFO] [stdout] 	at org.junit.platform.engine.support.hierarchical.ThrowableCollector.execute(ThrowableCollector.java:73)
[INFO] [stdout] 	at org.junit.platform.engine.support.hierarchical.NodeTestTask.executeRecursively(NodeTestTask.java:138)
[INFO] [stdout] 	at org.junit.platform.engine.support.hierarchical.NodeTestTask.execute(NodeTestTask.java:95)
[INFO] [stdout] 	at java.base/java.util.ArrayList.forEach(ArrayList.java:1596)
[INFO] [stdout] 	at org.junit.platform.engine.support.hierarchical.SameThreadHierarchicalTestExecutorService.invokeAll(SameThreadHierarchicalTestExecutorService.java:41)
[INFO] [stdout] 	at org.junit.platform.engine.support.hierarchical.NodeTestTask.lambda$executeRecursively$6(NodeTestTask.java:155)
[INFO] [stdout] 	at org.junit.platform.engine.support.hierarchical.ThrowableCollector.execute(ThrowableCollector.java:73)
[INFO] [stdout] 	at org.junit.platform.engine.support.hierarchical.NodeTestTask.lambda$executeRecursively$8(NodeTestTask.java:141)
[INFO] [stdout] 	at org.junit.platform.engine.support.hierarchical.Node.around(Node.java:137)
[INFO] [stdout] 	at org.junit.platform.engine.support.hierarchical.NodeTestTask.lambda$executeRecursively$9(NodeTestTask.java:139)
[INFO] [stdout] 	at org.junit.platform.engine.support.hierarchical.ThrowableCollector.execute(ThrowableCollector.java:73)
[INFO] [stdout] 	at org.junit.platform.engine.support.hierarchical.NodeTestTask.executeRecursively(NodeTestTask.java:138)
[INFO] [stdout] 	at org.junit.platform.engine.support.hierarchical.NodeTestTask.execute(NodeTestTask.java:95)
[INFO] [stdout] 	at java.base/java.util.ArrayList.forEach(ArrayList.java:1596)
[INFO] [stdout] 	at org.junit.platform.engine.support.hierarchical.SameThreadHierarchicalTestExecutorService.invokeAll(SameThreadHierarchicalTestExecutorService.java:41)
[INFO] [stdout] 	at org.junit.platform.engine.support.hierarchical.NodeTestTask.lambda$executeRecursively$6(NodeTestTask.java:155)
[INFO] [stdout] 	at org.junit.platform.engine.support.hierarchical.ThrowableCollector.execute(ThrowableCollector.java:73)
[INFO] [stdout] 	at org.junit.platform.engine.support.hierarchical.NodeTestTask.lambda$executeRecursively$8(NodeTestTask.java:141)
[INFO] [stdout] 	at org.junit.platform.engine.support.hierarchical.Node.around(Node.java:137)
[INFO] [stdout] 	at org.junit.platform.engine.support.hierarchical.NodeTestTask.lambda$executeRecursively$9(NodeTestTask.java:139)
[INFO] [stdout] 	at org.junit.platform.engine.support.hierarchical.ThrowableCollector.execute(ThrowableCollector.java:73)
[INFO] [stdout] 	at org.junit.platform.engine.support.hierarchical.NodeTestTask.executeRecursively(NodeTestTask.java:138)
[INFO] [stdout] 	at org.junit.platform.engine.support.hierarchical.NodeTestTask.execute(NodeTestTask.java:95)
[INFO] [stdout] 	at java.base/java.util.ArrayList.forEach(ArrayList.java:1596)
[INFO] [stdout] 	at org.junit.platform.engine.support.hierarchical.SameThreadHierarchicalTestExecutorService.invokeAll(SameThreadHierarchicalTestExecutorService.java:41)
[INFO] [stdout] 	at org.junit.platform.engine.support.hierarchical.NodeTestTask.lambda$executeRecursively$6(NodeTestTask.java:155)
[INFO] [stdout] 	at org.junit.platform.engine.support.hierarchical.ThrowableCollector.execute(ThrowableCollector.java:73)
[INFO] [stdout] 	at org.junit.platform.engine.support.hierarchical.NodeTestTask.lambda$executeRecursively$8(NodeTestTask.java:141)
[INFO] [stdout] 	at org.junit.platform.engine.support.hierarchical.Node.around(Node.java:137)
[INFO] [stdout] 	at org.junit.platform.engine.support.hierarchical.NodeTestTask.lambda$executeRecursively$9(NodeTestTask.java:139)
[INFO] [stdout] 	at org.junit.platform.engine.support.hierarchical.ThrowableCollector.execute(ThrowableCollector.java:73)
[INFO] [stdout] 	at org.junit.platform.engine.support.hierarchical.NodeTestTask.executeRecursively(NodeTestTask.java:138)
[INFO] [stdout] 	at org.junit.platform.engine.support.hierarchical.NodeTestTask.execute(NodeTestTask.java:95)
[INFO] [stdout] 	at org.junit.platform.engine.support.hierarchical.SameThreadHierarchicalTestExecutorService.submit(SameThreadHierarchicalTestExecutorService.java:35)
[INFO] [stdout] 	at org.junit.platform.engine.support.hierarchical.HierarchicalTestExecutor.execute(HierarchicalTestExecutor.java:57)
[INFO] [stdout] 	at org.junit.platform.engine.support.hierarchical.HierarchicalTestEngine.execute(HierarchicalTestEngine.java:54)
[INFO] [stdout] 	at org.junit.platform.launcher.core.EngineExecutionOrchestrator.execute(EngineExecutionOrchestrator.java:198)
[INFO] [stdout] 	at org.junit.platform.launcher.core.EngineExecutionOrchestrator.execute(EngineExecutionOrchestrator.java:169)
[INFO] [stdout] 	at org.junit.platform.launcher.core.EngineExecutionOrchestrator.execute(EngineExecutionOrchestrator.java:93)
[INFO] [stdout] 	at org.junit.platform.launcher.core.EngineExecutionOrchestrator.lambda$execute$0(EngineExecutionOrchestrator.java:58)
[INFO] [stdout] 	at org.junit.platform.launcher.core.EngineExecutionOrchestrator.withInterceptedStreams(EngineExecutionOrchestrator.java:141)
[INFO] [stdout] 	at org.junit.platform.launcher.core.EngineExecutionOrchestrator.execute(EngineExecutionOrchestrator.java:57)
[INFO] [stdout] 	at org.junit.platform.launcher.core.DefaultLauncher.execute(DefaultLauncher.java:103)
[INFO] [stdout] 	at org.junit.platform.launcher.core.DefaultLauncher.execute(DefaultLauncher.java:85)
[INFO] [stdout] 	at org.junit.platform.launcher.core.DelegatingLauncher.execute(DelegatingLauncher.java:47)
[INFO] [stdout] 	at org.apache.maven.surefire.junitplatform.LazyLauncher.execute(LazyLauncher.java:50)
[INFO] [stdout] 	at org.apache.maven.surefire.junitplatform.JUnitPlatformProvider.execute(JUnitPlatformProvider.java:184)
[INFO] [stdout] 	at org.apache.maven.surefire.junitplatform.JUnitPlatformProvider.invokeAllTests(JUnitPlatformProvider.java:148)
[INFO] [stdout] 	at org.apache.maven.surefire.junitplatform.JUnitPlatformProvider.invoke(JUnitPlatformProvider.java:122)
[INFO] [stdout] 	at org.apache.maven.surefire.booter.ForkedBooter.runSuitesInProcess(ForkedBooter.java:385)
[INFO] [stdout] 	at org.apache.maven.surefire.booter.ForkedBooter.execute(ForkedBooter.java:162)
[INFO] [stdout] 	at org.apache.maven.surefire.booter.ForkedBooter.run(ForkedBooter.java:507)
[INFO] [stdout] 	at org.apache.maven.surefire.booter.ForkedBooter.main(ForkedBooter.java:495)
[INFO] [stdout] 17:41:43.456 [main] ERROR com.azure.servicebus.largemessage.util.RetryHandler -- Operation failed after 3 attempts
[INFO] [stdout] java.lang.RuntimeException: Service Bus down
[INFO] [stdout] 	at com.azure.messaging.servicebus.ServiceBusSenderClient.sendMessage(ServiceBusSenderClient.java:265)
[INFO] [stdout] 	at com.azure.servicebus.largemessage.client.AzureServiceBusLargeMessageClient.lambda$0(AzureServiceBusLargeMessageClient.java:243)
[INFO] [stdout] 	at com.azure.servicebus.largemessage.util.RetryHandler.lambda$executeWithRetry$0(RetryHandler.java:90)
[INFO] [stdout] 	at com.azure.servicebus.largemessage.util.RetryHandler.executeWithRetry(RetryHandler.java:58)
[INFO] [stdout] 	at com.azure.servicebus.largemessage.util.RetryHandler.executeWithRetry(RetryHandler.java:89)
[INFO] [stdout] 	at com.azure.servicebus.largemessage.client.AzureServiceBusLargeMessageClient.sendMessage(AzureServiceBusLargeMessageClient.java:158)
[INFO] [stdout] 	at com.azure.servicebus.largemessage.client.AzureServiceBusLargeMessageClient.sendMessage(AzureServiceBusLargeMessageClient.java:129)
[INFO] [stdout] 	at com.azure.servicebus.largemessage.client.AzureServiceBusLargeMessageClient.sendMessage(AzureServiceBusLargeMessageClient.java:119)
[INFO] [stdout] 	at com.azure.servicebus.largemessage.client.GapImplementationClientTest$TransactionalAtomicityTests.lambda$2(GapImplementationClientTest.java:127)
[INFO] [stdout] 	at org.junit.jupiter.api.AssertThrows.assertThrows(AssertThrows.java:53)
[INFO] [stdout] 	at org.junit.jupiter.api.AssertThrows.assertThrows(AssertThrows.java:35)
[INFO] [stdout] 	at org.junit.jupiter.api.Assertions.assertThrows(Assertions.java:3115)
[INFO] [stdout] 	at com.azure.servicebus.largemessage.client.GapImplementationClientTest$TransactionalAtomicityTests.testSendFailure_orphanCleanupAlsoFails(GapImplementationClientTest.java:126)
[INFO] [stdout] 	at java.base/jdk.internal.reflect.DirectMethodHandleAccessor.invoke(DirectMethodHandleAccessor.java:103)
[INFO] [stdout] 	at java.base/java.lang.reflect.Method.invoke(Method.java:580)
[INFO] [stdout] 	at org.junit.platform.commons.util.ReflectionUtils.invokeMethod(ReflectionUtils.java:728)
[INFO] [stdout] 	at org.junit.jupiter.engine.execution.MethodInvocation.proceed(MethodInvocation.java:60)
[INFO] [stdout] 	at org.junit.jupiter.engine.execution.InvocationInterceptorChain$ValidatingInvocation.proceed(InvocationInterceptorChain.java:131)
[INFO] [stdout] 	at org.junit.jupiter.engine.extension.TimeoutExtension.intercept(TimeoutExtension.java:156)
[INFO] [stdout] 	at org.junit.jupiter.engine.extension.TimeoutExtension.interceptTestableMethod(TimeoutExtension.java:147)
[INFO] [stdout] 	at org.junit.jupiter.engine.extension.TimeoutExtension.interceptTestMethod(TimeoutExtension.java:86)
[INFO] [stdout] 	at org.junit.jupiter.engine.execution.InterceptingExecutableInvoker$ReflectiveInterceptorCall.lambda$ofVoidMethod$0(InterceptingExecutableInvoker.java:103)
[INFO] [stdout] 	at org.junit.jupiter.engine.execution.InterceptingExecutableInvoker.lambda$invoke$0(InterceptingExecutableInvoker.java:93)
[INFO] [stdout] 	at org.junit.jupiter.engine.execution.InvocationInterceptorChain$InterceptedInvocation.proceed(InvocationInterceptorChain.java:106)
[INFO] [stdout] 	at org.junit.jupiter.engine.execution.InvocationInterceptorChain.proceed(InvocationInterceptorChain.java:64)
[INFO] [stdout] 	at org.junit.jupiter.engine.execution.InvocationInterceptorChain.chainAndInvoke(InvocationInterceptorChain.java:45)
[INFO] [stdout] 	at org.junit.jupiter.engine.execution.InvocationInterceptorChain.invoke(InvocationInterceptorChain.java:37)
[INFO] [stdout] 	at org.junit.jupiter.engine.execution.InterceptingExecutableInvoker.invoke(InterceptingExecutableInvoker.java:92)
[INFO] [stdout] 	at org.junit.jupiter.engine.execution.InterceptingExecutableInvoker.invoke(InterceptingExecutableInvoker.java:86)
[INFO] [stdout] 	at org.junit.jupiter.engine.descriptor.TestMethodTestDescriptor.lambda$invokeTestMethod$7(TestMethodTestDescriptor.java:218)
[INFO] [stdout] 	at org.junit.platform.engine.support.hierarchical.ThrowableCollector.execute(ThrowableCollector.java:73)
[INFO] [stdout] 	at org.junit.jupiter.engine.descriptor.TestMethodTestDescriptor.invokeTestMethod(TestMethodTestDescriptor.java:214)
[INFO] [stdout] 	at org.junit.jupiter.engine.descriptor.TestMethodTestDescriptor.execute(TestMethodTestDescriptor.java:139)
[INFO] [stdout] 	at org.junit.jupiter.engine.descriptor.TestMethodTestDescriptor.execute(TestMethodTestDescriptor.java:69)
[INFO] [stdout] 	at org.junit.platform.engine.support.hierarchical.NodeTestTask.lambda$executeRecursively$6(NodeTestTask.java:151)
[INFO] [stdout] 	at org.junit.platform.engine.support.hierarchical.ThrowableCollector.execute(ThrowableCollector.java:73)
[INFO] [stdout] 	at org.junit.platform.engine.support.hierarchical.NodeTestTask.lambda$executeRecursively$8(NodeTestTask.java:141)
[INFO] [stdout] 	at org.junit.platform.engine.support.hierarchical.Node.around(Node.java:137)
[INFO] [stdout] 	at org.junit.platform.engine.support.hierarchical.NodeTestTask.lambda$executeRecursively$9(NodeTestTask.java:139)
[INFO] [stdout] 	at org.junit.platform.engine.support.hierarchical.ThrowableCollector.execute(ThrowableCollector.java:73)
[INFO] [stdout] 	at org.junit.platform.engine.support.hierarchical.NodeTestTask.executeRecursively(NodeTestTask.java:138)
[INFO] [stdout] 	at org.junit.platform.engine.support.hierarchical.NodeTestTask.execute(NodeTestTask.java:95)
[INFO] [stdout] 	at java.base/java.util.ArrayList.forEach(ArrayList.java:1596)
[INFO] [stdout] 	at org.junit.platform.engine.support.hierarchical.SameThreadHierarchicalTestExecutorService.invokeAll(SameThreadHierarchicalTestExecutorService.java:41)
[INFO] [stdout] 	at org.junit.platform.engine.support.hierarchical.NodeTestTask.lambda$executeRecursively$6(NodeTestTask.java:155)
[INFO] [stdout] 	at org.junit.platform.engine.support.hierarchical.ThrowableCollector.execute(ThrowableCollector.java:73)
[INFO] [stdout] 	at org.junit.platform.engine.support.hierarchical.NodeTestTask.lambda$executeRecursively$8(NodeTestTask.java:141)
[INFO] [stdout] 	at org.junit.platform.engine.support.hierarchical.Node.around(Node.java:137)
[INFO] [stdout] 	at org.junit.platform.engine.support.hierarchical.NodeTestTask.lambda$executeRecursively$9(NodeTestTask.java:139)
[INFO] [stdout] 	at org.junit.platform.engine.support.hierarchical.ThrowableCollector.execute(ThrowableCollector.java:73)
[INFO] [stdout] 	at org.junit.platform.engine.support.hierarchical.NodeTestTask.executeRecursively(NodeTestTask.java:138)
[INFO] [stdout] 	at org.junit.platform.engine.support.hierarchical.NodeTestTask.execute(NodeTestTask.java:95)
[INFO] [stdout] 	at java.base/java.util.ArrayList.forEach(ArrayList.java:1596)
[INFO] [stdout] 	at org.junit.platform.engine.support.hierarchical.SameThreadHierarchicalTestExecutorService.invokeAll(SameThreadHierarchicalTestExecutorService.java:41)
[INFO] [stdout] 	at org.junit.platform.engine.support.hierarchical.NodeTestTask.lambda$executeRecursively$6(NodeTestTask.java:155)
[INFO] [stdout] 	at org.junit.platform.engine.support.hierarchical.ThrowableCollector.execute(ThrowableCollector.java:73)
[INFO] [stdout] 	at org.junit.platform.engine.support.hierarchical.NodeTestTask.lambda$executeRecursively$8(NodeTestTask.java:141)
[INFO] [stdout] 	at org.junit.platform.engine.support.hierarchical.Node.around(Node.java:137)
[INFO] [stdout] 	at org.junit.platform.engine.support.hierarchical.NodeTestTask.lambda$executeRecursively$9(NodeTestTask.java:139)
[INFO] [stdout] 	at org.junit.platform.engine.support.hierarchical.ThrowableCollector.execute(ThrowableCollector.java:73)
[INFO] [stdout] 	at org.junit.platform.engine.support.hierarchical.NodeTestTask.executeRecursively(NodeTestTask.java:138)
[INFO] [stdout] 	at org.junit.platform.engine.support.hierarchical.NodeTestTask.execute(NodeTestTask.java:95)
[INFO] [stdout] 	at java.base/java.util.ArrayList.forEach(ArrayList.java:1596)
[INFO] [stdout] 	at org.junit.platform.engine.support.hierarchical.SameThreadHierarchicalTestExecutorService.invokeAll(SameThreadHierarchicalTestExecutorService.java:41)
[INFO] [stdout] 	at org.junit.platform.engine.support.hierarchical.NodeTestTask.lambda$executeRecursively$6(NodeTestTask.java:155)
[INFO] [stdout] 	at org.junit.platform.engine.support.hierarchical.ThrowableCollector.execute(ThrowableCollector.java:73)
[INFO] [stdout] 	at org.junit.platform.engine.support.hierarchical.NodeTestTask.lambda$executeRecursively$8(NodeTestTask.java:141)
[INFO] [stdout] 	at org.junit.platform.engine.support.hierarchical.Node.around(Node.java:137)
[INFO] [stdout] 	at org.junit.platform.engine.support.hierarchical.NodeTestTask.lambda$executeRecursively$9(NodeTestTask.java:139)
[INFO] [stdout] 	at org.junit.platform.engine.support.hierarchical.ThrowableCollector.execute(ThrowableCollector.java:73)
[INFO] [stdout] 	at org.junit.platform.engine.support.hierarchical.NodeTestTask.executeRecursively(NodeTestTask.java:138)
[INFO] [stdout] 	at org.junit.platform.engine.support.hierarchical.NodeTestTask.execute(NodeTestTask.java:95)
[INFO] [stdout] 	at org.junit.platform.engine.support.hierarchical.SameThreadHierarchicalTestExecutorService.submit(SameThreadHierarchicalTestExecutorService.java:35)
[INFO] [stdout] 	at org.junit.platform.engine.support.hierarchical.HierarchicalTestExecutor.execute(HierarchicalTestExecutor.java:57)
[INFO] [stdout] 	at org.junit.platform.engine.support.hierarchical.HierarchicalTestEngine.execute(HierarchicalTestEngine.java:54)
[INFO] [stdout] 	at org.junit.platform.launcher.core.EngineExecutionOrchestrator.execute(EngineExecutionOrchestrator.java:198)
[INFO] [stdout] 	at org.junit.platform.launcher.core.EngineExecutionOrchestrator.execute(EngineExecutionOrchestrator.java:169)
[INFO] [stdout] 	at org.junit.platform.launcher.core.EngineExecutionOrchestrator.execute(EngineExecutionOrchestrator.java:93)
[INFO] [stdout] 	at org.junit.platform.launcher.core.EngineExecutionOrchestrator.lambda$execute$0(EngineExecutionOrchestrator.java:58)
[INFO] [stdout] 	at org.junit.platform.launcher.core.EngineExecutionOrchestrator.withInterceptedStreams(EngineExecutionOrchestrator.java:141)
[INFO] [stdout] 	at org.junit.platform.launcher.core.EngineExecutionOrchestrator.execute(EngineExecutionOrchestrator.java:57)
[INFO] [stdout] 	at org.junit.platform.launcher.core.DefaultLauncher.execute(DefaultLauncher.java:103)
[INFO] [stdout] 	at org.junit.platform.launcher.core.DefaultLauncher.execute(DefaultLauncher.java:85)
[INFO] [stdout] 	at org.junit.platform.launcher.core.DelegatingLauncher.execute(DelegatingLauncher.java:47)
[INFO] [stdout] 	at org.apache.maven.surefire.junitplatform.LazyLauncher.execute(LazyLauncher.java:50)
[INFO] [stdout] 	at org.apache.maven.surefire.junitplatform.JUnitPlatformProvider.execute(JUnitPlatformProvider.java:184)
[INFO] [stdout] 	at org.apache.maven.surefire.junitplatform.JUnitPlatformProvider.invokeAllTests(JUnitPlatformProvider.java:148)
[INFO] [stdout] 	at org.apache.maven.surefire.junitplatform.JUnitPlatformProvider.invoke(JUnitPlatformProvider.java:122)
[INFO] [stdout] 	at org.apache.maven.surefire.booter.ForkedBooter.runSuitesInProcess(ForkedBooter.java:385)
[INFO] [stdout] 	at org.apache.maven.surefire.booter.ForkedBooter.execute(ForkedBooter.java:162)
[INFO] [stdout] 	at org.apache.maven.surefire.booter.ForkedBooter.run(ForkedBooter.java:507)
[INFO] [stdout] 	at org.apache.maven.surefire.booter.ForkedBooter.main(ForkedBooter.java:495)
[INFO] [stdout] 17:41:43.464 [main] INFO com.azure.servicebus.largemessage.client.AzureServiceBusLargeMessageClient -- AzureServiceBusLargeMessageClient initialized with provided clients
[INFO] [stdout] 17:41:43.474 [main] WARN com.azure.servicebus.largemessage.client.AzureServiceBusLargeMessageClient -- Service Bus send failed after blob upload. Cleaning up orphaned blob: BlobPointer{containerName='test-container', blobName='orphan-blob'}
[INFO] [stdout] 17:41:43.474 [main] WARN com.azure.servicebus.largemessage.util.RetryHandler -- Operation failed on attempt 1/3. Retrying after 884 ms. Error: Service Bus unavailable
[INFO] [stdout] 17:41:44.359 [main] WARN com.azure.servicebus.largemessage.client.AzureServiceBusLargeMessageClient -- Service Bus send failed after blob upload. Cleaning up orphaned blob: BlobPointer{containerName='test-container', blobName='orphan-blob'}
[INFO] [stdout] 17:41:44.359 [main] WARN com.azure.servicebus.largemessage.util.RetryHandler -- Operation failed on attempt 2/3. Retrying after 1633 ms. Error: Service Bus unavailable
[INFO] [stdout] 17:41:45.994 [main] WARN com.azure.servicebus.largemessage.client.AzureServiceBusLargeMessageClient -- Service Bus send failed after blob upload. Cleaning up orphaned blob: BlobPointer{containerName='test-container', blobName='orphan-blob'}
[INFO] [stdout] 17:41:45.994 [main] ERROR com.azure.servicebus.largemessage.util.RetryHandler -- Operation failed after 3 attempts
[INFO] [stdout] java.lang.RuntimeException: Service Bus unavailable
[INFO] [stdout] 	at com.azure.messaging.servicebus.ServiceBusSenderClient.sendMessage(ServiceBusSenderClient.java:265)
[INFO] [stdout] 	at com.azure.servicebus.largemessage.client.AzureServiceBusLargeMessageClient.lambda$0(AzureServiceBusLargeMessageClient.java:243)
[INFO] [stdout] 	at com.azure.servicebus.largemessage.util.RetryHandler.lambda$executeWithRetry$0(RetryHandler.java:90)
[INFO] [stdout] 	at com.azure.servicebus.largemessage.util.RetryHandler.executeWithRetry(RetryHandler.java:58)
[INFO] [stdout] 	at com.azure.servicebus.largemessage.util.RetryHandler.executeWithRetry(RetryHandler.java:89)
[INFO] [stdout] 	at com.azure.servicebus.largemessage.client.AzureServiceBusLargeMessageClient.sendMessage(AzureServiceBusLargeMessageClient.java:158)
[INFO] [stdout] 	at com.azure.servicebus.largemessage.client.AzureServiceBusLargeMessageClient.sendMessage(AzureServiceBusLargeMessageClient.java:129)
[INFO] [stdout] 	at com.azure.servicebus.largemessage.client.AzureServiceBusLargeMessageClient.sendMessage(AzureServiceBusLargeMessageClient.java:119)
[INFO] [stdout] 	at com.azure.servicebus.largemessage.client.GapImplementationClientTest$TransactionalAtomicityTests.lambda$0(GapImplementationClientTest.java:89)
[INFO] [stdout] 	at org.junit.jupiter.api.AssertThrows.assertThrows(AssertThrows.java:53)
[INFO] [stdout] 	at org.junit.jupiter.api.AssertThrows.assertThrows(AssertThrows.java:35)
[INFO] [stdout] 	at org.junit.jupiter.api.Assertions.assertThrows(Assertions.java:3115)
[INFO] [stdout] 	at com.azure.servicebus.largemessage.client.GapImplementationClientTest$TransactionalAtomicityTests.testSendFailure_cleansUpOrphanedBlob(GapImplementationClientTest.java:89)
[INFO] [stdout] 	at java.base/jdk.internal.reflect.DirectMethodHandleAccessor.invoke(DirectMethodHandleAccessor.java:103)
[INFO] [stdout] 	at java.base/java.lang.reflect.Method.invoke(Method.java:580)
[INFO] [stdout] 	at org.junit.platform.commons.util.ReflectionUtils.invokeMethod(ReflectionUtils.java:728)
[INFO] [stdout] 	at org.junit.jupiter.engine.execution.MethodInvocation.proceed(MethodInvocation.java:60)
[INFO] [stdout] 	at org.junit.jupiter.engine.execution.InvocationInterceptorChain$ValidatingInvocation.proceed(InvocationInterceptorChain.java:131)
[INFO] [stdout] 	at org.junit.jupiter.engine.extension.TimeoutExtension.intercept(TimeoutExtension.java:156)
[INFO] [stdout] 	at org.junit.jupiter.engine.extension.TimeoutExtension.interceptTestableMethod(TimeoutExtension.java:147)
[INFO] [stdout] 	at org.junit.jupiter.engine.extension.TimeoutExtension.interceptTestMethod(TimeoutExtension.java:86)
[INFO] [stdout] 	at org.junit.jupiter.engine.execution.InterceptingExecutableInvoker$ReflectiveInterceptorCall.lambda$ofVoidMethod$0(InterceptingExecutableInvoker.java:103)
[INFO] [stdout] 	at org.junit.jupiter.engine.execution.InterceptingExecutableInvoker.lambda$invoke$0(InterceptingExecutableInvoker.java:93)
[INFO] [stdout] 	at org.junit.jupiter.engine.execution.InvocationInterceptorChain$InterceptedInvocation.proceed(InvocationInterceptorChain.java:106)
[INFO] [stdout] 	at org.junit.jupiter.engine.execution.InvocationInterceptorChain.proceed(InvocationInterceptorChain.java:64)
[INFO] [stdout] 	at org.junit.jupiter.engine.execution.InvocationInterceptorChain.chainAndInvoke(InvocationInterceptorChain.java:45)
[INFO] [stdout] 	at org.junit.jupiter.engine.execution.InvocationInterceptorChain.invoke(InvocationInterceptorChain.java:37)
[INFO] [stdout] 	at org.junit.jupiter.engine.execution.InterceptingExecutableInvoker.invoke(InterceptingExecutableInvoker.java:92)
[INFO] [stdout] 	at org.junit.jupiter.engine.execution.InterceptingExecutableInvoker.invoke(InterceptingExecutableInvoker.java:86)
[INFO] [stdout] 	at org.junit.jupiter.engine.descriptor.TestMethodTestDescriptor.lambda$invokeTestMethod$7(TestMethodTestDescriptor.java:218)
[INFO] [stdout] 	at org.junit.platform.engine.support.hierarchical.ThrowableCollector.execute(ThrowableCollector.java:73)
[INFO] [stdout] 	at org.junit.jupiter.engine.descriptor.TestMethodTestDescriptor.invokeTestMethod(TestMethodTestDescriptor.java:214)
[INFO] [stdout] 	at org.junit.jupiter.engine.descriptor.TestMethodTestDescriptor.execute(TestMethodTestDescriptor.java:139)
[INFO] [stdout] 	at org.junit.jupiter.engine.descriptor.TestMethodTestDescriptor.execute(TestMethodTestDescriptor.java:69)
[INFO] [stdout] 	at org.junit.platform.engine.support.hierarchical.NodeTestTask.lambda$executeRecursively$6(NodeTestTask.java:151)
[INFO] [stdout] 	at org.junit.platform.engine.support.hierarchical.ThrowableCollector.execute(ThrowableCollector.java:73)
[INFO] [stdout] 	at org.junit.platform.engine.support.hierarchical.NodeTestTask.lambda$executeRecursively$8(NodeTestTask.java:141)
[INFO] [stdout] 	at org.junit.platform.engine.support.hierarchical.Node.around(Node.java:137)
[INFO] [stdout] 	at org.junit.platform.engine.support.hierarchical.NodeTestTask.lambda$executeRecursively$9(NodeTestTask.java:139)
[INFO] [stdout] 	at org.junit.platform.engine.support.hierarchical.ThrowableCollector.execute(ThrowableCollector.java:73)
[INFO] [stdout] 	at org.junit.platform.engine.support.hierarchical.NodeTestTask.executeRecursively(NodeTestTask.java:138)
[INFO] [stdout] 	at org.junit.platform.engine.support.hierarchical.NodeTestTask.execute(NodeTestTask.java:95)
[INFO] [stdout] 	at java.base/java.util.ArrayList.forEach(ArrayList.java:1596)
[INFO] [stdout] 	at org.junit.platform.engine.support.hierarchical.SameThreadHierarchicalTestExecutorService.invokeAll(SameThreadHierarchicalTestExecutorService.java:41)
[INFO] [stdout] 	at org.junit.platform.engine.support.hierarchical.NodeTestTask.lambda$executeRecursively$6(NodeTestTask.java:155)
[INFO] [stdout] 	at org.junit.platform.engine.support.hierarchical.ThrowableCollector.execute(ThrowableCollector.java:73)
[INFO] [stdout] 	at org.junit.platform.engine.support.hierarchical.NodeTestTask.lambda$executeRecursively$8(NodeTestTask.java:141)
[INFO] [stdout] 	at org.junit.platform.engine.support.hierarchical.Node.around(Node.java:137)
[INFO] [stdout] 	at org.junit.platform.engine.support.hierarchical.NodeTestTask.lambda$executeRecursively$9(NodeTestTask.java:139)
[INFO] [stdout] 	at org.junit.platform.engine.support.hierarchical.ThrowableCollector.execute(ThrowableCollector.java:73)
[INFO] [stdout] 	at org.junit.platform.engine.support.hierarchical.NodeTestTask.executeRecursively(NodeTestTask.java:138)
[INFO] [stdout] 	at org.junit.platform.engine.support.hierarchical.NodeTestTask.execute(NodeTestTask.java:95)
[INFO] [stdout] 	at java.base/java.util.ArrayList.forEach(ArrayList.java:1596)
[INFO] [stdout] 	at org.junit.platform.engine.support.hierarchical.SameThreadHierarchicalTestExecutorService.invokeAll(SameThreadHierarchicalTestExecutorService.java:41)
[INFO] [stdout] 	at org.junit.platform.engine.support.hierarchical.NodeTestTask.lambda$executeRecursively$6(NodeTestTask.java:155)
[INFO] [stdout] 	at org.junit.platform.engine.support.hierarchical.ThrowableCollector.execute(ThrowableCollector.java:73)
[INFO] [stdout] 	at org.junit.platform.engine.support.hierarchical.NodeTestTask.lambda$executeRecursively$8(NodeTestTask.java:141)
[INFO] [stdout] 	at org.junit.platform.engine.support.hierarchical.Node.around(Node.java:137)
[INFO] [stdout] 	at org.junit.platform.engine.support.hierarchical.NodeTestTask.lambda$executeRecursively$9(NodeTestTask.java:139)
[INFO] [stdout] 	at org.junit.platform.engine.support.hierarchical.ThrowableCollector.execute(ThrowableCollector.java:73)
[INFO] [stdout] 	at org.junit.platform.engine.support.hierarchical.NodeTestTask.executeRecursively(NodeTestTask.java:138)
[INFO] [stdout] 	at org.junit.platform.engine.support.hierarchical.NodeTestTask.execute(NodeTestTask.java:95)
[INFO] [stdout] 	at java.base/java.util.ArrayList.forEach(ArrayList.java:1596)
[INFO] [stdout] 	at org.junit.platform.engine.support.hierarchical.SameThreadHierarchicalTestExecutorService.invokeAll(SameThreadHierarchicalTestExecutorService.java:41)
[INFO] [stdout] 	at org.junit.platform.engine.support.hierarchical.NodeTestTask.lambda$executeRecursively$6(NodeTestTask.java:155)
[INFO] [stdout] 	at org.junit.platform.engine.support.hierarchical.ThrowableCollector.execute(ThrowableCollector.java:73)
[INFO] [stdout] 	at org.junit.platform.engine.support.hierarchical.NodeTestTask.lambda$executeRecursively$8(NodeTestTask.java:141)
[INFO] [stdout] 	at org.junit.platform.engine.support.hierarchical.Node.around(Node.java:137)
[INFO] [stdout] 	at org.junit.platform.engine.support.hierarchical.NodeTestTask.lambda$executeRecursively$9(NodeTestTask.java:139)
[INFO] [stdout] 	at org.junit.platform.engine.support.hierarchical.ThrowableCollector.execute(ThrowableCollector.java:73)
[INFO] [stdout] 	at org.junit.platform.engine.support.hierarchical.NodeTestTask.executeRecursively(NodeTestTask.java:138)
[INFO] [stdout] 	at org.junit.platform.engine.support.hierarchical.NodeTestTask.execute(NodeTestTask.java:95)
[INFO] [stdout] 	at org.junit.platform.engine.support.hierarchical.SameThreadHierarchicalTestExecutorService.submit(SameThreadHierarchicalTestExecutorService.java:35)
[INFO] [stdout] 	at org.junit.platform.engine.support.hierarchical.HierarchicalTestExecutor.execute(HierarchicalTestExecutor.java:57)
[INFO] [stdout] 	at org.junit.platform.engine.support.hierarchical.HierarchicalTestEngine.execute(HierarchicalTestEngine.java:54)
[INFO] [stdout] 	at org.junit.platform.launcher.core.EngineExecutionOrchestrator.execute(EngineExecutionOrchestrator.java:198)
[INFO] [stdout] 	at org.junit.platform.launcher.core.EngineExecutionOrchestrator.execute(EngineExecutionOrchestrator.java:169)
[INFO] [stdout] 	at org.junit.platform.launcher.core.EngineExecutionOrchestrator.execute(EngineExecutionOrchestrator.java:93)
[INFO] [stdout] 	at org.junit.platform.launcher.core.EngineExecutionOrchestrator.lambda$execute$0(EngineExecutionOrchestrator.java:58)
[INFO] [stdout] 	at org.junit.platform.launcher.core.EngineExecutionOrchestrator.withInterceptedStreams(EngineExecutionOrchestrator.java:141)
[INFO] [stdout] 	at org.junit.platform.launcher.core.EngineExecutionOrchestrator.execute(EngineExecutionOrchestrator.java:57)
[INFO] [stdout] 	at org.junit.platform.launcher.core.DefaultLauncher.execute(DefaultLauncher.java:103)
[INFO] [stdout] 	at org.junit.platform.launcher.core.DefaultLauncher.execute(DefaultLauncher.java:85)
[INFO] [stdout] 	at org.junit.platform.launcher.core.DelegatingLauncher.execute(DelegatingLauncher.java:47)
[INFO] [stdout] 	at org.apache.maven.surefire.junitplatform.LazyLauncher.execute(LazyLauncher.java:50)
[INFO] [stdout] 	at org.apache.maven.surefire.junitplatform.JUnitPlatformProvider.execute(JUnitPlatformProvider.java:184)
[INFO] [stdout] 	at org.apache.maven.surefire.junitplatform.JUnitPlatformProvider.invokeAllTests(JUnitPlatformProvider.java:148)
[INFO] [stdout] 	at org.apache.maven.surefire.junitplatform.JUnitPlatformProvider.invoke(JUnitPlatformProvider.java:122)
[INFO] [stdout] 	at org.apache.maven.surefire.booter.ForkedBooter.runSuitesInProcess(ForkedBooter.java:385)
[INFO] [stdout] 	at org.apache.maven.surefire.booter.ForkedBooter.execute(ForkedBooter.java:162)
[INFO] [stdout] 	at org.apache.maven.surefire.booter.ForkedBooter.run(ForkedBooter.java:507)
[INFO] [stdout] 	at org.apache.maven.surefire.booter.ForkedBooter.main(ForkedBooter.java:495)
[INFO] [stdout] 17:41:46.000 [main] INFO com.azure.servicebus.largemessage.client.AzureServiceBusLargeMessageClient -- AzureServiceBusLargeMessageClient initialized with provided clients
[INFO] Tests run: 4, Failures: 0, Errors: 0, Skipped: 0, Time elapsed: 7.891 s - in com.azure.servicebus.largemessage.client.GapImplementationClientTest$TransactionalAtomicityTests
[INFO] Running com.azure.servicebus.largemessage.client.GapImplementationClientTest$AutoCleanupTests
[INFO] [stdout] 17:41:46.020 [main] INFO com.azure.servicebus.largemessage.client.AzureServiceBusLargeMessageClient -- AzureServiceBusLargeMessageClient initialized with provided clients
[INFO] [stdout] 17:41:46.029 [main] INFO com.azure.servicebus.largemessage.client.AzureServiceBusLargeMessageClient -- AzureServiceBusLargeMessageClient initialized with provided clients
[INFO] Tests run: 2, Failures: 0, Errors: 0, Skipped: 0, Time elapsed: 0.019 s - in com.azure.servicebus.largemessage.client.GapImplementationClientTest$AutoCleanupTests
[INFO] Tests run: 0, Failures: 0, Errors: 0, Skipped: 0, Time elapsed: 10.586 s - in com.azure.servicebus.largemessage.client.GapImplementationClientTest
[INFO] Running com.azure.servicebus.largemessage.util.ApplicationPropertyValidatorTest
[INFO] Tests run: 12, Failures: 0, Errors: 0, Skipped: 0, Time elapsed: 0.071 s - in com.azure.servicebus.largemessage.util.ApplicationPropertyValidatorTest
[INFO] Running com.azure.servicebus.largemessage.util.DuplicateDetectionHelperTest
[INFO] Tests run: 9, Failures: 0, Errors: 0, Skipped: 0, Time elapsed: 0.046 s - in com.azure.servicebus.largemessage.util.DuplicateDetectionHelperTest
[INFO] Running com.azure.servicebus.largemessage.util.BlobKeyPrefixValidatorTest
[INFO] Tests run: 14, Failures: 0, Errors: 0, Skipped: 0, Time elapsed: 0.064 s - in com.azure.servicebus.largemessage.util.BlobKeyPrefixValidatorTest
[INFO] Running com.azure.servicebus.largemessage.util.SasTokenGeneratorTest
[INFO] [stdout] 17:41:46.622 [main] ERROR com.azure.servicebus.largemessage.util.SasTokenGenerator -- Failed to generate SAS URI for blob: test-blob
[INFO] [stdout] java.lang.RuntimeException: SAS generation failed
[INFO] [stdout] 	at com.azure.storage.blob.specialized.BlobClientBase.generateSas(BlobClientBase.java:2009)
[INFO] [stdout] 	at com.azure.servicebus.largemessage.util.SasTokenGenerator.generateBlobSasUri(SasTokenGenerator.java:50)
[INFO] [stdout] 	at com.azure.servicebus.largemessage.util.SasTokenGeneratorTest.lambda$testGenerateBlobSasUri_Exception$1(SasTokenGeneratorTest.java:70)
[INFO] [stdout] 	at org.junit.jupiter.api.AssertThrows.assertThrows(AssertThrows.java:53)
[INFO] [stdout] 	at org.junit.jupiter.api.AssertThrows.assertThrows(AssertThrows.java:35)
[INFO] [stdout] 	at org.junit.jupiter.api.Assertions.assertThrows(Assertions.java:3115)
[INFO] [stdout] 	at com.azure.servicebus.largemessage.util.SasTokenGeneratorTest.testGenerateBlobSasUri_Exception(SasTokenGeneratorTest.java:69)
[INFO] [stdout] 	at java.base/jdk.internal.reflect.DirectMethodHandleAccessor.invoke(DirectMethodHandleAccessor.java:103)
[INFO] [stdout] 	at java.base/java.lang.reflect.Method.invoke(Method.java:580)
[INFO] [stdout] 	at org.junit.platform.commons.util.ReflectionUtils.invokeMethod(ReflectionUtils.java:728)
[INFO] [stdout] 	at org.junit.jupiter.engine.execution.MethodInvocation.proceed(MethodInvocation.java:60)
[INFO] [stdout] 	at org.junit.jupiter.engine.execution.InvocationInterceptorChain$ValidatingInvocation.proceed(InvocationInterceptorChain.java:131)
[INFO] [stdout] 	at org.junit.jupiter.engine.extension.TimeoutExtension.intercept(TimeoutExtension.java:156)
[INFO] [stdout] 	at org.junit.jupiter.engine.extension.TimeoutExtension.interceptTestableMethod(TimeoutExtension.java:147)
[INFO] [stdout] 	at org.junit.jupiter.engine.extension.TimeoutExtension.interceptTestMethod(TimeoutExtension.java:86)
[INFO] [stdout] 	at org.junit.jupiter.engine.execution.InterceptingExecutableInvoker$ReflectiveInterceptorCall.lambda$ofVoidMethod$0(InterceptingExecutableInvoker.java:103)
[INFO] [stdout] 	at org.junit.jupiter.engine.execution.InterceptingExecutableInvoker.lambda$invoke$0(InterceptingExecutableInvoker.java:93)
[INFO] [stdout] 	at org.junit.jupiter.engine.execution.InvocationInterceptorChain$InterceptedInvocation.proceed(InvocationInterceptorChain.java:106)
[INFO] [stdout] 	at org.junit.jupiter.engine.execution.InvocationInterceptorChain.proceed(InvocationInterceptorChain.java:64)
[INFO] [stdout] 	at org.junit.jupiter.engine.execution.InvocationInterceptorChain.chainAndInvoke(InvocationInterceptorChain.java:45)
[INFO] [stdout] 	at org.junit.jupiter.engine.execution.InvocationInterceptorChain.invoke(InvocationInterceptorChain.java:37)
[INFO] [stdout] 	at org.junit.jupiter.engine.execution.InterceptingExecutableInvoker.invoke(InterceptingExecutableInvoker.java:92)
[INFO] [stdout] 	at org.junit.jupiter.engine.execution.InterceptingExecutableInvoker.invoke(InterceptingExecutableInvoker.java:86)
[INFO] [stdout] 	at org.junit.jupiter.engine.descriptor.TestMethodTestDescriptor.lambda$invokeTestMethod$7(TestMethodTestDescriptor.java:218)
[INFO] [stdout] 	at org.junit.platform.engine.support.hierarchical.ThrowableCollector.execute(ThrowableCollector.java:73)
[INFO] [stdout] 	at org.junit.jupiter.engine.descriptor.TestMethodTestDescriptor.invokeTestMethod(TestMethodTestDescriptor.java:214)
[INFO] [stdout] 	at org.junit.jupiter.engine.descriptor.TestMethodTestDescriptor.execute(TestMethodTestDescriptor.java:139)
[INFO] [stdout] 	at org.junit.jupiter.engine.descriptor.TestMethodTestDescriptor.execute(TestMethodTestDescriptor.java:69)
[INFO] [stdout] 	at org.junit.platform.engine.support.hierarchical.NodeTestTask.lambda$executeRecursively$6(NodeTestTask.java:151)
[INFO] [stdout] 	at org.junit.platform.engine.support.hierarchical.ThrowableCollector.execute(ThrowableCollector.java:73)
[INFO] [stdout] 	at org.junit.platform.engine.support.hierarchical.NodeTestTask.lambda$executeRecursively$8(NodeTestTask.java:141)
[INFO] [stdout] 	at org.junit.platform.engine.support.hierarchical.Node.around(Node.java:137)
[INFO] [stdout] 	at org.junit.platform.engine.support.hierarchical.NodeTestTask.lambda$executeRecursively$9(NodeTestTask.java:139)
[INFO] [stdout] 	at org.junit.platform.engine.support.hierarchical.ThrowableCollector.execute(ThrowableCollector.java:73)
[INFO] [stdout] 	at org.junit.platform.engine.support.hierarchical.NodeTestTask.executeRecursively(NodeTestTask.java:138)
[INFO] [stdout] 	at org.junit.platform.engine.support.hierarchical.NodeTestTask.execute(NodeTestTask.java:95)
[INFO] [stdout] 	at java.base/java.util.ArrayList.forEach(ArrayList.java:1596)
[INFO] [stdout] 	at org.junit.platform.engine.support.hierarchical.SameThreadHierarchicalTestExecutorService.invokeAll(SameThreadHierarchicalTestExecutorService.java:41)
[INFO] [stdout] 	at org.junit.platform.engine.support.hierarchical.NodeTestTask.lambda$executeRecursively$6(NodeTestTask.java:155)
[INFO] [stdout] 	at org.junit.platform.engine.support.hierarchical.ThrowableCollector.execute(ThrowableCollector.java:73)
[INFO] [stdout] 	at org.junit.platform.engine.support.hierarchical.NodeTestTask.lambda$executeRecursively$8(NodeTestTask.java:141)
[INFO] [stdout] 	at org.junit.platform.engine.support.hierarchical.Node.around(Node.java:137)
[INFO] [stdout] 	at org.junit.platform.engine.support.hierarchical.NodeTestTask.lambda$executeRecursively$9(NodeTestTask.java:139)
[INFO] [stdout] 	at org.junit.platform.engine.support.hierarchical.ThrowableCollector.execute(ThrowableCollector.java:73)
[INFO] [stdout] 	at org.junit.platform.engine.support.hierarchical.NodeTestTask.executeRecursively(NodeTestTask.java:138)
[INFO] [stdout] 	at org.junit.platform.engine.support.hierarchical.NodeTestTask.execute(NodeTestTask.java:95)
[INFO] [stdout] 	at java.base/java.util.ArrayList.forEach(ArrayList.java:1596)
[INFO] [stdout] 	at org.junit.platform.engine.support.hierarchical.SameThreadHierarchicalTestExecutorService.invokeAll(SameThreadHierarchicalTestExecutorService.java:41)
[INFO] [stdout] 	at org.junit.platform.engine.support.hierarchical.NodeTestTask.lambda$executeRecursively$6(NodeTestTask.java:155)
[INFO] [stdout] 	at org.junit.platform.engine.support.hierarchical.ThrowableCollector.execute(ThrowableCollector.java:73)
[INFO] [stdout] 	at org.junit.platform.engine.support.hierarchical.NodeTestTask.lambda$executeRecursively$8(NodeTestTask.java:141)
[INFO] [stdout] 	at org.junit.platform.engine.support.hierarchical.Node.around(Node.java:137)
[INFO] [stdout] 	at org.junit.platform.engine.support.hierarchical.NodeTestTask.lambda$executeRecursively$9(NodeTestTask.java:139)
[INFO] [stdout] 	at org.junit.platform.engine.support.hierarchical.ThrowableCollector.execute(ThrowableCollector.java:73)
[INFO] [stdout] 	at org.junit.platform.engine.support.hierarchical.NodeTestTask.executeRecursively(NodeTestTask.java:138)
[INFO] [stdout] 	at org.junit.platform.engine.support.hierarchical.NodeTestTask.execute(NodeTestTask.java:95)
[INFO] [stdout] 	at org.junit.platform.engine.support.hierarchical.SameThreadHierarchicalTestExecutorService.submit(SameThreadHierarchicalTestExecutorService.java:35)
[INFO] [stdout] 	at org.junit.platform.engine.support.hierarchical.HierarchicalTestExecutor.execute(HierarchicalTestExecutor.java:57)
[INFO] [stdout] 	at org.junit.platform.engine.support.hierarchical.HierarchicalTestEngine.execute(HierarchicalTestEngine.java:54)
[INFO] [stdout] 	at org.junit.platform.launcher.core.EngineExecutionOrchestrator.execute(EngineExecutionOrchestrator.java:198)
[INFO] [stdout] 	at org.junit.platform.launcher.core.EngineExecutionOrchestrator.execute(EngineExecutionOrchestrator.java:169)
[INFO] [stdout] 	at org.junit.platform.launcher.core.EngineExecutionOrchestrator.execute(EngineExecutionOrchestrator.java:93)
[INFO] [stdout] 	at org.junit.platform.launcher.core.EngineExecutionOrchestrator.lambda$execute$0(EngineExecutionOrchestrator.java:58)
[INFO] [stdout] 	at org.junit.platform.launcher.core.EngineExecutionOrchestrator.withInterceptedStreams(EngineExecutionOrchestrator.java:141)
[INFO] [stdout] 	at org.junit.platform.launcher.core.EngineExecutionOrchestrator.execute(EngineExecutionOrchestrator.java:57)
[INFO] [stdout] 	at org.junit.platform.launcher.core.DefaultLauncher.execute(DefaultLauncher.java:103)
[INFO] [stdout] 	at org.junit.platform.launcher.core.DefaultLauncher.execute(DefaultLauncher.java:85)
[INFO] [stdout] 	at org.junit.platform.launcher.core.DelegatingLauncher.execute(DelegatingLauncher.java:47)
[INFO] [stdout] 	at org.apache.maven.surefire.junitplatform.LazyLauncher.execute(LazyLauncher.java:50)
[INFO] [stdout] 	at org.apache.maven.surefire.junitplatform.JUnitPlatformProvider.execute(JUnitPlatformProvider.java:184)
[INFO] [stdout] 	at org.apache.maven.surefire.junitplatform.JUnitPlatformProvider.invokeAllTests(JUnitPlatformProvider.java:148)
[INFO] [stdout] 	at org.apache.maven.surefire.junitplatform.JUnitPlatformProvider.invoke(JUnitPlatformProvider.java:122)
[INFO] [stdout] 	at org.apache.maven.surefire.booter.ForkedBooter.runSuitesInProcess(ForkedBooter.java:385)
[INFO] [stdout] 	at org.apache.maven.surefire.booter.ForkedBooter.execute(ForkedBooter.java:162)
[INFO] [stdout] 	at org.apache.maven.surefire.booter.ForkedBooter.run(ForkedBooter.java:507)
[INFO] [stdout] 	at org.apache.maven.surefire.booter.ForkedBooter.main(ForkedBooter.java:495)
[INFO] Tests run: 4, Failures: 0, Errors: 0, Skipped: 0, Time elapsed: 0.394 s - in com.azure.servicebus.largemessage.util.SasTokenGeneratorTest
[INFO] Running com.azure.servicebus.largemessage.util.RetryHandlerTest
[INFO] [stdout] 17:41:46.648 [main] WARN com.azure.servicebus.largemessage.util.RetryHandler -- Operation failed on attempt 1/3. Retrying after 112 ms. Error: Transient failure
[INFO] [stdout] 17:41:46.762 [main] WARN com.azure.servicebus.largemessage.util.RetryHandler -- Operation failed on attempt 1/3. Retrying after 122 ms. Error: First failure
[INFO] [stdout] 17:41:46.884 [main] WARN com.azure.servicebus.largemessage.util.RetryHandler -- Operation failed on attempt 2/3. Retrying after 171 ms. Error: Second failure
[INFO] [stdout] 17:41:47.056 [main] ERROR com.azure.servicebus.largemessage.util.RetryHandler -- Operation failed after 3 attempts
[INFO] [stdout] java.lang.RuntimeException: Final failure
[INFO] [stdout] 	at com.azure.servicebus.largemessage.util.RetryHandlerTest.lambda$testRetryHandler_differentExceptionTypes$10(RetryHandlerTest.java:169)
[INFO] [stdout] 	at com.azure.servicebus.largemessage.util.RetryHandler.executeWithRetry(RetryHandler.java:58)
[INFO] [stdout] 	at com.azure.servicebus.largemessage.util.RetryHandlerTest.lambda$testRetryHandler_differentExceptionTypes$11(RetryHandlerTest.java:162)
[INFO] [stdout] 	at org.junit.jupiter.api.AssertThrows.assertThrows(AssertThrows.java:53)
[INFO] [stdout] 	at org.junit.jupiter.api.AssertThrows.assertThrows(AssertThrows.java:35)
[INFO] [stdout] 	at org.junit.jupiter.api.Assertions.assertThrows(Assertions.java:3115)
[INFO] [stdout] 	at com.azure.servicebus.largemessage.util.RetryHandlerTest.testRetryHandler_differentExceptionTypes(RetryHandlerTest.java:161)
[INFO] [stdout] 	at java.base/jdk.internal.reflect.DirectMethodHandleAccessor.invoke(DirectMethodHandleAccessor.java:103)
[INFO] [stdout] 	at java.base/java.lang.reflect.Method.invoke(Method.java:580)
[INFO] [stdout] 	at org.junit.platform.commons.util.ReflectionUtils.invokeMethod(ReflectionUtils.java:728)
[INFO] [stdout] 	at org.junit.jupiter.engine.execution.MethodInvocation.proceed(MethodInvocation.java:60)
[INFO] [stdout] 	at org.junit.jupiter.engine.execution.InvocationInterceptorChain$ValidatingInvocation.proceed(InvocationInterceptorChain.java:131)
[INFO] [stdout] 	at org.junit.jupiter.engine.extension.TimeoutExtension.intercept(TimeoutExtension.java:156)
[INFO] [stdout] 	at org.junit.jupiter.engine.extension.TimeoutExtension.interceptTestableMethod(TimeoutExtension.java:147)
[INFO] [stdout] 	at org.junit.jupiter.engine.extension.TimeoutExtension.interceptTestMethod(TimeoutExtension.java:86)
[INFO] [stdout] 	at org.junit.jupiter.engine.execution.InterceptingExecutableInvoker$ReflectiveInterceptorCall.lambda$ofVoidMethod$0(InterceptingExecutableInvoker.java:103)
[INFO] [stdout] 	at org.junit.jupiter.engine.execution.InterceptingExecutableInvoker.lambda$invoke$0(InterceptingExecutableInvoker.java:93)
[INFO] [stdout] 	at org.junit.jupiter.engine.execution.InvocationInterceptorChain$InterceptedInvocation.proceed(InvocationInterceptorChain.java:106)
[INFO] [stdout] 	at org.junit.jupiter.engine.execution.InvocationInterceptorChain.proceed(InvocationInterceptorChain.java:64)
[INFO] [stdout] 	at org.junit.jupiter.engine.execution.InvocationInterceptorChain.chainAndInvoke(InvocationInterceptorChain.java:45)
[INFO] [stdout] 	at org.junit.jupiter.engine.execution.InvocationInterceptorChain.invoke(InvocationInterceptorChain.java:37)
[INFO] [stdout] 	at org.junit.jupiter.engine.execution.InterceptingExecutableInvoker.invoke(InterceptingExecutableInvoker.java:92)
[INFO] [stdout] 	at org.junit.jupiter.engine.execution.InterceptingExecutableInvoker.invoke(InterceptingExecutableInvoker.java:86)
[INFO] [stdout] 	at org.junit.jupiter.engine.descriptor.TestMethodTestDescriptor.lambda$invokeTestMethod$7(TestMethodTestDescriptor.java:218)
[INFO] [stdout] 	at org.junit.platform.engine.support.hierarchical.ThrowableCollector.execute(ThrowableCollector.java:73)
[INFO] [stdout] 	at org.junit.jupiter.engine.descriptor.TestMethodTestDescriptor.invokeTestMethod(TestMethodTestDescriptor.java:214)
[INFO] [stdout] 	at org.junit.jupiter.engine.descriptor.TestMethodTestDescriptor.execute(TestMethodTestDescriptor.java:139)
[INFO] [stdout] 	at org.junit.jupiter.engine.descriptor.TestMethodTestDescriptor.execute(TestMethodTestDescriptor.java:69)
[INFO] [stdout] 	at org.junit.platform.engine.support.hierarchical.NodeTestTask.lambda$executeRecursively$6(NodeTestTask.java:151)
[INFO] [stdout] 	at org.junit.platform.engine.support.hierarchical.ThrowableCollector.execute(ThrowableCollector.java:73)
[INFO] [stdout] 	at org.junit.platform.engine.support.hierarchical.NodeTestTask.lambda$executeRecursively$8(NodeTestTask.java:141)
[INFO] [stdout] 	at org.junit.platform.engine.support.hierarchical.Node.around(Node.java:137)
[INFO] [stdout] 	at org.junit.platform.engine.support.hierarchical.NodeTestTask.lambda$executeRecursively$9(NodeTestTask.java:139)
[INFO] [stdout] 	at org.junit.platform.engine.support.hierarchical.ThrowableCollector.execute(ThrowableCollector.java:73)
[INFO] [stdout] 	at org.junit.platform.engine.support.hierarchical.NodeTestTask.executeRecursively(NodeTestTask.java:138)
[INFO] [stdout] 	at org.junit.platform.engine.support.hierarchical.NodeTestTask.execute(NodeTestTask.java:95)
[INFO] [stdout] 	at java.base/java.util.ArrayList.forEach(ArrayList.java:1596)
[INFO] [stdout] 	at org.junit.platform.engine.support.hierarchical.SameThreadHierarchicalTestExecutorService.invokeAll(SameThreadHierarchicalTestExecutorService.java:41)
[INFO] [stdout] 	at org.junit.platform.engine.support.hierarchical.NodeTestTask.lambda$executeRecursively$6(NodeTestTask.java:155)
[INFO] [stdout] 	at org.junit.platform.engine.support.hierarchical.ThrowableCollector.execute(ThrowableCollector.java:73)
[INFO] [stdout] 	at org.junit.platform.engine.support.hierarchical.NodeTestTask.lambda$executeRecursively$8(NodeTestTask.java:141)
[INFO] [stdout] 	at org.junit.platform.engine.support.hierarchical.Node.around(Node.java:137)
[INFO] [stdout] 	at org.junit.platform.engine.support.hierarchical.NodeTestTask.lambda$executeRecursively$9(NodeTestTask.java:139)
[INFO] [stdout] 	at org.junit.platform.engine.support.hierarchical.ThrowableCollector.execute(ThrowableCollector.java:73)
[INFO] [stdout] 	at org.junit.platform.engine.support.hierarchical.NodeTestTask.executeRecursively(NodeTestTask.java:138)
[INFO] [stdout] 	at org.junit.platform.engine.support.hierarchical.NodeTestTask.execute(NodeTestTask.java:95)
[INFO] [stdout] 	at java.base/java.util.ArrayList.forEach(ArrayList.java:1596)
[INFO] [stdout] 	at org.junit.platform.engine.support.hierarchical.SameThreadHierarchicalTestExecutorService.invokeAll(SameThreadHierarchicalTestExecutorService.java:41)
[INFO] [stdout] 	at org.junit.platform.engine.support.hierarchical.NodeTestTask.lambda$executeRecursively$6(NodeTestTask.java:155)
[INFO] [stdout] 	at org.junit.platform.engine.support.hierarchical.ThrowableCollector.execute(ThrowableCollector.java:73)
[INFO] [stdout] 	at org.junit.platform.engine.support.hierarchical.NodeTestTask.lambda$executeRecursively$8(NodeTestTask.java:141)
[INFO] [stdout] 	at org.junit.platform.engine.support.hierarchical.Node.around(Node.java:137)
[INFO] [stdout] 	at org.junit.platform.engine.support.hierarchical.NodeTestTask.lambda$executeRecursively$9(NodeTestTask.java:139)
[INFO] [stdout] 	at org.junit.platform.engine.support.hierarchical.ThrowableCollector.execute(ThrowableCollector.java:73)
[INFO] [stdout] 	at org.junit.platform.engine.support.hierarchical.NodeTestTask.executeRecursively(NodeTestTask.java:138)
[INFO] [stdout] 	at org.junit.platform.engine.support.hierarchical.NodeTestTask.execute(NodeTestTask.java:95)
[INFO] [stdout] 	at org.junit.platform.engine.support.hierarchical.SameThreadHierarchicalTestExecutorService.submit(SameThreadHierarchicalTestExecutorService.java:35)
[INFO] [stdout] 	at org.junit.platform.engine.support.hierarchical.HierarchicalTestExecutor.execute(HierarchicalTestExecutor.java:57)
[INFO] [stdout] 	at org.junit.platform.engine.support.hierarchical.HierarchicalTestEngine.execute(HierarchicalTestEngine.java:54)
[INFO] [stdout] 	at org.junit.platform.launcher.core.EngineExecutionOrchestrator.execute(EngineExecutionOrchestrator.java:198)
[INFO] [stdout] 	at org.junit.platform.launcher.core.EngineExecutionOrchestrator.execute(EngineExecutionOrchestrator.java:169)
[INFO] [stdout] 	at org.junit.platform.launcher.core.EngineExecutionOrchestrator.execute(EngineExecutionOrchestrator.java:93)
[INFO] [stdout] 	at org.junit.platform.launcher.core.EngineExecutionOrchestrator.lambda$execute$0(EngineExecutionOrchestrator.java:58)
[INFO] [stdout] 	at org.junit.platform.launcher.core.EngineExecutionOrchestrator.withInterceptedStreams(EngineExecutionOrchestrator.java:141)
[INFO] [stdout] 	at org.junit.platform.launcher.core.EngineExecutionOrchestrator.execute(EngineExecutionOrchestrator.java:57)
[INFO] [stdout] 	at org.junit.platform.launcher.core.DefaultLauncher.execute(DefaultLauncher.java:103)
[INFO] [stdout] 	at org.junit.platform.launcher.core.DefaultLauncher.execute(DefaultLauncher.java:85)
[INFO] [stdout] 	at org.junit.platform.launcher.core.DelegatingLauncher.execute(DelegatingLauncher.java:47)
[INFO] [stdout] 	at org.apache.maven.surefire.junitplatform.LazyLauncher.execute(LazyLauncher.java:50)
[INFO] [stdout] 	at org.apache.maven.surefire.junitplatform.JUnitPlatformProvider.execute(JUnitPlatformProvider.java:184)
[INFO] [stdout] 	at org.apache.maven.surefire.junitplatform.JUnitPlatformProvider.invokeAllTests(JUnitPlatformProvider.java:148)
[INFO] [stdout] 	at org.apache.maven.surefire.junitplatform.JUnitPlatformProvider.invoke(JUnitPlatformProvider.java:122)
[INFO] [stdout] 	at org.apache.maven.surefire.booter.ForkedBooter.runSuitesInProcess(ForkedBooter.java:385)
[INFO] [stdout] 	at org.apache.maven.surefire.booter.ForkedBooter.execute(ForkedBooter.java:162)
[INFO] [stdout] 	at org.apache.maven.surefire.booter.ForkedBooter.run(ForkedBooter.java:507)
[INFO] [stdout] 	at org.apache.maven.surefire.booter.ForkedBooter.main(ForkedBooter.java:495)
[INFO] [stdout] 17:41:47.060 [main] WARN com.azure.servicebus.largemessage.util.RetryHandler -- Operation failed on attempt 1/3. Retrying after 119 ms. Error: Original error message
[INFO] [stdout] 17:41:47.179 [main] WARN com.azure.servicebus.largemessage.util.RetryHandler -- Operation failed on attempt 2/3. Retrying after 205 ms. Error: Original error message
[INFO] [stdout] 17:41:47.384 [main] ERROR com.azure.servicebus.largemessage.util.RetryHandler -- Operation failed after 3 attempts
[INFO] [stdout] java.lang.RuntimeException: Original error message
[INFO] [stdout] 	at com.azure.servicebus.largemessage.util.RetryHandlerTest.testRetryHandler_preservesOriginalException(RetryHandlerTest.java:143)
[INFO] [stdout] 	at java.base/jdk.internal.reflect.DirectMethodHandleAccessor.invoke(DirectMethodHandleAccessor.java:103)
[INFO] [stdout] 	at java.base/java.lang.reflect.Method.invoke(Method.java:580)
[INFO] [stdout] 	at org.junit.platform.commons.util.ReflectionUtils.invokeMethod(ReflectionUtils.java:728)
[INFO] [stdout] 	at org.junit.jupiter.engine.execution.MethodInvocation.proceed(MethodInvocation.java:60)
[INFO] [stdout] 	at org.junit.jupiter.engine.execution.InvocationInterceptorChain$ValidatingInvocation.proceed(InvocationInterceptorChain.java:131)
[INFO] [stdout] 	at org.junit.jupiter.engine.extension.TimeoutExtension.intercept(TimeoutExtension.java:156)
[INFO] [stdout] 	at org.junit.jupiter.engine.extension.TimeoutExtension.interceptTestableMethod(TimeoutExtension.java:147)
[INFO] [stdout] 	at org.junit.jupiter.engine.extension.TimeoutExtension.interceptTestMethod(TimeoutExtension.java:86)
[INFO] [stdout] 	at org.junit.jupiter.engine.execution.InterceptingExecutableInvoker$ReflectiveInterceptorCall.lambda$ofVoidMethod$0(InterceptingExecutableInvoker.java:103)
[INFO] [stdout] 	at org.junit.jupiter.engine.execution.InterceptingExecutableInvoker.lambda$invoke$0(InterceptingExecutableInvoker.java:93)
[INFO] [stdout] 	at org.junit.jupiter.engine.execution.InvocationInterceptorChain$InterceptedInvocation.proceed(InvocationInterceptorChain.java:106)
[INFO] [stdout] 	at org.junit.jupiter.engine.execution.InvocationInterceptorChain.proceed(InvocationInterceptorChain.java:64)
[INFO] [stdout] 	at org.junit.jupiter.engine.execution.InvocationInterceptorChain.chainAndInvoke(InvocationInterceptorChain.java:45)
[INFO] [stdout] 	at org.junit.jupiter.engine.execution.InvocationInterceptorChain.invoke(InvocationInterceptorChain.java:37)
[INFO] [stdout] 	at org.junit.jupiter.engine.execution.InterceptingExecutableInvoker.invoke(InterceptingExecutableInvoker.java:92)
[INFO] [stdout] 	at org.junit.jupiter.engine.execution.InterceptingExecutableInvoker.invoke(InterceptingExecutableInvoker.java:86)
[INFO] [stdout] 	at org.junit.jupiter.engine.descriptor.TestMethodTestDescriptor.lambda$invokeTestMethod$7(TestMethodTestDescriptor.java:218)
[INFO] [stdout] 	at org.junit.platform.engine.support.hierarchical.ThrowableCollector.execute(ThrowableCollector.java:73)
[INFO] [stdout] 	at org.junit.jupiter.engine.descriptor.TestMethodTestDescriptor.invokeTestMethod(TestMethodTestDescriptor.java:214)
[INFO] [stdout] 	at org.junit.jupiter.engine.descriptor.TestMethodTestDescriptor.execute(TestMethodTestDescriptor.java:139)
[INFO] [stdout] 	at org.junit.jupiter.engine.descriptor.TestMethodTestDescriptor.execute(TestMethodTestDescriptor.java:69)
[INFO] [stdout] 	at org.junit.platform.engine.support.hierarchical.NodeTestTask.lambda$executeRecursively$6(NodeTestTask.java:151)
[INFO] [stdout] 	at org.junit.platform.engine.support.hierarchical.ThrowableCollector.execute(ThrowableCollector.java:73)
[INFO] [stdout] 	at org.junit.platform.engine.support.hierarchical.NodeTestTask.lambda$executeRecursively$8(NodeTestTask.java:141)
[INFO] [stdout] 	at org.junit.platform.engine.support.hierarchical.Node.around(Node.java:137)
[INFO] [stdout] 	at org.junit.platform.engine.support.hierarchical.NodeTestTask.lambda$executeRecursively$9(NodeTestTask.java:139)
[INFO] [stdout] 	at org.junit.platform.engine.support.hierarchical.ThrowableCollector.execute(ThrowableCollector.java:73)
[INFO] [stdout] 	at org.junit.platform.engine.support.hierarchical.NodeTestTask.executeRecursively(NodeTestTask.java:138)
[INFO] [stdout] 	at org.junit.platform.engine.support.hierarchical.NodeTestTask.execute(NodeTestTask.java:95)
[INFO] [stdout] 	at java.base/java.util.ArrayList.forEach(ArrayList.java:1596)
[INFO] [stdout] 	at org.junit.platform.engine.support.hierarchical.SameThreadHierarchicalTestExecutorService.invokeAll(SameThreadHierarchicalTestExecutorService.java:41)
[INFO] [stdout] 	at org.junit.platform.engine.support.hierarchical.NodeTestTask.lambda$executeRecursively$6(NodeTestTask.java:155)
[INFO] [stdout] 	at org.junit.platform.engine.support.hierarchical.ThrowableCollector.execute(ThrowableCollector.java:73)
[INFO] [stdout] 	at org.junit.platform.engine.support.hierarchical.NodeTestTask.lambda$executeRecursively$8(NodeTestTask.java:141)
[INFO] [stdout] 	at org.junit.platform.engine.support.hierarchical.Node.around(Node.java:137)
[INFO] [stdout] 	at org.junit.platform.engine.support.hierarchical.NodeTestTask.lambda$executeRecursively$9(NodeTestTask.java:139)
[INFO] [stdout] 	at org.junit.platform.engine.support.hierarchical.ThrowableCollector.execute(ThrowableCollector.java:73)
[INFO] [stdout] 	at org.junit.platform.engine.support.hierarchical.NodeTestTask.executeRecursively(NodeTestTask.java:138)
[INFO] [stdout] 	at org.junit.platform.engine.support.hierarchical.NodeTestTask.execute(NodeTestTask.java:95)
[INFO] [stdout] 	at java.base/java.util.ArrayList.forEach(ArrayList.java:1596)
[INFO] [stdout] 	at org.junit.platform.engine.support.hierarchical.SameThreadHierarchicalTestExecutorService.invokeAll(SameThreadHierarchicalTestExecutorService.java:41)
[INFO] [stdout] 	at org.junit.platform.engine.support.hierarchical.NodeTestTask.lambda$executeRecursively$6(NodeTestTask.java:155)
[INFO] [stdout] 	at org.junit.platform.engine.support.hierarchical.ThrowableCollector.execute(ThrowableCollector.java:73)
[INFO] [stdout] 	at org.junit.platform.engine.support.hierarchical.NodeTestTask.lambda$executeRecursively$8(NodeTestTask.java:141)
[INFO] [stdout] 	at org.junit.platform.engine.support.hierarchical.Node.around(Node.java:137)
[INFO] [stdout] 	at org.junit.platform.engine.support.hierarchical.NodeTestTask.lambda$executeRecursively$9(NodeTestTask.java:139)
[INFO] [stdout] 	at org.junit.platform.engine.support.hierarchical.ThrowableCollector.execute(ThrowableCollector.java:73)
[INFO] [stdout] 	at org.junit.platform.engine.support.hierarchical.NodeTestTask.executeRecursively(NodeTestTask.java:138)
[INFO] [stdout] 	at org.junit.platform.engine.support.hierarchical.NodeTestTask.execute(NodeTestTask.java:95)
[INFO] [stdout] 	at org.junit.platform.engine.support.hierarchical.SameThreadHierarchicalTestExecutorService.submit(SameThreadHierarchicalTestExecutorService.java:35)
[INFO] [stdout] 	at org.junit.platform.engine.support.hierarchical.HierarchicalTestExecutor.execute(HierarchicalTestExecutor.java:57)
[INFO] [stdout] 	at org.junit.platform.engine.support.hierarchical.HierarchicalTestEngine.execute(HierarchicalTestEngine.java:54)
[INFO] [stdout] 	at org.junit.platform.launcher.core.EngineExecutionOrchestrator.execute(EngineExecutionOrchestrator.java:198)
[INFO] [stdout] 	at org.junit.platform.launcher.core.EngineExecutionOrchestrator.execute(EngineExecutionOrchestrator.java:169)
[INFO] [stdout] 	at org.junit.platform.launcher.core.EngineExecutionOrchestrator.execute(EngineExecutionOrchestrator.java:93)
[INFO] [stdout] 	at org.junit.platform.launcher.core.EngineExecutionOrchestrator.lambda$execute$0(EngineExecutionOrchestrator.java:58)
[INFO] [stdout] 	at org.junit.platform.launcher.core.EngineExecutionOrchestrator.withInterceptedStreams(EngineExecutionOrchestrator.java:141)
[INFO] [stdout] 	at org.junit.platform.launcher.core.EngineExecutionOrchestrator.execute(EngineExecutionOrchestrator.java:57)
[INFO] [stdout] 	at org.junit.platform.launcher.core.DefaultLauncher.execute(DefaultLauncher.java:103)
[INFO] [stdout] 	at org.junit.platform.launcher.core.DefaultLauncher.execute(DefaultLauncher.java:85)
[INFO] [stdout] 	at org.junit.platform.launcher.core.DelegatingLauncher.execute(DelegatingLauncher.java:47)
[INFO] [stdout] 	at org.apache.maven.surefire.junitplatform.LazyLauncher.execute(LazyLauncher.java:50)
[INFO] [stdout] 	at org.apache.maven.surefire.junitplatform.JUnitPlatformProvider.execute(JUnitPlatformProvider.java:184)
[INFO] [stdout] 	at org.apache.maven.surefire.junitplatform.JUnitPlatformProvider.invokeAllTests(JUnitPlatformProvider.java:148)
[INFO] [stdout] 	at org.apache.maven.surefire.junitplatform.JUnitPlatformProvider.invoke(JUnitPlatformProvider.java:122)
[INFO] [stdout] 	at org.apache.maven.surefire.booter.ForkedBooter.runSuitesInProcess(ForkedBooter.java:385)
[INFO] [stdout] 	at org.apache.maven.surefire.booter.ForkedBooter.execute(ForkedBooter.java:162)
[INFO] [stdout] 	at org.apache.maven.surefire.booter.ForkedBooter.run(ForkedBooter.java:507)
[INFO] [stdout] 	at org.apache.maven.surefire.booter.ForkedBooter.main(ForkedBooter.java:495)
[INFO] [stdout] 17:41:47.389 [main] WARN com.azure.servicebus.largemessage.util.RetryHandler -- Operation failed on attempt 1/3. Retrying after 78 ms. Error: Persistent failure
[INFO] [stdout] 17:41:47.467 [main] WARN com.azure.servicebus.largemessage.util.RetryHandler -- Operation failed on attempt 2/3. Retrying after 247 ms. Error: Persistent failure
[INFO] [stdout] 17:41:47.715 [main] ERROR com.azure.servicebus.largemessage.util.RetryHandler -- Operation failed after 3 attempts
[INFO] [stdout] java.lang.RuntimeException: Persistent failure
[INFO] [stdout] 	at com.azure.servicebus.largemessage.util.RetryHandlerTest.lambda$testExecuteWithRetry_runnable_failsAfterMaxRetries$5(RetryHandlerTest.java:108)
[INFO] [stdout] 	at com.azure.servicebus.largemessage.util.RetryHandler.executeWithRetry(RetryHandler.java:58)
[INFO] [stdout] 	at com.azure.servicebus.largemessage.util.RetryHandlerTest.lambda$testExecuteWithRetry_runnable_failsAfterMaxRetries$6(RetryHandlerTest.java:106)
[INFO] [stdout] 	at org.junit.jupiter.api.AssertThrows.assertThrows(AssertThrows.java:53)
[INFO] [stdout] 	at org.junit.jupiter.api.AssertThrows.assertThrows(AssertThrows.java:35)
[INFO] [stdout] 	at org.junit.jupiter.api.Assertions.assertThrows(Assertions.java:3115)
[INFO] [stdout] 	at com.azure.servicebus.largemessage.util.RetryHandlerTest.testExecuteWithRetry_runnable_failsAfterMaxRetries(RetryHandlerTest.java:105)
[INFO] [stdout] 	at java.base/jdk.internal.reflect.DirectMethodHandleAccessor.invoke(DirectMethodHandleAccessor.java:103)
[INFO] [stdout] 	at java.base/java.lang.reflect.Method.invoke(Method.java:580)
[INFO] [stdout] 	at org.junit.platform.commons.util.ReflectionUtils.invokeMethod(ReflectionUtils.java:728)
[INFO] [stdout] 	at org.junit.jupiter.engine.execution.MethodInvocation.proceed(MethodInvocation.java:60)
[INFO] [stdout] 	at org.junit.jupiter.engine.execution.InvocationInterceptorChain$ValidatingInvocation.proceed(InvocationInterceptorChain.java:131)
[INFO] [stdout] 	at org.junit.jupiter.engine.extension.TimeoutExtension.intercept(TimeoutExtension.java:156)
[INFO] [stdout] 	at org.junit.jupiter.engine.extension.TimeoutExtension.interceptTestableMethod(TimeoutExtension.java:147)
[INFO] [stdout] 	at org.junit.jupiter.engine.extension.TimeoutExtension.interceptTestMethod(TimeoutExtension.java:86)
[INFO] [stdout] 	at org.junit.jupiter.engine.execution.InterceptingExecutableInvoker$ReflectiveInterceptorCall.lambda$ofVoidMethod$0(InterceptingExecutableInvoker.java:103)
[INFO] [stdout] 	at org.junit.jupiter.engine.execution.InterceptingExecutableInvoker.lambda$invoke$0(InterceptingExecutableInvoker.java:93)
[INFO] [stdout] 	at org.junit.jupiter.engine.execution.InvocationInterceptorChain$InterceptedInvocation.proceed(InvocationInterceptorChain.java:106)
[INFO] [stdout] 	at org.junit.jupiter.engine.execution.InvocationInterceptorChain.proceed(InvocationInterceptorChain.java:64)
[INFO] [stdout] 	at org.junit.jupiter.engine.execution.InvocationInterceptorChain.chainAndInvoke(InvocationInterceptorChain.java:45)
[INFO] [stdout] 	at org.junit.jupiter.engine.execution.InvocationInterceptorChain.invoke(InvocationInterceptorChain.java:37)
[INFO] [stdout] 	at org.junit.jupiter.engine.execution.InterceptingExecutableInvoker.invoke(InterceptingExecutableInvoker.java:92)
[INFO] [stdout] 	at org.junit.jupiter.engine.execution.InterceptingExecutableInvoker.invoke(InterceptingExecutableInvoker.java:86)
[INFO] [stdout] 	at org.junit.jupiter.engine.descriptor.TestMethodTestDescriptor.lambda$invokeTestMethod$7(TestMethodTestDescriptor.java:218)
[INFO] [stdout] 	at org.junit.platform.engine.support.hierarchical.ThrowableCollector.execute(ThrowableCollector.java:73)
[INFO] [stdout] 	at org.junit.jupiter.engine.descriptor.TestMethodTestDescriptor.invokeTestMethod(TestMethodTestDescriptor.java:214)
[INFO] [stdout] 	at org.junit.jupiter.engine.descriptor.TestMethodTestDescriptor.execute(TestMethodTestDescriptor.java:139)
[INFO] [stdout] 	at org.junit.jupiter.engine.descriptor.TestMethodTestDescriptor.execute(TestMethodTestDescriptor.java:69)
[INFO] [stdout] 	at org.junit.platform.engine.support.hierarchical.NodeTestTask.lambda$executeRecursively$6(NodeTestTask.java:151)
[INFO] [stdout] 	at org.junit.platform.engine.support.hierarchical.ThrowableCollector.execute(ThrowableCollector.java:73)
[INFO] [stdout] 	at org.junit.platform.engine.support.hierarchical.NodeTestTask.lambda$executeRecursively$8(NodeTestTask.java:141)
[INFO] [stdout] 	at org.junit.platform.engine.support.hierarchical.Node.around(Node.java:137)
[INFO] [stdout] 	at org.junit.platform.engine.support.hierarchical.NodeTestTask.lambda$executeRecursively$9(NodeTestTask.java:139)
[INFO] [stdout] 	at org.junit.platform.engine.support.hierarchical.ThrowableCollector.execute(ThrowableCollector.java:73)
[INFO] [stdout] 	at org.junit.platform.engine.support.hierarchical.NodeTestTask.executeRecursively(NodeTestTask.java:138)
[INFO] [stdout] 	at org.junit.platform.engine.support.hierarchical.NodeTestTask.execute(NodeTestTask.java:95)
[INFO] [stdout] 	at java.base/java.util.ArrayList.forEach(ArrayList.java:1596)
[INFO] [stdout] 	at org.junit.platform.engine.support.hierarchical.SameThreadHierarchicalTestExecutorService.invokeAll(SameThreadHierarchicalTestExecutorService.java:41)
[INFO] [stdout] 	at org.junit.platform.engine.support.hierarchical.NodeTestTask.lambda$executeRecursively$6(NodeTestTask.java:155)
[INFO] [stdout] 	at org.junit.platform.engine.support.hierarchical.ThrowableCollector.execute(ThrowableCollector.java:73)
[INFO] [stdout] 	at org.junit.platform.engine.support.hierarchical.NodeTestTask.lambda$executeRecursively$8(NodeTestTask.java:141)
[INFO] [stdout] 	at org.junit.platform.engine.support.hierarchical.Node.around(Node.java:137)
[INFO] [stdout] 	at org.junit.platform.engine.support.hierarchical.NodeTestTask.lambda$executeRecursively$9(NodeTestTask.java:139)
[INFO] [stdout] 	at org.junit.platform.engine.support.hierarchical.ThrowableCollector.execute(ThrowableCollector.java:73)
[INFO] [stdout] 	at org.junit.platform.engine.support.hierarchical.NodeTestTask.executeRecursively(NodeTestTask.java:138)
[INFO] [stdout] 	at org.junit.platform.engine.support.hierarchical.NodeTestTask.execute(NodeTestTask.java:95)
[INFO] [stdout] 	at java.base/java.util.ArrayList.forEach(ArrayList.java:1596)
[INFO] [stdout] 	at org.junit.platform.engine.support.hierarchical.SameThreadHierarchicalTestExecutorService.invokeAll(SameThreadHierarchicalTestExecutorService.java:41)
[INFO] [stdout] 	at org.junit.platform.engine.support.hierarchical.NodeTestTask.lambda$executeRecursively$6(NodeTestTask.java:155)
[INFO] [stdout] 	at org.junit.platform.engine.support.hierarchical.ThrowableCollector.execute(ThrowableCollector.java:73)
[INFO] [stdout] 	at org.junit.platform.engine.support.hierarchical.NodeTestTask.lambda$executeRecursively$8(NodeTestTask.java:141)
[INFO] [stdout] 	at org.junit.platform.engine.support.hierarchical.Node.around(Node.java:137)
[INFO] [stdout] 	at org.junit.platform.engine.support.hierarchical.NodeTestTask.lambda$executeRecursively$9(NodeTestTask.java:139)
[INFO] [stdout] 	at org.junit.platform.engine.support.hierarchical.ThrowableCollector.execute(ThrowableCollector.java:73)
[INFO] [stdout] 	at org.junit.platform.engine.support.hierarchical.NodeTestTask.executeRecursively(NodeTestTask.java:138)
[INFO] [stdout] 	at org.junit.platform.engine.support.hierarchical.NodeTestTask.execute(NodeTestTask.java:95)
[INFO] [stdout] 	at org.junit.platform.engine.support.hierarchical.SameThreadHierarchicalTestExecutorService.submit(SameThreadHierarchicalTestExecutorService.java:35)
[INFO] [stdout] 	at org.junit.platform.engine.support.hierarchical.HierarchicalTestExecutor.execute(HierarchicalTestExecutor.java:57)
[INFO] [stdout] 	at org.junit.platform.engine.support.hierarchical.HierarchicalTestEngine.execute(HierarchicalTestEngine.java:54)
[INFO] [stdout] 	at org.junit.platform.launcher.core.EngineExecutionOrchestrator.execute(EngineExecutionOrchestrator.java:198)
[INFO] [stdout] 	at org.junit.platform.launcher.core.EngineExecutionOrchestrator.execute(EngineExecutionOrchestrator.java:169)
[INFO] [stdout] 	at org.junit.platform.launcher.core.EngineExecutionOrchestrator.execute(EngineExecutionOrchestrator.java:93)
[INFO] [stdout] 	at org.junit.platform.launcher.core.EngineExecutionOrchestrator.lambda$execute$0(EngineExecutionOrchestrator.java:58)
[INFO] [stdout] 	at org.junit.platform.launcher.core.EngineExecutionOrchestrator.withInterceptedStreams(EngineExecutionOrchestrator.java:141)
[INFO] [stdout] 	at org.junit.platform.launcher.core.EngineExecutionOrchestrator.execute(EngineExecutionOrchestrator.java:57)
[INFO] [stdout] 	at org.junit.platform.launcher.core.DefaultLauncher.execute(DefaultLauncher.java:103)
[INFO] [stdout] 	at org.junit.platform.launcher.core.DefaultLauncher.execute(DefaultLauncher.java:85)
[INFO] [stdout] 	at org.junit.platform.launcher.core.DelegatingLauncher.execute(DelegatingLauncher.java:47)
[INFO] [stdout] 	at org.apache.maven.surefire.junitplatform.LazyLauncher.execute(LazyLauncher.java:50)
[INFO] [stdout] 	at org.apache.maven.surefire.junitplatform.JUnitPlatformProvider.execute(JUnitPlatformProvider.java:184)
[INFO] [stdout] 	at org.apache.maven.surefire.junitplatform.JUnitPlatformProvider.invokeAllTests(JUnitPlatformProvider.java:148)
[INFO] [stdout] 	at org.apache.maven.surefire.junitplatform.JUnitPlatformProvider.invoke(JUnitPlatformProvider.java:122)
[INFO] [stdout] 	at org.apache.maven.surefire.booter.ForkedBooter.runSuitesInProcess(ForkedBooter.java:385)
[INFO] [stdout] 	at org.apache.maven.surefire.booter.ForkedBooter.execute(ForkedBooter.java:162)
[INFO] [stdout] 	at org.apache.maven.surefire.booter.ForkedBooter.run(ForkedBooter.java:507)
[INFO] [stdout] 	at org.apache.maven.surefire.booter.ForkedBooter.main(ForkedBooter.java:495)
[INFO] [stdout] 17:41:47.717 [main] WARN com.azure.servicebus.largemessage.util.RetryHandler -- Operation failed on attempt 1/3. Retrying after 115 ms. Error: Persistent failure
[INFO] [stdout] 17:41:47.833 [main] WARN com.azure.servicebus.largemessage.util.RetryHandler -- Operation failed on attempt 2/3. Retrying after 151 ms. Error: Persistent failure
[INFO] [stdout] 17:41:47.984 [main] ERROR com.azure.servicebus.largemessage.util.RetryHandler -- Operation failed after 3 attempts
[INFO] [stdout] java.lang.RuntimeException: Persistent failure
[INFO] [stdout] 	at com.azure.servicebus.largemessage.util.RetryHandlerTest.lambda$testExecuteWithRetry_failsAfterMaxRetries$2(RetryHandlerTest.java:74)
[INFO] [stdout] 	at com.azure.servicebus.largemessage.util.RetryHandler.executeWithRetry(RetryHandler.java:58)
[INFO] [stdout] 	at com.azure.servicebus.largemessage.util.RetryHandlerTest.lambda$testExecuteWithRetry_failsAfterMaxRetries$3(RetryHandlerTest.java:72)
[INFO] [stdout] 	at org.junit.jupiter.api.AssertThrows.assertThrows(AssertThrows.java:53)
[INFO] [stdout] 	at org.junit.jupiter.api.AssertThrows.assertThrows(AssertThrows.java:35)
[INFO] [stdout] 	at org.junit.jupiter.api.Assertions.assertThrows(Assertions.java:3115)
[INFO] [stdout] 	at com.azure.servicebus.largemessage.util.RetryHandlerTest.testExecuteWithRetry_failsAfterMaxRetries(RetryHandlerTest.java:71)
[INFO] [stdout] 	at java.base/jdk.internal.reflect.DirectMethodHandleAccessor.invoke(DirectMethodHandleAccessor.java:103)
[INFO] [stdout] 	at java.base/java.lang.reflect.Method.invoke(Method.java:580)
[INFO] [stdout] 	at org.junit.platform.commons.util.ReflectionUtils.invokeMethod(ReflectionUtils.java:728)
[INFO] [stdout] 	at org.junit.jupiter.engine.execution.MethodInvocation.proceed(MethodInvocation.java:60)
[INFO] [stdout] 	at org.junit.jupiter.engine.execution.InvocationInterceptorChain$ValidatingInvocation.proceed(InvocationInterceptorChain.java:131)
[INFO] [stdout] 	at org.junit.jupiter.engine.extension.TimeoutExtension.intercept(TimeoutExtension.java:156)
[INFO] [stdout] 	at org.junit.jupiter.engine.extension.TimeoutExtension.interceptTestableMethod(TimeoutExtension.java:147)
[INFO] [stdout] 	at org.junit.jupiter.engine.extension.TimeoutExtension.interceptTestMethod(TimeoutExtension.java:86)
[INFO] [stdout] 	at org.junit.jupiter.engine.execution.InterceptingExecutableInvoker$ReflectiveInterceptorCall.lambda$ofVoidMethod$0(InterceptingExecutableInvoker.java:103)
[INFO] [stdout] 	at org.junit.jupiter.engine.execution.InterceptingExecutableInvoker.lambda$invoke$0(InterceptingExecutableInvoker.java:93)
[INFO] [stdout] 	at org.junit.jupiter.engine.execution.InvocationInterceptorChain$InterceptedInvocation.proceed(InvocationInterceptorChain.java:106)
[INFO] [stdout] 	at org.junit.jupiter.engine.execution.InvocationInterceptorChain.proceed(InvocationInterceptorChain.java:64)
[INFO] [stdout] 	at org.junit.jupiter.engine.execution.InvocationInterceptorChain.chainAndInvoke(InvocationInterceptorChain.java:45)
[INFO] [stdout] 	at org.junit.jupiter.engine.execution.InvocationInterceptorChain.invoke(InvocationInterceptorChain.java:37)
[INFO] [stdout] 	at org.junit.jupiter.engine.execution.InterceptingExecutableInvoker.invoke(InterceptingExecutableInvoker.java:92)
[INFO] [stdout] 	at org.junit.jupiter.engine.execution.InterceptingExecutableInvoker.invoke(InterceptingExecutableInvoker.java:86)
[INFO] [stdout] 	at org.junit.jupiter.engine.descriptor.TestMethodTestDescriptor.lambda$invokeTestMethod$7(TestMethodTestDescriptor.java:218)
[INFO] [stdout] 	at org.junit.platform.engine.support.hierarchical.ThrowableCollector.execute(ThrowableCollector.java:73)
[INFO] [stdout] 	at org.junit.jupiter.engine.descriptor.TestMethodTestDescriptor.invokeTestMethod(TestMethodTestDescriptor.java:214)
[INFO] [stdout] 	at org.junit.jupiter.engine.descriptor.TestMethodTestDescriptor.execute(TestMethodTestDescriptor.java:139)
[INFO] [stdout] 	at org.junit.jupiter.engine.descriptor.TestMethodTestDescriptor.execute(TestMethodTestDescriptor.java:69)
[INFO] [stdout] 	at org.junit.platform.engine.support.hierarchical.NodeTestTask.lambda$executeRecursively$6(NodeTestTask.java:151)
[INFO] [stdout] 	at org.junit.platform.engine.support.hierarchical.ThrowableCollector.execute(ThrowableCollector.java:73)
[INFO] [stdout] 	at org.junit.platform.engine.support.hierarchical.NodeTestTask.lambda$executeRecursively$8(NodeTestTask.java:141)
[INFO] [stdout] 	at org.junit.platform.engine.support.hierarchical.Node.around(Node.java:137)
[INFO] [stdout] 	at org.junit.platform.engine.support.hierarchical.NodeTestTask.lambda$executeRecursively$9(NodeTestTask.java:139)
[INFO] [stdout] 	at org.junit.platform.engine.support.hierarchical.ThrowableCollector.execute(ThrowableCollector.java:73)
[INFO] [stdout] 	at org.junit.platform.engine.support.hierarchical.NodeTestTask.executeRecursively(NodeTestTask.java:138)
[INFO] [stdout] 	at org.junit.platform.engine.support.hierarchical.NodeTestTask.execute(NodeTestTask.java:95)
[INFO] [stdout] 	at java.base/java.util.ArrayList.forEach(ArrayList.java:1596)
[INFO] [stdout] 	at org.junit.platform.engine.support.hierarchical.SameThreadHierarchicalTestExecutorService.invokeAll(SameThreadHierarchicalTestExecutorService.java:41)
[INFO] [stdout] 	at org.junit.platform.engine.support.hierarchical.NodeTestTask.lambda$executeRecursively$6(NodeTestTask.java:155)
[INFO] [stdout] 	at org.junit.platform.engine.support.hierarchical.ThrowableCollector.execute(ThrowableCollector.java:73)
[INFO] [stdout] 	at org.junit.platform.engine.support.hierarchical.NodeTestTask.lambda$executeRecursively$8(NodeTestTask.java:141)
[INFO] [stdout] 	at org.junit.platform.engine.support.hierarchical.Node.around(Node.java:137)
[INFO] [stdout] 	at org.junit.platform.engine.support.hierarchical.NodeTestTask.lambda$executeRecursively$9(NodeTestTask.java:139)
[INFO] [stdout] 	at org.junit.platform.engine.support.hierarchical.ThrowableCollector.execute(ThrowableCollector.java:73)
[INFO] [stdout] 	at org.junit.platform.engine.support.hierarchical.NodeTestTask.executeRecursively(NodeTestTask.java:138)
[INFO] [stdout] 	at org.junit.platform.engine.support.hierarchical.NodeTestTask.execute(NodeTestTask.java:95)
[INFO] [stdout] 	at java.base/java.util.ArrayList.forEach(ArrayList.java:1596)
[INFO] [stdout] 	at org.junit.platform.engine.support.hierarchical.SameThreadHierarchicalTestExecutorService.invokeAll(SameThreadHierarchicalTestExecutorService.java:41)
[INFO] [stdout] 	at org.junit.platform.engine.support.hierarchical.NodeTestTask.lambda$executeRecursively$6(NodeTestTask.java:155)
[INFO] [stdout] 	at org.junit.platform.engine.support.hierarchical.ThrowableCollector.execute(ThrowableCollector.java:73)
[INFO] [stdout] 	at org.junit.platform.engine.support.hierarchical.NodeTestTask.lambda$executeRecursively$8(NodeTestTask.java:141)
[INFO] [stdout] 	at org.junit.platform.engine.support.hierarchical.Node.around(Node.java:137)
[INFO] [stdout] 	at org.junit.platform.engine.support.hierarchical.NodeTestTask.lambda$executeRecursively$9(NodeTestTask.java:139)
[INFO] [stdout] 	at org.junit.platform.engine.support.hierarchical.ThrowableCollector.execute(ThrowableCollector.java:73)
[INFO] [stdout] 	at org.junit.platform.engine.support.hierarchical.NodeTestTask.executeRecursively(NodeTestTask.java:138)
[INFO] [stdout] 	at org.junit.platform.engine.support.hierarchical.NodeTestTask.execute(NodeTestTask.java:95)
[INFO] [stdout] 	at org.junit.platform.engine.support.hierarchical.SameThreadHierarchicalTestExecutorService.submit(SameThreadHierarchicalTestExecutorService.java:35)
[INFO] [stdout] 	at org.junit.platform.engine.support.hierarchical.HierarchicalTestExecutor.execute(HierarchicalTestExecutor.java:57)
[INFO] [stdout] 	at org.junit.platform.engine.support.hierarchical.HierarchicalTestEngine.execute(HierarchicalTestEngine.java:54)
[INFO] [stdout] 	at org.junit.platform.launcher.core.EngineExecutionOrchestrator.execute(EngineExecutionOrchestrator.java:198)
[INFO] [stdout] 	at org.junit.platform.launcher.core.EngineExecutionOrchestrator.execute(EngineExecutionOrchestrator.java:169)
[INFO] [stdout] 	at org.junit.platform.launcher.core.EngineExecutionOrchestrator.execute(EngineExecutionOrchestrator.java:93)
[INFO] [stdout] 	at org.junit.platform.launcher.core.EngineExecutionOrchestrator.lambda$execute$0(EngineExecutionOrchestrator.java:58)
[INFO] [stdout] 	at org.junit.platform.launcher.core.EngineExecutionOrchestrator.withInterceptedStreams(EngineExecutionOrchestrator.java:141)
[INFO] [stdout] 	at org.junit.platform.launcher.core.EngineExecutionOrchestrator.execute(EngineExecutionOrchestrator.java:57)
[INFO] [stdout] 	at org.junit.platform.launcher.core.DefaultLauncher.execute(DefaultLauncher.java:103)
[INFO] [stdout] 	at org.junit.platform.launcher.core.DefaultLauncher.execute(DefaultLauncher.java:85)
[INFO] [stdout] 	at org.junit.platform.launcher.core.DelegatingLauncher.execute(DelegatingLauncher.java:47)
[INFO] [stdout] 	at org.apache.maven.surefire.junitplatform.LazyLauncher.execute(LazyLauncher.java:50)
[INFO] [stdout] 	at org.apache.maven.surefire.junitplatform.JUnitPlatformProvider.execute(JUnitPlatformProvider.java:184)
[INFO] [stdout] 	at org.apache.maven.surefire.junitplatform.JUnitPlatformProvider.invokeAllTests(JUnitPlatformProvider.java:148)
[INFO] [stdout] 	at org.apache.maven.surefire.junitplatform.JUnitPlatformProvider.invoke(JUnitPlatformProvider.java:122)
[INFO] [stdout] 	at org.apache.maven.surefire.booter.ForkedBooter.runSuitesInProcess(ForkedBooter.java:385)
[INFO] [stdout] 	at org.apache.maven.surefire.booter.ForkedBooter.execute(ForkedBooter.java:162)
[INFO] [stdout] 	at org.apache.maven.surefire.booter.ForkedBooter.run(ForkedBooter.java:507)
[INFO] [stdout] 	at org.apache.maven.surefire.booter.ForkedBooter.main(ForkedBooter.java:495)
[INFO] [stdout] 17:41:47.986 [main] WARN com.azure.servicebus.largemessage.util.RetryHandler -- Operation failed on attempt 1/3. Retrying after 108 ms. Error: Transient failure on attempt 1
[INFO] [stdout] 17:41:48.095 [main] WARN com.azure.servicebus.largemessage.util.RetryHandler -- Operation failed on attempt 2/3. Retrying after 235 ms. Error: Transient failure on attempt 2
[INFO] [stdout] 17:41:48.334 [main] WARN com.azure.servicebus.largemessage.util.RetryHandler -- Operation failed on attempt 1/3. Retrying after 122 ms. Error: Always fail
[INFO] [stdout] 17:41:48.456 [main] WARN com.azure.servicebus.largemessage.util.RetryHandler -- Operation failed on attempt 2/3. Retrying after 165 ms. Error: Always fail
[INFO] [stdout] 17:41:48.622 [main] ERROR com.azure.servicebus.largemessage.util.RetryHandler -- Operation failed after 3 attempts
[INFO] [stdout] java.lang.RuntimeException: Always fail
[INFO] [stdout] 	at com.azure.servicebus.largemessage.util.RetryHandlerTest.lambda$testRetryHandler_exponentialBackoff$7(RetryHandlerTest.java:126)
[INFO] [stdout] 	at com.azure.servicebus.largemessage.util.RetryHandler.executeWithRetry(RetryHandler.java:58)
[INFO] [stdout] 	at com.azure.servicebus.largemessage.util.RetryHandlerTest.testRetryHandler_exponentialBackoff(RetryHandlerTest.java:124)
[INFO] [stdout] 	at java.base/jdk.internal.reflect.DirectMethodHandleAccessor.invoke(DirectMethodHandleAccessor.java:103)
[INFO] [stdout] 	at java.base/java.lang.reflect.Method.invoke(Method.java:580)
[INFO] [stdout] 	at org.junit.platform.commons.util.ReflectionUtils.invokeMethod(ReflectionUtils.java:728)
[INFO] [stdout] 	at org.junit.jupiter.engine.execution.MethodInvocation.proceed(MethodInvocation.java:60)
[INFO] [stdout] 	at org.junit.jupiter.engine.execution.InvocationInterceptorChain$ValidatingInvocation.proceed(InvocationInterceptorChain.java:131)
[INFO] [stdout] 	at org.junit.jupiter.engine.extension.TimeoutExtension.intercept(TimeoutExtension.java:156)
[INFO] [stdout] 	at org.junit.jupiter.engine.extension.TimeoutExtension.interceptTestableMethod(TimeoutExtension.java:147)
[INFO] [stdout] 	at org.junit.jupiter.engine.extension.TimeoutExtension.interceptTestMethod(TimeoutExtension.java:86)
[INFO] [stdout] 	at org.junit.jupiter.engine.execution.InterceptingExecutableInvoker$ReflectiveInterceptorCall.lambda$ofVoidMethod$0(InterceptingExecutableInvoker.java:103)
[INFO] [stdout] 	at org.junit.jupiter.engine.execution.InterceptingExecutableInvoker.lambda$invoke$0(InterceptingExecutableInvoker.java:93)
[INFO] [stdout] 	at org.junit.jupiter.engine.execution.InvocationInterceptorChain$InterceptedInvocation.proceed(InvocationInterceptorChain.java:106)
[INFO] [stdout] 	at org.junit.jupiter.engine.execution.InvocationInterceptorChain.proceed(InvocationInterceptorChain.java:64)
[INFO] [stdout] 	at org.junit.jupiter.engine.execution.InvocationInterceptorChain.chainAndInvoke(InvocationInterceptorChain.java:45)
[INFO] [stdout] 	at org.junit.jupiter.engine.execution.InvocationInterceptorChain.invoke(InvocationInterceptorChain.java:37)
[INFO] [stdout] 	at org.junit.jupiter.engine.execution.InterceptingExecutableInvoker.invoke(InterceptingExecutableInvoker.java:92)
[INFO] [stdout] 	at org.junit.jupiter.engine.execution.InterceptingExecutableInvoker.invoke(InterceptingExecutableInvoker.java:86)
[INFO] [stdout] 	at org.junit.jupiter.engine.descriptor.TestMethodTestDescriptor.lambda$invokeTestMethod$7(TestMethodTestDescriptor.java:218)
[INFO] [stdout] 	at org.junit.platform.engine.support.hierarchical.ThrowableCollector.execute(ThrowableCollector.java:73)
[INFO] [stdout] 	at org.junit.jupiter.engine.descriptor.TestMethodTestDescriptor.invokeTestMethod(TestMethodTestDescriptor.java:214)
[INFO] [stdout] 	at org.junit.jupiter.engine.descriptor.TestMethodTestDescriptor.execute(TestMethodTestDescriptor.java:139)
[INFO] [stdout] 	at org.junit.jupiter.engine.descriptor.TestMethodTestDescriptor.execute(TestMethodTestDescriptor.java:69)
[INFO] [stdout] 	at org.junit.platform.engine.support.hierarchical.NodeTestTask.lambda$executeRecursively$6(NodeTestTask.java:151)
[INFO] [stdout] 	at org.junit.platform.engine.support.hierarchical.ThrowableCollector.execute(ThrowableCollector.java:73)
[INFO] [stdout] 	at org.junit.platform.engine.support.hierarchical.NodeTestTask.lambda$executeRecursively$8(NodeTestTask.java:141)
[INFO] [stdout] 	at org.junit.platform.engine.support.hierarchical.Node.around(Node.java:137)
[INFO] [stdout] 	at org.junit.platform.engine.support.hierarchical.NodeTestTask.lambda$executeRecursively$9(NodeTestTask.java:139)
[INFO] [stdout] 	at org.junit.platform.engine.support.hierarchical.ThrowableCollector.execute(ThrowableCollector.java:73)
[INFO] [stdout] 	at org.junit.platform.engine.support.hierarchical.NodeTestTask.executeRecursively(NodeTestTask.java:138)
[INFO] [stdout] 	at org.junit.platform.engine.support.hierarchical.NodeTestTask.execute(NodeTestTask.java:95)
[INFO] [stdout] 	at java.base/java.util.ArrayList.forEach(ArrayList.java:1596)
[INFO] [stdout] 	at org.junit.platform.engine.support.hierarchical.SameThreadHierarchicalTestExecutorService.invokeAll(SameThreadHierarchicalTestExecutorService.java:41)
[INFO] [stdout] 	at org.junit.platform.engine.support.hierarchical.NodeTestTask.lambda$executeRecursively$6(NodeTestTask.java:155)
[INFO] [stdout] 	at org.junit.platform.engine.support.hierarchical.ThrowableCollector.execute(ThrowableCollector.java:73)
[INFO] [stdout] 	at org.junit.platform.engine.support.hierarchical.NodeTestTask.lambda$executeRecursively$8(NodeTestTask.java:141)
[INFO] [stdout] 	at org.junit.platform.engine.support.hierarchical.Node.around(Node.java:137)
[INFO] [stdout] 	at org.junit.platform.engine.support.hierarchical.NodeTestTask.lambda$executeRecursively$9(NodeTestTask.java:139)
[INFO] [stdout] 	at org.junit.platform.engine.support.hierarchical.ThrowableCollector.execute(ThrowableCollector.java:73)
[INFO] [stdout] 	at org.junit.platform.engine.support.hierarchical.NodeTestTask.executeRecursively(NodeTestTask.java:138)
[INFO] [stdout] 	at org.junit.platform.engine.support.hierarchical.NodeTestTask.execute(NodeTestTask.java:95)
[INFO] [stdout] 	at java.base/java.util.ArrayList.forEach(ArrayList.java:1596)
[INFO] [stdout] 	at org.junit.platform.engine.support.hierarchical.SameThreadHierarchicalTestExecutorService.invokeAll(SameThreadHierarchicalTestExecutorService.java:41)
[INFO] [stdout] 	at org.junit.platform.engine.support.hierarchical.NodeTestTask.lambda$executeRecursively$6(NodeTestTask.java:155)
[INFO] [stdout] 	at org.junit.platform.engine.support.hierarchical.ThrowableCollector.execute(ThrowableCollector.java:73)
[INFO] [stdout] 	at org.junit.platform.engine.support.hierarchical.NodeTestTask.lambda$executeRecursively$8(NodeTestTask.java:141)
[INFO] [stdout] 	at org.junit.platform.engine.support.hierarchical.Node.around(Node.java:137)
[INFO] [stdout] 	at org.junit.platform.engine.support.hierarchical.NodeTestTask.lambda$executeRecursively$9(NodeTestTask.java:139)
[INFO] [stdout] 	at org.junit.platform.engine.support.hierarchical.ThrowableCollector.execute(ThrowableCollector.java:73)
[INFO] [stdout] 	at org.junit.platform.engine.support.hierarchical.NodeTestTask.executeRecursively(NodeTestTask.java:138)
[INFO] [stdout] 	at org.junit.platform.engine.support.hierarchical.NodeTestTask.execute(NodeTestTask.java:95)
[INFO] [stdout] 	at org.junit.platform.engine.support.hierarchical.SameThreadHierarchicalTestExecutorService.submit(SameThreadHierarchicalTestExecutorService.java:35)
[INFO] [stdout] 	at org.junit.platform.engine.support.hierarchical.HierarchicalTestExecutor.execute(HierarchicalTestExecutor.java:57)
[INFO] [stdout] 	at org.junit.platform.engine.support.hierarchical.HierarchicalTestEngine.execute(HierarchicalTestEngine.java:54)
[INFO] [stdout] 	at org.junit.platform.launcher.core.EngineExecutionOrchestrator.execute(EngineExecutionOrchestrator.java:198)
[INFO] [stdout] 	at org.junit.platform.launcher.core.EngineExecutionOrchestrator.execute(EngineExecutionOrchestrator.java:169)
[INFO] [stdout] 	at org.junit.platform.launcher.core.EngineExecutionOrchestrator.execute(EngineExecutionOrchestrator.java:93)
[INFO] [stdout] 	at org.junit.platform.launcher.core.EngineExecutionOrchestrator.lambda$execute$0(EngineExecutionOrchestrator.java:58)
[INFO] [stdout] 	at org.junit.platform.launcher.core.EngineExecutionOrchestrator.withInterceptedStreams(EngineExecutionOrchestrator.java:141)
[INFO] [stdout] 	at org.junit.platform.launcher.core.EngineExecutionOrchestrator.execute(EngineExecutionOrchestrator.java:57)
[INFO] [stdout] 	at org.junit.platform.launcher.core.DefaultLauncher.execute(DefaultLauncher.java:103)
[INFO] [stdout] 	at org.junit.platform.launcher.core.DefaultLauncher.execute(DefaultLauncher.java:85)
[INFO] [stdout] 	at org.junit.platform.launcher.core.DelegatingLauncher.execute(DelegatingLauncher.java:47)
[INFO] [stdout] 	at org.apache.maven.surefire.junitplatform.LazyLauncher.execute(LazyLauncher.java:50)
[INFO] [stdout] 	at org.apache.maven.surefire.junitplatform.JUnitPlatformProvider.execute(JUnitPlatformProvider.java:184)
[INFO] [stdout] 	at org.apache.maven.surefire.junitplatform.JUnitPlatformProvider.invokeAllTests(JUnitPlatformProvider.java:148)
[INFO] [stdout] 	at org.apache.maven.surefire.junitplatform.JUnitPlatformProvider.invoke(JUnitPlatformProvider.java:122)
[INFO] [stdout] 	at org.apache.maven.surefire.booter.ForkedBooter.runSuitesInProcess(ForkedBooter.java:385)
[INFO] [stdout] 	at org.apache.maven.surefire.booter.ForkedBooter.execute(ForkedBooter.java:162)
[INFO] [stdout] 	at org.apache.maven.surefire.booter.ForkedBooter.run(ForkedBooter.java:507)
[INFO] [stdout] 	at org.apache.maven.surefire.booter.ForkedBooter.main(ForkedBooter.java:495)
[INFO] Tests run: 8, Failures: 0, Errors: 0, Skipped: 0, Time elapsed: 1.977 s - in com.azure.servicebus.largemessage.util.RetryHandlerTest
[INFO] Running com.azure.servicebus.largemessage.store.GapImplementationStoreTest
[INFO] Running com.azure.servicebus.largemessage.store.GapImplementationStoreTest$ContentTypeTests
[INFO] Tests run: 5, Failures: 0, Errors: 0, Skipped: 0, Time elapsed: 0.777 s - in com.azure.servicebus.largemessage.store.GapImplementationStoreTest$ContentTypeTests
[INFO] Running com.azure.servicebus.largemessage.store.GapImplementationStoreTest$BinaryPayloadStoreTests
[INFO] Tests run: 5, Failures: 0, Errors: 0, Skipped: 0, Time elapsed: 0.028 s - in com.azure.servicebus.largemessage.store.GapImplementationStoreTest$BinaryPayloadStoreTests
[INFO] Running com.azure.servicebus.largemessage.store.GapImplementationStoreTest$EncryptionTests
[INFO] [stdout] 17:41:49.441 [main] INFO com.azure.servicebus.largemessage.store.BlobPayloadStore -- Encryption scope configured: my-encryption-scope
[INFO] [stdout] 17:41:49.456 [main] INFO com.azure.servicebus.largemessage.store.BlobPayloadStore -- Customer-provided key (CPK) configured  will apply server-side encryption
[INFO] Tests run: 3, Failures: 0, Errors: 0, Skipped: 0, Time elapsed: 0.021 s - in com.azure.servicebus.largemessage.store.GapImplementationStoreTest$EncryptionTests
[INFO] Tests run: 0, Failures: 0, Errors: 0, Skipped: 0, Time elapsed: 0.832 s - in com.azure.servicebus.largemessage.store.GapImplementationStoreTest
[INFO] Running com.azure.servicebus.largemessage.store.ReceiveOnlyBlobResolverTest
[INFO] [stdout] 17:41:49.499 [main] ERROR com.azure.storage.blob.BlobClientBuilder -- The Azure Storage Blob endpoint url is malformed.
[INFO] [stdout] 17:41:49.499 [main] ERROR com.azure.servicebus.largemessage.store.ReceiveOnlyBlobResolver -- Failed to download payload using SAS URI. Possible causes: expired token, invalid URI, or network error
[INFO] [stdout] java.lang.IllegalArgumentException: The Azure Storage Blob endpoint url is malformed.
[INFO] [stdout] 	at com.azure.storage.blob.BlobClientBuilder.endpoint(BlobClientBuilder.java:370)
[INFO] [stdout] 	at com.azure.servicebus.largemessage.store.ReceiveOnlyBlobResolver.getPayloadBySasUri(ReceiveOnlyBlobResolver.java:39)
[INFO] [stdout] 	at com.azure.servicebus.largemessage.store.ReceiveOnlyBlobResolverTest.lambda$testGetPayloadBySasUri_MalformedUri$3(ReceiveOnlyBlobResolverTest.java:62)
[INFO] [stdout] 	at org.junit.jupiter.api.AssertThrows.assertThrows(AssertThrows.java:53)
[INFO] [stdout] 	at org.junit.jupiter.api.AssertThrows.assertThrows(AssertThrows.java:35)
[INFO] [stdout] 	at org.junit.jupiter.api.Assertions.assertThrows(Assertions.java:3115)
[INFO] [stdout] 	at com.azure.servicebus.largemessage.store.ReceiveOnlyBlobResolverTest.testGetPayloadBySasUri_MalformedUri(ReceiveOnlyBlobResolverTest.java:61)
[INFO] [stdout] 	at java.base/jdk.internal.reflect.DirectMethodHandleAccessor.invoke(DirectMethodHandleAccessor.java:103)
[INFO] [stdout] 	at java.base/java.lang.reflect.Method.invoke(Method.java:580)
[INFO] [stdout] 	at org.junit.platform.commons.util.ReflectionUtils.invokeMethod(ReflectionUtils.java:728)
[INFO] [stdout] 	at org.junit.jupiter.engine.execution.MethodInvocation.proceed(MethodInvocation.java:60)
[INFO] [stdout] 	at org.junit.jupiter.engine.execution.InvocationInterceptorChain$ValidatingInvocation.proceed(InvocationInterceptorChain.java:131)
[INFO] [stdout] 	at org.junit.jupiter.engine.extension.TimeoutExtension.intercept(TimeoutExtension.java:156)
[INFO] [stdout] 	at org.junit.jupiter.engine.extension.TimeoutExtension.interceptTestableMethod(TimeoutExtension.java:147)
[INFO] [stdout] 	at org.junit.jupiter.engine.extension.TimeoutExtension.interceptTestMethod(TimeoutExtension.java:86)
[INFO] [stdout] 	at org.junit.jupiter.engine.execution.InterceptingExecutableInvoker$ReflectiveInterceptorCall.lambda$ofVoidMethod$0(InterceptingExecutableInvoker.java:103)
[INFO] [stdout] 	at org.junit.jupiter.engine.execution.InterceptingExecutableInvoker.lambda$invoke$0(InterceptingExecutableInvoker.java:93)
[INFO] [stdout] 	at org.junit.jupiter.engine.execution.InvocationInterceptorChain$InterceptedInvocation.proceed(InvocationInterceptorChain.java:106)
[INFO] [stdout] 	at org.junit.jupiter.engine.execution.InvocationInterceptorChain.proceed(InvocationInterceptorChain.java:64)
[INFO] [stdout] 	at org.junit.jupiter.engine.execution.InvocationInterceptorChain.chainAndInvoke(InvocationInterceptorChain.java:45)
[INFO] [stdout] 	at org.junit.jupiter.engine.execution.InvocationInterceptorChain.invoke(InvocationInterceptorChain.java:37)
[INFO] [stdout] 	at org.junit.jupiter.engine.execution.InterceptingExecutableInvoker.invoke(InterceptingExecutableInvoker.java:92)
[INFO] [stdout] 	at org.junit.jupiter.engine.execution.InterceptingExecutableInvoker.invoke(InterceptingExecutableInvoker.java:86)
[INFO] [stdout] 	at org.junit.jupiter.engine.descriptor.TestMethodTestDescriptor.lambda$invokeTestMethod$7(TestMethodTestDescriptor.java:218)
[INFO] [stdout] 	at org.junit.platform.engine.support.hierarchical.ThrowableCollector.execute(ThrowableCollector.java:73)
[INFO] [stdout] 	at org.junit.jupiter.engine.descriptor.TestMethodTestDescriptor.invokeTestMethod(TestMethodTestDescriptor.java:214)
[INFO] [stdout] 	at org.junit.jupiter.engine.descriptor.TestMethodTestDescriptor.execute(TestMethodTestDescriptor.java:139)
[INFO] [stdout] 	at org.junit.jupiter.engine.descriptor.TestMethodTestDescriptor.execute(TestMethodTestDescriptor.java:69)
[INFO] [stdout] 	at org.junit.platform.engine.support.hierarchical.NodeTestTask.lambda$executeRecursively$6(NodeTestTask.java:151)
[INFO] [stdout] 	at org.junit.platform.engine.support.hierarchical.ThrowableCollector.execute(ThrowableCollector.java:73)
[INFO] [stdout] 	at org.junit.platform.engine.support.hierarchical.NodeTestTask.lambda$executeRecursively$8(NodeTestTask.java:141)
[INFO] [stdout] 	at org.junit.platform.engine.support.hierarchical.Node.around(Node.java:137)
[INFO] [stdout] 	at org.junit.platform.engine.support.hierarchical.NodeTestTask.lambda$executeRecursively$9(NodeTestTask.java:139)
[INFO] [stdout] 	at org.junit.platform.engine.support.hierarchical.ThrowableCollector.execute(ThrowableCollector.java:73)
[INFO] [stdout] 	at org.junit.platform.engine.support.hierarchical.NodeTestTask.executeRecursively(NodeTestTask.java:138)
[INFO] [stdout] 	at org.junit.platform.engine.support.hierarchical.NodeTestTask.execute(NodeTestTask.java:95)
[INFO] [stdout] 	at java.base/java.util.ArrayList.forEach(ArrayList.java:1596)
[INFO] [stdout] 	at org.junit.platform.engine.support.hierarchical.SameThreadHierarchicalTestExecutorService.invokeAll(SameThreadHierarchicalTestExecutorService.java:41)
[INFO] [stdout] 	at org.junit.platform.engine.support.hierarchical.NodeTestTask.lambda$executeRecursively$6(NodeTestTask.java:155)
[INFO] [stdout] 	at org.junit.platform.engine.support.hierarchical.ThrowableCollector.execute(ThrowableCollector.java:73)
[INFO] [stdout] 	at org.junit.platform.engine.support.hierarchical.NodeTestTask.lambda$executeRecursively$8(NodeTestTask.java:141)
[INFO] [stdout] 	at org.junit.platform.engine.support.hierarchical.Node.around(Node.java:137)
[INFO] [stdout] 	at org.junit.platform.engine.support.hierarchical.NodeTestTask.lambda$executeRecursively$9(NodeTestTask.java:139)
[INFO] [stdout] 	at org.junit.platform.engine.support.hierarchical.ThrowableCollector.execute(ThrowableCollector.java:73)
[INFO] [stdout] 	at org.junit.platform.engine.support.hierarchical.NodeTestTask.executeRecursively(NodeTestTask.java:138)
[INFO] [stdout] 	at org.junit.platform.engine.support.hierarchical.NodeTestTask.execute(NodeTestTask.java:95)
[INFO] [stdout] 	at java.base/java.util.ArrayList.forEach(ArrayList.java:1596)
[INFO] [stdout] 	at org.junit.platform.engine.support.hierarchical.SameThreadHierarchicalTestExecutorService.invokeAll(SameThreadHierarchicalTestExecutorService.java:41)
[INFO] [stdout] 	at org.junit.platform.engine.support.hierarchical.NodeTestTask.lambda$executeRecursively$6(NodeTestTask.java:155)
[INFO] [stdout] 	at org.junit.platform.engine.support.hierarchical.ThrowableCollector.execute(ThrowableCollector.java:73)
[INFO] [stdout] 	at org.junit.platform.engine.support.hierarchical.NodeTestTask.lambda$executeRecursively$8(NodeTestTask.java:141)
[INFO] [stdout] 	at org.junit.platform.engine.support.hierarchical.Node.around(Node.java:137)
[INFO] [stdout] 	at org.junit.platform.engine.support.hierarchical.NodeTestTask.lambda$executeRecursively$9(NodeTestTask.java:139)
[INFO] [stdout] 	at org.junit.platform.engine.support.hierarchical.ThrowableCollector.execute(ThrowableCollector.java:73)
[INFO] [stdout] 	at org.junit.platform.engine.support.hierarchical.NodeTestTask.executeRecursively(NodeTestTask.java:138)
[INFO] [stdout] 	at org.junit.platform.engine.support.hierarchical.NodeTestTask.execute(NodeTestTask.java:95)
[INFO] [stdout] 	at org.junit.platform.engine.support.hierarchical.SameThreadHierarchicalTestExecutorService.submit(SameThreadHierarchicalTestExecutorService.java:35)
[INFO] [stdout] 	at org.junit.platform.engine.support.hierarchical.HierarchicalTestExecutor.execute(HierarchicalTestExecutor.java:57)
[INFO] [stdout] 	at org.junit.platform.engine.support.hierarchical.HierarchicalTestEngine.execute(HierarchicalTestEngine.java:54)
[INFO] [stdout] 	at org.junit.platform.launcher.core.EngineExecutionOrchestrator.execute(EngineExecutionOrchestrator.java:198)
[INFO] [stdout] 	at org.junit.platform.launcher.core.EngineExecutionOrchestrator.execute(EngineExecutionOrchestrator.java:169)
[INFO] [stdout] 	at org.junit.platform.launcher.core.EngineExecutionOrchestrator.execute(EngineExecutionOrchestrator.java:93)
[INFO] [stdout] 	at org.junit.platform.launcher.core.EngineExecutionOrchestrator.lambda$execute$0(EngineExecutionOrchestrator.java:58)
[INFO] [stdout] 	at org.junit.platform.launcher.core.EngineExecutionOrchestrator.withInterceptedStreams(EngineExecutionOrchestrator.java:141)
[INFO] [stdout] 	at org.junit.platform.launcher.core.EngineExecutionOrchestrator.execute(EngineExecutionOrchestrator.java:57)
[INFO] [stdout] 	at org.junit.platform.launcher.core.DefaultLauncher.execute(DefaultLauncher.java:103)
[INFO] [stdout] 	at org.junit.platform.launcher.core.DefaultLauncher.execute(DefaultLauncher.java:85)
[INFO] [stdout] 	at org.junit.platform.launcher.core.DelegatingLauncher.execute(DelegatingLauncher.java:47)
[INFO] [stdout] 	at org.apache.maven.surefire.junitplatform.LazyLauncher.execute(LazyLauncher.java:50)
[INFO] [stdout] 	at org.apache.maven.surefire.junitplatform.JUnitPlatformProvider.execute(JUnitPlatformProvider.java:184)
[INFO] [stdout] 	at org.apache.maven.surefire.junitplatform.JUnitPlatformProvider.invokeAllTests(JUnitPlatformProvider.java:148)
[INFO] [stdout] 	at org.apache.maven.surefire.junitplatform.JUnitPlatformProvider.invoke(JUnitPlatformProvider.java:122)
[INFO] [stdout] 	at org.apache.maven.surefire.booter.ForkedBooter.runSuitesInProcess(ForkedBooter.java:385)
[INFO] [stdout] 	at org.apache.maven.surefire.booter.ForkedBooter.execute(ForkedBooter.java:162)
[INFO] [stdout] 	at org.apache.maven.surefire.booter.ForkedBooter.run(ForkedBooter.java:507)
[INFO] [stdout] 	at org.apache.maven.surefire.booter.ForkedBooter.main(ForkedBooter.java:495)
[INFO] [stdout] Caused by: java.net.MalformedURLException: no protocol: not-a-valid-uri
[INFO] [stdout] 	at java.base/java.net.URL.<init>(URL.java:772)
[INFO] [stdout] 	at java.base/java.net.URL.<init>(URL.java:654)
[INFO] [stdout] 	at java.base/java.net.URL.<init>(URL.java:590)
[INFO] [stdout] 	at com.azure.storage.blob.BlobClientBuilder.endpoint(BlobClientBuilder.java:354)
[INFO] [stdout] 	... 75 common frames omitted
[INFO] [stdout] 17:41:49.502 [main] ERROR com.azure.storage.blob.BlobClientBuilder -- The Azure Storage Blob endpoint url is malformed.
[INFO] [stdout] 17:41:49.502 [main] ERROR com.azure.servicebus.largemessage.store.ReceiveOnlyBlobResolver -- Failed to download payload using SAS URI. Possible causes: expired token, invalid URI, or network error
[INFO] [stdout] java.lang.IllegalArgumentException: The Azure Storage Blob endpoint url is malformed.
[INFO] [stdout] 	at com.azure.storage.blob.BlobClientBuilder.endpoint(BlobClientBuilder.java:370)
[INFO] [stdout] 	at com.azure.servicebus.largemessage.store.ReceiveOnlyBlobResolver.getPayloadBySasUri(ReceiveOnlyBlobResolver.java:39)
[INFO] [stdout] 	at com.azure.servicebus.largemessage.store.ReceiveOnlyBlobResolverTest.lambda$testGetPayloadBySasUri_NullUri$1(ReceiveOnlyBlobResolverTest.java:39)
[INFO] [stdout] 	at org.junit.jupiter.api.AssertThrows.assertThrows(AssertThrows.java:53)
[INFO] [stdout] 	at org.junit.jupiter.api.AssertThrows.assertThrows(AssertThrows.java:35)
[INFO] [stdout] 	at org.junit.jupiter.api.Assertions.assertThrows(Assertions.java:3115)
[INFO] [stdout] 	at com.azure.servicebus.largemessage.store.ReceiveOnlyBlobResolverTest.testGetPayloadBySasUri_NullUri(ReceiveOnlyBlobResolverTest.java:38)
[INFO] [stdout] 	at java.base/jdk.internal.reflect.DirectMethodHandleAccessor.invoke(DirectMethodHandleAccessor.java:103)
[INFO] [stdout] 	at java.base/java.lang.reflect.Method.invoke(Method.java:580)
[INFO] [stdout] 	at org.junit.platform.commons.util.ReflectionUtils.invokeMethod(ReflectionUtils.java:728)
[INFO] [stdout] 	at org.junit.jupiter.engine.execution.MethodInvocation.proceed(MethodInvocation.java:60)
[INFO] [stdout] 	at org.junit.jupiter.engine.execution.InvocationInterceptorChain$ValidatingInvocation.proceed(InvocationInterceptorChain.java:131)
[INFO] [stdout] 	at org.junit.jupiter.engine.extension.TimeoutExtension.intercept(TimeoutExtension.java:156)
[INFO] [stdout] 	at org.junit.jupiter.engine.extension.TimeoutExtension.interceptTestableMethod(TimeoutExtension.java:147)
[INFO] [stdout] 	at org.junit.jupiter.engine.extension.TimeoutExtension.interceptTestMethod(TimeoutExtension.java:86)
[INFO] [stdout] 	at org.junit.jupiter.engine.execution.InterceptingExecutableInvoker$ReflectiveInterceptorCall.lambda$ofVoidMethod$0(InterceptingExecutableInvoker.java:103)
[INFO] [stdout] 	at org.junit.jupiter.engine.execution.InterceptingExecutableInvoker.lambda$invoke$0(InterceptingExecutableInvoker.java:93)
[INFO] [stdout] 	at org.junit.jupiter.engine.execution.InvocationInterceptorChain$InterceptedInvocation.proceed(InvocationInterceptorChain.java:106)
[INFO] [stdout] 	at org.junit.jupiter.engine.execution.InvocationInterceptorChain.proceed(InvocationInterceptorChain.java:64)
[INFO] [stdout] 	at org.junit.jupiter.engine.execution.InvocationInterceptorChain.chainAndInvoke(InvocationInterceptorChain.java:45)
[INFO] [stdout] 	at org.junit.jupiter.engine.execution.InvocationInterceptorChain.invoke(InvocationInterceptorChain.java:37)
[INFO] [stdout] 	at org.junit.jupiter.engine.execution.InterceptingExecutableInvoker.invoke(InterceptingExecutableInvoker.java:92)
[INFO] [stdout] 	at org.junit.jupiter.engine.execution.InterceptingExecutableInvoker.invoke(InterceptingExecutableInvoker.java:86)
[INFO] [stdout] 	at org.junit.jupiter.engine.descriptor.TestMethodTestDescriptor.lambda$invokeTestMethod$7(TestMethodTestDescriptor.java:218)
[INFO] [stdout] 	at org.junit.platform.engine.support.hierarchical.ThrowableCollector.execute(ThrowableCollector.java:73)
[INFO] [stdout] 	at org.junit.jupiter.engine.descriptor.TestMethodTestDescriptor.invokeTestMethod(TestMethodTestDescriptor.java:214)
[INFO] [stdout] 	at org.junit.jupiter.engine.descriptor.TestMethodTestDescriptor.execute(TestMethodTestDescriptor.java:139)
[INFO] [stdout] 	at org.junit.jupiter.engine.descriptor.TestMethodTestDescriptor.execute(TestMethodTestDescriptor.java:69)
[INFO] [stdout] 	at org.junit.platform.engine.support.hierarchical.NodeTestTask.lambda$executeRecursively$6(NodeTestTask.java:151)
[INFO] [stdout] 	at org.junit.platform.engine.support.hierarchical.ThrowableCollector.execute(ThrowableCollector.java:73)
[INFO] [stdout] 	at org.junit.platform.engine.support.hierarchical.NodeTestTask.lambda$executeRecursively$8(NodeTestTask.java:141)
[INFO] [stdout] 	at org.junit.platform.engine.support.hierarchical.Node.around(Node.java:137)
[INFO] [stdout] 	at org.junit.platform.engine.support.hierarchical.NodeTestTask.lambda$executeRecursively$9(NodeTestTask.java:139)
[INFO] [stdout] 	at org.junit.platform.engine.support.hierarchical.ThrowableCollector.execute(ThrowableCollector.java:73)
[INFO] [stdout] 	at org.junit.platform.engine.support.hierarchical.NodeTestTask.executeRecursively(NodeTestTask.java:138)
[INFO] [stdout] 	at org.junit.platform.engine.support.hierarchical.NodeTestTask.execute(NodeTestTask.java:95)
[INFO] [stdout] 	at java.base/java.util.ArrayList.forEach(ArrayList.java:1596)
[INFO] [stdout] 	at org.junit.platform.engine.support.hierarchical.SameThreadHierarchicalTestExecutorService.invokeAll(SameThreadHierarchicalTestExecutorService.java:41)
[INFO] [stdout] 	at org.junit.platform.engine.support.hierarchical.NodeTestTask.lambda$executeRecursively$6(NodeTestTask.java:155)
[INFO] [stdout] 	at org.junit.platform.engine.support.hierarchical.ThrowableCollector.execute(ThrowableCollector.java:73)
[INFO] [stdout] 	at org.junit.platform.engine.support.hierarchical.NodeTestTask.lambda$executeRecursively$8(NodeTestTask.java:141)
[INFO] [stdout] 	at org.junit.platform.engine.support.hierarchical.Node.around(Node.java:137)
[INFO] [stdout] 	at org.junit.platform.engine.support.hierarchical.NodeTestTask.lambda$executeRecursively$9(NodeTestTask.java:139)
[INFO] [stdout] 	at org.junit.platform.engine.support.hierarchical.ThrowableCollector.execute(ThrowableCollector.java:73)
[INFO] [stdout] 	at org.junit.platform.engine.support.hierarchical.NodeTestTask.executeRecursively(NodeTestTask.java:138)
[INFO] [stdout] 	at org.junit.platform.engine.support.hierarchical.NodeTestTask.execute(NodeTestTask.java:95)
[INFO] [stdout] 	at java.base/java.util.ArrayList.forEach(ArrayList.java:1596)
[INFO] [stdout] 	at org.junit.platform.engine.support.hierarchical.SameThreadHierarchicalTestExecutorService.invokeAll(SameThreadHierarchicalTestExecutorService.java:41)
[INFO] [stdout] 	at org.junit.platform.engine.support.hierarchical.NodeTestTask.lambda$executeRecursively$6(NodeTestTask.java:155)
[INFO] [stdout] 	at org.junit.platform.engine.support.hierarchical.ThrowableCollector.execute(ThrowableCollector.java:73)
[INFO] [stdout] 	at org.junit.platform.engine.support.hierarchical.NodeTestTask.lambda$executeRecursively$8(NodeTestTask.java:141)
[INFO] [stdout] 	at org.junit.platform.engine.support.hierarchical.Node.around(Node.java:137)
[INFO] [stdout] 	at org.junit.platform.engine.support.hierarchical.NodeTestTask.lambda$executeRecursively$9(NodeTestTask.java:139)
[INFO] [stdout] 	at org.junit.platform.engine.support.hierarchical.ThrowableCollector.execute(ThrowableCollector.java:73)
[INFO] [stdout] 	at org.junit.platform.engine.support.hierarchical.NodeTestTask.executeRecursively(NodeTestTask.java:138)
[INFO] [stdout] 	at org.junit.platform.engine.support.hierarchical.NodeTestTask.execute(NodeTestTask.java:95)
[INFO] [stdout] 	at org.junit.platform.engine.support.hierarchical.SameThreadHierarchicalTestExecutorService.submit(SameThreadHierarchicalTestExecutorService.java:35)
[INFO] [stdout] 	at org.junit.platform.engine.support.hierarchical.HierarchicalTestExecutor.execute(HierarchicalTestExecutor.java:57)
[INFO] [stdout] 	at org.junit.platform.engine.support.hierarchical.HierarchicalTestEngine.execute(HierarchicalTestEngine.java:54)
[INFO] [stdout] 	at org.junit.platform.launcher.core.EngineExecutionOrchestrator.execute(EngineExecutionOrchestrator.java:198)
[INFO] [stdout] 	at org.junit.platform.launcher.core.EngineExecutionOrchestrator.execute(EngineExecutionOrchestrator.java:169)
[INFO] [stdout] 	at org.junit.platform.launcher.core.EngineExecutionOrchestrator.execute(EngineExecutionOrchestrator.java:93)
[INFO] [stdout] 	at org.junit.platform.launcher.core.EngineExecutionOrchestrator.lambda$execute$0(EngineExecutionOrchestrator.java:58)
[INFO] [stdout] 	at org.junit.platform.launcher.core.EngineExecutionOrchestrator.withInterceptedStreams(EngineExecutionOrchestrator.java:141)
[INFO] [stdout] 	at org.junit.platform.launcher.core.EngineExecutionOrchestrator.execute(EngineExecutionOrchestrator.java:57)
[INFO] [stdout] 	at org.junit.platform.launcher.core.DefaultLauncher.execute(DefaultLauncher.java:103)
[INFO] [stdout] 	at org.junit.platform.launcher.core.DefaultLauncher.execute(DefaultLauncher.java:85)
[INFO] [stdout] 	at org.junit.platform.launcher.core.DelegatingLauncher.execute(DelegatingLauncher.java:47)
[INFO] [stdout] 	at org.apache.maven.surefire.junitplatform.LazyLauncher.execute(LazyLauncher.java:50)
[INFO] [stdout] 	at org.apache.maven.surefire.junitplatform.JUnitPlatformProvider.execute(JUnitPlatformProvider.java:184)
[INFO] [stdout] 	at org.apache.maven.surefire.junitplatform.JUnitPlatformProvider.invokeAllTests(JUnitPlatformProvider.java:148)
[INFO] [stdout] 	at org.apache.maven.surefire.junitplatform.JUnitPlatformProvider.invoke(JUnitPlatformProvider.java:122)
[INFO] [stdout] 	at org.apache.maven.surefire.booter.ForkedBooter.runSuitesInProcess(ForkedBooter.java:385)
[INFO] [stdout] 	at org.apache.maven.surefire.booter.ForkedBooter.execute(ForkedBooter.java:162)
[INFO] [stdout] 	at org.apache.maven.surefire.booter.ForkedBooter.run(ForkedBooter.java:507)
[INFO] [stdout] 	at org.apache.maven.surefire.booter.ForkedBooter.main(ForkedBooter.java:495)
[INFO] [stdout] Caused by: java.net.MalformedURLException: Cannot invoke "String.length()" because "spec" is null
[INFO] [stdout] 	at java.base/java.net.URL.<init>(URL.java:806)
[INFO] [stdout] 	at java.base/java.net.URL.<init>(URL.java:654)
[INFO] [stdout] 	at java.base/java.net.URL.<init>(URL.java:590)
[INFO] [stdout] 	at com.azure.storage.blob.BlobClientBuilder.endpoint(BlobClientBuilder.java:354)
[INFO] [stdout] 	... 75 common frames omitted
[INFO] [stdout] Caused by: java.lang.NullPointerException: Cannot invoke "String.length()" because "spec" is null
[INFO] [stdout] 	at java.base/java.net.URL.<init>(URL.java:712)
[INFO] [stdout] 	... 78 common frames omitted
[INFO] [stdout] 17:41:49.506 [main] ERROR com.azure.storage.blob.BlobClientBuilder -- The Azure Storage Blob endpoint url is malformed.
[INFO] [stdout] 17:41:49.506 [main] ERROR com.azure.servicebus.largemessage.store.ReceiveOnlyBlobResolver -- Failed to download payload using SAS URI. Possible causes: expired token, invalid URI, or network error
[INFO] [stdout] java.lang.IllegalArgumentException: The Azure Storage Blob endpoint url is malformed.
[INFO] [stdout] 	at com.azure.storage.blob.BlobClientBuilder.endpoint(BlobClientBuilder.java:370)
[INFO] [stdout] 	at com.azure.servicebus.largemessage.store.ReceiveOnlyBlobResolver.getPayloadBySasUri(ReceiveOnlyBlobResolver.java:39)
[INFO] [stdout] 	at com.azure.servicebus.largemessage.store.ReceiveOnlyBlobResolverTest.lambda$testGetPayloadBySasUri_Success$0(ReceiveOnlyBlobResolverTest.java:28)
[INFO] [stdout] 	at org.junit.jupiter.api.AssertThrows.assertThrows(AssertThrows.java:53)
[INFO] [stdout] 	at org.junit.jupiter.api.AssertThrows.assertThrows(AssertThrows.java:35)
[INFO] [stdout] 	at org.junit.jupiter.api.Assertions.assertThrows(Assertions.java:3115)
[INFO] [stdout] 	at com.azure.servicebus.largemessage.store.ReceiveOnlyBlobResolverTest.testGetPayloadBySasUri_Success(ReceiveOnlyBlobResolverTest.java:27)
[INFO] [stdout] 	at java.base/jdk.internal.reflect.DirectMethodHandleAccessor.invoke(DirectMethodHandleAccessor.java:103)
[INFO] [stdout] 	at java.base/java.lang.reflect.Method.invoke(Method.java:580)
[INFO] [stdout] 	at org.junit.platform.commons.util.ReflectionUtils.invokeMethod(ReflectionUtils.java:728)
[INFO] [stdout] 	at org.junit.jupiter.engine.execution.MethodInvocation.proceed(MethodInvocation.java:60)
[INFO] [stdout] 	at org.junit.jupiter.engine.execution.InvocationInterceptorChain$ValidatingInvocation.proceed(InvocationInterceptorChain.java:131)
[INFO] [stdout] 	at org.junit.jupiter.engine.extension.TimeoutExtension.intercept(TimeoutExtension.java:156)
[INFO] [stdout] 	at org.junit.jupiter.engine.extension.TimeoutExtension.interceptTestableMethod(TimeoutExtension.java:147)
[INFO] [stdout] 	at org.junit.jupiter.engine.extension.TimeoutExtension.interceptTestMethod(TimeoutExtension.java:86)
[INFO] [stdout] 	at org.junit.jupiter.engine.execution.InterceptingExecutableInvoker$ReflectiveInterceptorCall.lambda$ofVoidMethod$0(InterceptingExecutableInvoker.java:103)
[INFO] [stdout] 	at org.junit.jupiter.engine.execution.InterceptingExecutableInvoker.lambda$invoke$0(InterceptingExecutableInvoker.java:93)
[INFO] [stdout] 	at org.junit.jupiter.engine.execution.InvocationInterceptorChain$InterceptedInvocation.proceed(InvocationInterceptorChain.java:106)
[INFO] [stdout] 	at org.junit.jupiter.engine.execution.InvocationInterceptorChain.proceed(InvocationInterceptorChain.java:64)
[INFO] [stdout] 	at org.junit.jupiter.engine.execution.InvocationInterceptorChain.chainAndInvoke(InvocationInterceptorChain.java:45)
[INFO] [stdout] 	at org.junit.jupiter.engine.execution.InvocationInterceptorChain.invoke(InvocationInterceptorChain.java:37)
[INFO] [stdout] 	at org.junit.jupiter.engine.execution.InterceptingExecutableInvoker.invoke(InterceptingExecutableInvoker.java:92)
[INFO] [stdout] 	at org.junit.jupiter.engine.execution.InterceptingExecutableInvoker.invoke(InterceptingExecutableInvoker.java:86)
[INFO] [stdout] 	at org.junit.jupiter.engine.descriptor.TestMethodTestDescriptor.lambda$invokeTestMethod$7(TestMethodTestDescriptor.java:218)
[INFO] [stdout] 	at org.junit.platform.engine.support.hierarchical.ThrowableCollector.execute(ThrowableCollector.java:73)
[INFO] [stdout] 	at org.junit.jupiter.engine.descriptor.TestMethodTestDescriptor.invokeTestMethod(TestMethodTestDescriptor.java:214)
[INFO] [stdout] 	at org.junit.jupiter.engine.descriptor.TestMethodTestDescriptor.execute(TestMethodTestDescriptor.java:139)
[INFO] [stdout] 	at org.junit.jupiter.engine.descriptor.TestMethodTestDescriptor.execute(TestMethodTestDescriptor.java:69)
[INFO] [stdout] 	at org.junit.platform.engine.support.hierarchical.NodeTestTask.lambda$executeRecursively$6(NodeTestTask.java:151)
[INFO] [stdout] 	at org.junit.platform.engine.support.hierarchical.ThrowableCollector.execute(ThrowableCollector.java:73)
[INFO] [stdout] 	at org.junit.platform.engine.support.hierarchical.NodeTestTask.lambda$executeRecursively$8(NodeTestTask.java:141)
[INFO] [stdout] 	at org.junit.platform.engine.support.hierarchical.Node.around(Node.java:137)
[INFO] [stdout] 	at org.junit.platform.engine.support.hierarchical.NodeTestTask.lambda$executeRecursively$9(NodeTestTask.java:139)
[INFO] [stdout] 	at org.junit.platform.engine.support.hierarchical.ThrowableCollector.execute(ThrowableCollector.java:73)
[INFO] [stdout] 	at org.junit.platform.engine.support.hierarchical.NodeTestTask.executeRecursively(NodeTestTask.java:138)
[INFO] [stdout] 	at org.junit.platform.engine.support.hierarchical.NodeTestTask.execute(NodeTestTask.java:95)
[INFO] [stdout] 	at java.base/java.util.ArrayList.forEach(ArrayList.java:1596)
[INFO] [stdout] 	at org.junit.platform.engine.support.hierarchical.SameThreadHierarchicalTestExecutorService.invokeAll(SameThreadHierarchicalTestExecutorService.java:41)
[INFO] [stdout] 	at org.junit.platform.engine.support.hierarchical.NodeTestTask.lambda$executeRecursively$6(NodeTestTask.java:155)
[INFO] [stdout] 	at org.junit.platform.engine.support.hierarchical.ThrowableCollector.execute(ThrowableCollector.java:73)
[INFO] [stdout] 	at org.junit.platform.engine.support.hierarchical.NodeTestTask.lambda$executeRecursively$8(NodeTestTask.java:141)
[INFO] [stdout] 	at org.junit.platform.engine.support.hierarchical.Node.around(Node.java:137)
[INFO] [stdout] 	at org.junit.platform.engine.support.hierarchical.NodeTestTask.lambda$executeRecursively$9(NodeTestTask.java:139)
[INFO] [stdout] 	at org.junit.platform.engine.support.hierarchical.ThrowableCollector.execute(ThrowableCollector.java:73)
[INFO] [stdout] 	at org.junit.platform.engine.support.hierarchical.NodeTestTask.executeRecursively(NodeTestTask.java:138)
[INFO] [stdout] 	at org.junit.platform.engine.support.hierarchical.NodeTestTask.execute(NodeTestTask.java:95)
[INFO] [stdout] 	at java.base/java.util.ArrayList.forEach(ArrayList.java:1596)
[INFO] [stdout] 	at org.junit.platform.engine.support.hierarchical.SameThreadHierarchicalTestExecutorService.invokeAll(SameThreadHierarchicalTestExecutorService.java:41)
[INFO] [stdout] 	at org.junit.platform.engine.support.hierarchical.NodeTestTask.lambda$executeRecursively$6(NodeTestTask.java:155)
[INFO] [stdout] 	at org.junit.platform.engine.support.hierarchical.ThrowableCollector.execute(ThrowableCollector.java:73)
[INFO] [stdout] 	at org.junit.platform.engine.support.hierarchical.NodeTestTask.lambda$executeRecursively$8(NodeTestTask.java:141)
[INFO] [stdout] 	at org.junit.platform.engine.support.hierarchical.Node.around(Node.java:137)
[INFO] [stdout] 	at org.junit.platform.engine.support.hierarchical.NodeTestTask.lambda$executeRecursively$9(NodeTestTask.java:139)
[INFO] [stdout] 	at org.junit.platform.engine.support.hierarchical.ThrowableCollector.execute(ThrowableCollector.java:73)
[INFO] [stdout] 	at org.junit.platform.engine.support.hierarchical.NodeTestTask.executeRecursively(NodeTestTask.java:138)
[INFO] [stdout] 	at org.junit.platform.engine.support.hierarchical.NodeTestTask.execute(NodeTestTask.java:95)
[INFO] [stdout] 	at org.junit.platform.engine.support.hierarchical.SameThreadHierarchicalTestExecutorService.submit(SameThreadHierarchicalTestExecutorService.java:35)
[INFO] [stdout] 	at org.junit.platform.engine.support.hierarchical.HierarchicalTestExecutor.execute(HierarchicalTestExecutor.java:57)
[INFO] [stdout] 	at org.junit.platform.engine.support.hierarchical.HierarchicalTestEngine.execute(HierarchicalTestEngine.java:54)
[INFO] [stdout] 	at org.junit.platform.launcher.core.EngineExecutionOrchestrator.execute(EngineExecutionOrchestrator.java:198)
[INFO] [stdout] 	at org.junit.platform.launcher.core.EngineExecutionOrchestrator.execute(EngineExecutionOrchestrator.java:169)
[INFO] [stdout] 	at org.junit.platform.launcher.core.EngineExecutionOrchestrator.execute(EngineExecutionOrchestrator.java:93)
[INFO] [stdout] 	at org.junit.platform.launcher.core.EngineExecutionOrchestrator.lambda$execute$0(EngineExecutionOrchestrator.java:58)
[INFO] [stdout] 	at org.junit.platform.launcher.core.EngineExecutionOrchestrator.withInterceptedStreams(EngineExecutionOrchestrator.java:141)
[INFO] [stdout] 	at org.junit.platform.launcher.core.EngineExecutionOrchestrator.execute(EngineExecutionOrchestrator.java:57)
[INFO] [stdout] 	at org.junit.platform.launcher.core.DefaultLauncher.execute(DefaultLauncher.java:103)
[INFO] [stdout] 	at org.junit.platform.launcher.core.DefaultLauncher.execute(DefaultLauncher.java:85)
[INFO] [stdout] 	at org.junit.platform.launcher.core.DelegatingLauncher.execute(DelegatingLauncher.java:47)
[INFO] [stdout] 	at org.apache.maven.surefire.junitplatform.LazyLauncher.execute(LazyLauncher.java:50)
[INFO] [stdout] 	at org.apache.maven.surefire.junitplatform.JUnitPlatformProvider.execute(JUnitPlatformProvider.java:184)
[INFO] [stdout] 	at org.apache.maven.surefire.junitplatform.JUnitPlatformProvider.invokeAllTests(JUnitPlatformProvider.java:148)
[INFO] [stdout] 	at org.apache.maven.surefire.junitplatform.JUnitPlatformProvider.invoke(JUnitPlatformProvider.java:122)
[INFO] [stdout] 	at org.apache.maven.surefire.booter.ForkedBooter.runSuitesInProcess(ForkedBooter.java:385)
[INFO] [stdout] 	at org.apache.maven.surefire.booter.ForkedBooter.execute(ForkedBooter.java:162)
[INFO] [stdout] 	at org.apache.maven.surefire.booter.ForkedBooter.run(ForkedBooter.java:507)
[INFO] [stdout] 	at org.apache.maven.surefire.booter.ForkedBooter.main(ForkedBooter.java:495)
[INFO] [stdout] Caused by: java.net.MalformedURLException: no protocol: invalid-uri
[INFO] [stdout] 	at java.base/java.net.URL.<init>(URL.java:772)
[INFO] [stdout] 	at java.base/java.net.URL.<init>(URL.java:654)
[INFO] [stdout] 	at java.base/java.net.URL.<init>(URL.java:590)
[INFO] [stdout] 	at com.azure.storage.blob.BlobClientBuilder.endpoint(BlobClientBuilder.java:354)
[INFO] [stdout] 	... 75 common frames omitted
[INFO] [stdout] 17:41:49.507 [main] ERROR com.azure.storage.blob.BlobClientBuilder -- The Azure Storage Blob endpoint url is malformed.
[INFO] [stdout] 17:41:49.508 [main] ERROR com.azure.servicebus.largemessage.store.ReceiveOnlyBlobResolver -- Failed to download payload using SAS URI. Possible causes: expired token, invalid URI, or network error
[INFO] [stdout] java.lang.IllegalArgumentException: The Azure Storage Blob endpoint url is malformed.
[INFO] [stdout] 	at com.azure.storage.blob.BlobClientBuilder.endpoint(BlobClientBuilder.java:370)
[INFO] [stdout] 	at com.azure.servicebus.largemessage.store.ReceiveOnlyBlobResolver.getPayloadBySasUri(ReceiveOnlyBlobResolver.java:39)
[INFO] [stdout] 	at com.azure.servicebus.largemessage.store.ReceiveOnlyBlobResolverTest.lambda$testGetPayloadBySasUri_EmptyUri$2(ReceiveOnlyBlobResolverTest.java:50)
[INFO] [stdout] 	at org.junit.jupiter.api.AssertThrows.assertThrows(AssertThrows.java:53)
[INFO] [stdout] 	at org.junit.jupiter.api.AssertThrows.assertThrows(AssertThrows.java:35)
[INFO] [stdout] 	at org.junit.jupiter.api.Assertions.assertThrows(Assertions.java:3115)
[INFO] [stdout] 	at com.azure.servicebus.largemessage.store.ReceiveOnlyBlobResolverTest.testGetPayloadBySasUri_EmptyUri(ReceiveOnlyBlobResolverTest.java:49)
[INFO] [stdout] 	at java.base/jdk.internal.reflect.DirectMethodHandleAccessor.invoke(DirectMethodHandleAccessor.java:103)
[INFO] [stdout] 	at java.base/java.lang.reflect.Method.invoke(Method.java:580)
[INFO] [stdout] 	at org.junit.platform.commons.util.ReflectionUtils.invokeMethod(ReflectionUtils.java:728)
[INFO] [stdout] 	at org.junit.jupiter.engine.execution.MethodInvocation.proceed(MethodInvocation.java:60)
[INFO] [stdout] 	at org.junit.jupiter.engine.execution.InvocationInterceptorChain$ValidatingInvocation.proceed(InvocationInterceptorChain.java:131)
[INFO] [stdout] 	at org.junit.jupiter.engine.extension.TimeoutExtension.intercept(TimeoutExtension.java:156)
[INFO] [stdout] 	at org.junit.jupiter.engine.extension.TimeoutExtension.interceptTestableMethod(TimeoutExtension.java:147)
[INFO] [stdout] 	at org.junit.jupiter.engine.extension.TimeoutExtension.interceptTestMethod(TimeoutExtension.java:86)
[INFO] [stdout] 	at org.junit.jupiter.engine.execution.InterceptingExecutableInvoker$ReflectiveInterceptorCall.lambda$ofVoidMethod$0(InterceptingExecutableInvoker.java:103)
[INFO] [stdout] 	at org.junit.jupiter.engine.execution.InterceptingExecutableInvoker.lambda$invoke$0(InterceptingExecutableInvoker.java:93)
[INFO] [stdout] 	at org.junit.jupiter.engine.execution.InvocationInterceptorChain$InterceptedInvocation.proceed(InvocationInterceptorChain.java:106)
[INFO] [stdout] 	at org.junit.jupiter.engine.execution.InvocationInterceptorChain.proceed(InvocationInterceptorChain.java:64)
[INFO] [stdout] 	at org.junit.jupiter.engine.execution.InvocationInterceptorChain.chainAndInvoke(InvocationInterceptorChain.java:45)
[INFO] [stdout] 	at org.junit.jupiter.engine.execution.InvocationInterceptorChain.invoke(InvocationInterceptorChain.java:37)
[INFO] [stdout] 	at org.junit.jupiter.engine.execution.InterceptingExecutableInvoker.invoke(InterceptingExecutableInvoker.java:92)
[INFO] [stdout] 	at org.junit.jupiter.engine.execution.InterceptingExecutableInvoker.invoke(InterceptingExecutableInvoker.java:86)
[INFO] [stdout] 	at org.junit.jupiter.engine.descriptor.TestMethodTestDescriptor.lambda$invokeTestMethod$7(TestMethodTestDescriptor.java:218)
[INFO] [stdout] 	at org.junit.platform.engine.support.hierarchical.ThrowableCollector.execute(ThrowableCollector.java:73)
[INFO] [stdout] 	at org.junit.jupiter.engine.descriptor.TestMethodTestDescriptor.invokeTestMethod(TestMethodTestDescriptor.java:214)
[INFO] [stdout] 	at org.junit.jupiter.engine.descriptor.TestMethodTestDescriptor.execute(TestMethodTestDescriptor.java:139)
[INFO] [stdout] 	at org.junit.jupiter.engine.descriptor.TestMethodTestDescriptor.execute(TestMethodTestDescriptor.java:69)
[INFO] [stdout] 	at org.junit.platform.engine.support.hierarchical.NodeTestTask.lambda$executeRecursively$6(NodeTestTask.java:151)
[INFO] [stdout] 	at org.junit.platform.engine.support.hierarchical.ThrowableCollector.execute(ThrowableCollector.java:73)
[INFO] [stdout] 	at org.junit.platform.engine.support.hierarchical.NodeTestTask.lambda$executeRecursively$8(NodeTestTask.java:141)
[INFO] [stdout] 	at org.junit.platform.engine.support.hierarchical.Node.around(Node.java:137)
[INFO] [stdout] 	at org.junit.platform.engine.support.hierarchical.NodeTestTask.lambda$executeRecursively$9(NodeTestTask.java:139)
[INFO] [stdout] 	at org.junit.platform.engine.support.hierarchical.ThrowableCollector.execute(ThrowableCollector.java:73)
[INFO] [stdout] 	at org.junit.platform.engine.support.hierarchical.NodeTestTask.executeRecursively(NodeTestTask.java:138)
[INFO] [stdout] 	at org.junit.platform.engine.support.hierarchical.NodeTestTask.execute(NodeTestTask.java:95)
[INFO] [stdout] 	at java.base/java.util.ArrayList.forEach(ArrayList.java:1596)
[INFO] [stdout] 	at org.junit.platform.engine.support.hierarchical.SameThreadHierarchicalTestExecutorService.invokeAll(SameThreadHierarchicalTestExecutorService.java:41)
[INFO] [stdout] 	at org.junit.platform.engine.support.hierarchical.NodeTestTask.lambda$executeRecursively$6(NodeTestTask.java:155)
[INFO] [stdout] 	at org.junit.platform.engine.support.hierarchical.ThrowableCollector.execute(ThrowableCollector.java:73)
[INFO] [stdout] 	at org.junit.platform.engine.support.hierarchical.NodeTestTask.lambda$executeRecursively$8(NodeTestTask.java:141)
[INFO] [stdout] 	at org.junit.platform.engine.support.hierarchical.Node.around(Node.java:137)
[INFO] [stdout] 	at org.junit.platform.engine.support.hierarchical.NodeTestTask.lambda$executeRecursively$9(NodeTestTask.java:139)
[INFO] [stdout] 	at org.junit.platform.engine.support.hierarchical.ThrowableCollector.execute(ThrowableCollector.java:73)
[INFO] [stdout] 	at org.junit.platform.engine.support.hierarchical.NodeTestTask.executeRecursively(NodeTestTask.java:138)
[INFO] [stdout] 	at org.junit.platform.engine.support.hierarchical.NodeTestTask.execute(NodeTestTask.java:95)
[INFO] [stdout] 	at java.base/java.util.ArrayList.forEach(ArrayList.java:1596)
[INFO] [stdout] 	at org.junit.platform.engine.support.hierarchical.SameThreadHierarchicalTestExecutorService.invokeAll(SameThreadHierarchicalTestExecutorService.java:41)
[INFO] [stdout] 	at org.junit.platform.engine.support.hierarchical.NodeTestTask.lambda$executeRecursively$6(NodeTestTask.java:155)
[INFO] [stdout] 	at org.junit.platform.engine.support.hierarchical.ThrowableCollector.execute(ThrowableCollector.java:73)
[INFO] [stdout] 	at org.junit.platform.engine.support.hierarchical.NodeTestTask.lambda$executeRecursively$8(NodeTestTask.java:141)
[INFO] [stdout] 	at org.junit.platform.engine.support.hierarchical.Node.around(Node.java:137)
[INFO] [stdout] 	at org.junit.platform.engine.support.hierarchical.NodeTestTask.lambda$executeRecursively$9(NodeTestTask.java:139)
[INFO] [stdout] 	at org.junit.platform.engine.support.hierarchical.ThrowableCollector.execute(ThrowableCollector.java:73)
[INFO] [stdout] 	at org.junit.platform.engine.support.hierarchical.NodeTestTask.executeRecursively(NodeTestTask.java:138)
[INFO] [stdout] 	at org.junit.platform.engine.support.hierarchical.NodeTestTask.execute(NodeTestTask.java:95)
[INFO] [stdout] 	at org.junit.platform.engine.support.hierarchical.SameThreadHierarchicalTestExecutorService.submit(SameThreadHierarchicalTestExecutorService.java:35)
[INFO] [stdout] 	at org.junit.platform.engine.support.hierarchical.HierarchicalTestExecutor.execute(HierarchicalTestExecutor.java:57)
[INFO] [stdout] 	at org.junit.platform.engine.support.hierarchical.HierarchicalTestEngine.execute(HierarchicalTestEngine.java:54)
[INFO] [stdout] 	at org.junit.platform.launcher.core.EngineExecutionOrchestrator.execute(EngineExecutionOrchestrator.java:198)
[INFO] [stdout] 	at org.junit.platform.launcher.core.EngineExecutionOrchestrator.execute(EngineExecutionOrchestrator.java:169)
[INFO] [stdout] 	at org.junit.platform.launcher.core.EngineExecutionOrchestrator.execute(EngineExecutionOrchestrator.java:93)
[INFO] [stdout] 	at org.junit.platform.launcher.core.EngineExecutionOrchestrator.lambda$execute$0(EngineExecutionOrchestrator.java:58)
[INFO] [stdout] 	at org.junit.platform.launcher.core.EngineExecutionOrchestrator.withInterceptedStreams(EngineExecutionOrchestrator.java:141)
[INFO] [stdout] 	at org.junit.platform.launcher.core.EngineExecutionOrchestrator.execute(EngineExecutionOrchestrator.java:57)
[INFO] [stdout] 	at org.junit.platform.launcher.core.DefaultLauncher.execute(DefaultLauncher.java:103)
[INFO] [stdout] 	at org.junit.platform.launcher.core.DefaultLauncher.execute(DefaultLauncher.java:85)
[INFO] [stdout] 	at org.junit.platform.launcher.core.DelegatingLauncher.execute(DelegatingLauncher.java:47)
[INFO] [stdout] 	at org.apache.maven.surefire.junitplatform.LazyLauncher.execute(LazyLauncher.java:50)
[INFO] [stdout] 	at org.apache.maven.surefire.junitplatform.JUnitPlatformProvider.execute(JUnitPlatformProvider.java:184)
[INFO] [stdout] 	at org.apache.maven.surefire.junitplatform.JUnitPlatformProvider.invokeAllTests(JUnitPlatformProvider.java:148)
[INFO] [stdout] 	at org.apache.maven.surefire.junitplatform.JUnitPlatformProvider.invoke(JUnitPlatformProvider.java:122)
[INFO] [stdout] 	at org.apache.maven.surefire.booter.ForkedBooter.runSuitesInProcess(ForkedBooter.java:385)
[INFO] [stdout] 	at org.apache.maven.surefire.booter.ForkedBooter.execute(ForkedBooter.java:162)
[INFO] [stdout] 	at org.apache.maven.surefire.booter.ForkedBooter.run(ForkedBooter.java:507)
[INFO] [stdout] 	at org.apache.maven.surefire.booter.ForkedBooter.main(ForkedBooter.java:495)
[INFO] [stdout] Caused by: java.net.MalformedURLException: no protocol: 
[INFO] [stdout] 	at java.base/java.net.URL.<init>(URL.java:772)
[INFO] [stdout] 	at java.base/java.net.URL.<init>(URL.java:654)
[INFO] [stdout] 	at java.base/java.net.URL.<init>(URL.java:590)
[INFO] [stdout] 	at com.azure.storage.blob.BlobClientBuilder.endpoint(BlobClientBuilder.java:354)
[INFO] [stdout] 	... 75 common frames omitted
[INFO] Tests run: 4, Failures: 0, Errors: 0, Skipped: 0, Time elapsed: 0.05 s - in com.azure.servicebus.largemessage.store.ReceiveOnlyBlobResolverTest
[INFO] Running com.azure.servicebus.largemessage.store.DefaultBlobNameResolverTest
[INFO] Tests run: 4, Failures: 0, Errors: 0, Skipped: 0, Time elapsed: 0.007 s - in com.azure.servicebus.largemessage.store.DefaultBlobNameResolverTest
[INFO] Running com.azure.servicebus.largemessage.store.DefaultMessageBodyReplacerTest
[INFO] Tests run: 4, Failures: 0, Errors: 0, Skipped: 0, Time elapsed: 0.011 s - in com.azure.servicebus.largemessage.store.DefaultMessageBodyReplacerTest
[INFO] Running com.azure.servicebus.largemessage.config.GapImplementationConfigTest
[INFO] Running com.azure.servicebus.largemessage.config.GapImplementationConfigTest$EncryptionTests
[INFO] Tests run: 10, Failures: 0, Errors: 0, Skipped: 0, Time elapsed: 0.021 s - in com.azure.servicebus.largemessage.config.GapImplementationConfigTest$EncryptionTests
[INFO] Running com.azure.servicebus.largemessage.config.GapImplementationConfigTest$AutoCleanupConfigTests
[INFO] Tests run: 2, Failures: 0, Errors: 0, Skipped: 0, Time elapsed: 0.007 s - in com.azure.servicebus.largemessage.config.GapImplementationConfigTest$AutoCleanupConfigTests
[INFO] Running com.azure.servicebus.largemessage.config.GapImplementationConfigTest$ContentTypeConfigTests
[INFO] Tests run: 2, Failures: 0, Errors: 0, Skipped: 0, Time elapsed: 0.005 s - in com.azure.servicebus.largemessage.config.GapImplementationConfigTest$ContentTypeConfigTests
[INFO] Running com.azure.servicebus.largemessage.config.GapImplementationConfigTest$ScheduledTtlCleanupConfigTests
[INFO] Tests run: 2, Failures: 0, Errors: 0, Skipped: 0, Time elapsed: 0.005 s - in com.azure.servicebus.largemessage.config.GapImplementationConfigTest$ScheduledTtlCleanupConfigTests
[INFO] Tests run: 0, Failures: 0, Errors: 0, Skipped: 0, Time elapsed: 0.05 s - in com.azure.servicebus.largemessage.config.GapImplementationConfigTest
[INFO] Running com.azure.servicebus.largemessage.config.PlainTextConnectionStringProviderTest
[INFO] Tests run: 4, Failures: 0, Errors: 0, Skipped: 0, Time elapsed: 0.01 s - in com.azure.servicebus.largemessage.config.PlainTextConnectionStringProviderTest
[INFO] Running com.azure.servicebus.largemessage.config.DefaultMessageSizeCriteriaTest
[INFO] Tests run: 6, Failures: 0, Errors: 0, Skipped: 0, Time elapsed: 0.007 s - in com.azure.servicebus.largemessage.config.DefaultMessageSizeCriteriaTest
[INFO] Running com.azure.servicebus.largemessage.config.EncryptionConfigurationTest
[INFO] Tests run: 6, Failures: 0, Errors: 0, Skipped: 0, Time elapsed: 0.01 s - in com.azure.servicebus.largemessage.config.EncryptionConfigurationTest
[INFO] Running com.azure.servicebus.largemessage.config.LargeMessageClientConfigurationTest
[INFO] Tests run: 32, Failures: 0, Errors: 0, Skipped: 0, Time elapsed: 0.057 s - in com.azure.servicebus.largemessage.config.LargeMessageClientConfigurationTest
[INFO] Running com.azure.servicebus.largemessage.model.BlobPointerTest
[INFO] Tests run: 15, Failures: 0, Errors: 0, Skipped: 0, Time elapsed: 0.015 s - in com.azure.servicebus.largemessage.model.BlobPointerTest
[INFO] Running com.azure.servicebus.largemessage.model.LargeServiceBusMessageTest
[INFO] Tests run: 8, Failures: 0, Errors: 0, Skipped: 0, Time elapsed: 0.028 s - in com.azure.servicebus.largemessage.model.LargeServiceBusMessageTest
[INFO] 
[INFO] Results:
[INFO] 
[INFO] Tests run: 188, Failures: 0, Errors: 0, Skipped: 0
[INFO] 
[INFO] ------------------------------------------------------------------------
[INFO] BUILD SUCCESS
[INFO] ------------------------------------------------------------------------
[INFO] Total time:  01:06 min
[INFO] Finished at: 2026-02-11T17:41:49Z
[INFO] ------------------------------------------------------------------------
